Start testing: Dec 17 20:58 UTC
----------------------------------------------------------
160/310 Testing: test_l95_letkf_bound
160/310 Test: test_l95_letkf_bound
Command: "/home/nonroot/shared/oops_updated/oops/build/bin/l95_letkf.x" "testinput/letkf_bounded.yaml"
Directory: /home/nonroot/shared/oops_updated/oops/build/l95/test
"test_l95_letkf_bound" start time: Dec 17 20:58 UTC
Output:
----------------------------------------------------------
OOPS Starting 2024-12-17 20:58:37 (UTC+0000)
[TestReference] Comparing to reference file: testoutput/letkf_bound.test
Relative float tolerance for tests : 1e-06
Absolute float tolerance for tests : 0
[TestReference] Saving Test output to: testoutput/letkf_bound.out
Configuration input file is: testinput/letkf_bounded.yaml
Full configuration is:YAMLConfiguration[path=testinput/letkf_bounded.yaml, root={time window => {begin => 2010-01-01T21:00:00Z , length => PT6H} , geometry => {resol => 40} , background => {members from template => {template => {date => 2010-01-02T00:00:00Z , filename => Data/forecast.ens.%mem%.2010-01-01T00:00:00Z.P1D.l95} , pattern => %mem% , nmembers => 5}} , observations => {observers => ({obs error => {covariance model => diagonal} , obs localizations => ({localization method => Box Car , lengthscale => 0.1}) , obs space => {obsdatain => {obsfile => Data/truth3d.2010-01-02T00:00:00Z.obt} , obsdataout => {obsfile => Data/letkf.2010-01-02T00:00:00Z.obt}} , obs operator => {}})} , driver => {save prior mean => true , save posterior mean => true , save posterior mean increment => true , save posterior ensemble increments => true , save prior variance => true , save posterior variance => true , update obs config with geometry info => false} , local ensemble DA => {solver => LETKF BOUND , inflation => {rtps => 0.5 , rtpp => 0.5 , mult => 1.1}} , output => {datadir => Data , date => 2010-01-02T00:00:00Z , exp => letkf.%{member}% , type => an} , output increment => {datadir => Data , date => 2010-01-02T00:00:00Z , exp => letkf.increment.%{member}% , type => an} , output ensemble increments => {datadir => Data , date => 2010-01-02T00:00:00Z , exp => letkf.increment.%{member}% , type => an} , output mean prior => {datadir => Data , date => 2010-01-02T00:00:00Z , exp => letkf.xbmean.%{member}% , type => an} , output variance prior => {datadir => Data , date => 2010-01-02T00:00:00Z , exp => letkf.xbvar.%{member}% , type => an} , output variance posterior => {datadir => Data , date => 2010-01-02T00:00:00Z , exp => letkf.xavar.%{member}% , type => an} , test => {reference filename => testoutput/letkf_bound.test , test output filename => testoutput/letkf_bound.out}}]
OOPS_STATS ObjectCountHelper started.
OOPS_STATS Run start                                - Runtime:      0.03 sec,  Memory: total:    30.58 Mb, per task: min =    30.58 Mb, max =    30.58 Mb
Run: Starting oops::LocalEnsembleDA<Lorenz 95, Lorenz 95 Obs>
Observation window: TimeWindow: start = 2010-01-01T21:00:00Z, end = 2010-01-02T03:00:00Z, inclusive upper bound.

GeometryData::GeometryData received uninitialized FunctionSpace, so skipping set up of interpolation data structures.
OOPS_STATS LocalEnsembleDA before solver ctor       - Runtime:     0.07 sec,  Local Memory:    34.57 Mb
Multiplicative inflation will be applied with multCoeff=1.1
RTPP inflation will be applied with rtppCoeff=0.5
RTPS inflation will be applied with rtpsCoeff=0.5
Using EIGEN implementation of LETKF
Using EIGEN implementation of the BOUNDED LETKF
Test     : Initial state for member 1:
Test     :  Valid time: 2010-01-02T00:00:00Z
Test     :  Min=3.5360944731346300e+00, Max=1.1197408772662600e+01, Average=7.9097771698488781e+00
Test     : Initial state for member 2:
Test     :  Valid time: 2010-01-02T00:00:00Z
Test     :  Min=3.7750714660572902e+00, Max=1.1184390839101701e+01, Average=7.7504740680820658e+00
Test     : Initial state for member 3:
Test     :  Valid time: 2010-01-02T00:00:00Z
Test     :  Min=5.3688150613089300e+00, Max=1.0844015150837601e+01, Average=7.8057606908578121e+00
Test     : Initial state for member 4:
Test     :  Valid time: 2010-01-02T00:00:00Z
Test     :  Min=4.1463865178134700e+00, Max=1.1673384864377301e+01, Average=7.7600117472793597e+00
Test     : Initial state for member 5:
Test     :  Valid time: 2010-01-02T00:00:00Z
Test     :  Min=3.1756287528176999e+00, Max=1.0818287765402999e+01, Average=7.6024271099360359e+00
OOPS_STATS LocalEnsembleDA before computeHofX       - Runtime:     0.08 sec,  Local Memory:    34.57 Mb
config: LocalConfiguration[root={}]
Model:forecast: forecast starting: 
 Valid time: 2010-01-02T00:00:00Z
 Min=3.53609, Max=11.1974, Average=7.90978
Model:forecast: forecast finished: 
 Valid time: 2010-01-02T00:00:00Z
 Min=3.53609, Max=11.1974, Average=7.90978
ObsErrorDiag covariance updated 120
Observer::finalize QC = Lorenz 95 nobs= 120 Min=0, Max=0, Average=0
Test     : H(x) for member 1:
Test     : Lorenz 95 nobs= 120 Min=3.5360944731346300e+00, Max=1.1197408772662600e+01, Average=7.9097771698488808e+00

config: LocalConfiguration[root={}]
Model:forecast: forecast starting: 
 Valid time: 2010-01-02T00:00:00Z
 Min=3.77507, Max=11.1844, Average=7.75047
Model:forecast: forecast finished: 
 Valid time: 2010-01-02T00:00:00Z
 Min=3.77507, Max=11.1844, Average=7.75047
ObsErrorDiag covariance updated 120
ObsTable::putdb over-writing ObsBias0
Observer::finalize QC = Lorenz 95 nobs= 120 Min=0, Max=0, Average=0
Test     : H(x) for member 2:
Test     : Lorenz 95 nobs= 120 Min=3.7750714660572902e+00, Max=1.1184390839101701e+01, Average=7.7504740680820694e+00

config: LocalConfiguration[root={}]
Model:forecast: forecast starting: 
 Valid time: 2010-01-02T00:00:00Z
 Min=5.36882, Max=10.844, Average=7.80576
Model:forecast: forecast finished: 
 Valid time: 2010-01-02T00:00:00Z
 Min=5.36882, Max=10.844, Average=7.80576
ObsErrorDiag covariance updated 120
ObsTable::putdb over-writing ObsBias0
Observer::finalize QC = Lorenz 95 nobs= 120 Min=0, Max=0, Average=0
Test     : H(x) for member 3:
Test     : Lorenz 95 nobs= 120 Min=5.3688150613089300e+00, Max=1.0844015150837601e+01, Average=7.8057606908578174e+00

config: LocalConfiguration[root={}]
Model:forecast: forecast starting: 
 Valid time: 2010-01-02T00:00:00Z
 Min=4.14639, Max=11.6734, Average=7.76001
Model:forecast: forecast finished: 
 Valid time: 2010-01-02T00:00:00Z
 Min=4.14639, Max=11.6734, Average=7.76001
ObsErrorDiag covariance updated 120
ObsTable::putdb over-writing ObsBias0
Observer::finalize QC = Lorenz 95 nobs= 120 Min=0, Max=0, Average=0
Test     : H(x) for member 4:
Test     : Lorenz 95 nobs= 120 Min=4.1463865178134700e+00, Max=1.1673384864377301e+01, Average=7.7600117472793606e+00

config: LocalConfiguration[root={}]
Model:forecast: forecast starting: 
 Valid time: 2010-01-02T00:00:00Z
 Min=3.17563, Max=10.8183, Average=7.60243
Model:forecast: forecast finished: 
 Valid time: 2010-01-02T00:00:00Z
 Min=3.17563, Max=10.8183, Average=7.60243
ObsErrorDiag covariance updated 120
ObsTable::putdb over-writing ObsBias0
Observer::finalize QC = Lorenz 95 nobs= 120 Min=0, Max=0, Average=0
Test     : H(x) for member 5:
Test     : Lorenz 95 nobs= 120 Min=3.1756287528176999e+00, Max=1.0818287765402999e+01, Average=7.6024271099360394e+00

config: LocalConfiguration[root={}]
Model:forecast: forecast starting: 
 Valid time: 2010-01-02T00:00:00Z
 Min=5.25199, Max=9.50208, Average=7.76569
Model:forecast: forecast finished: 
 Valid time: 2010-01-02T00:00:00Z
 Min=5.25199, Max=9.50208, Average=7.76569
ObsErrorDiag covariance updated 120
ObsTable::putdb over-writing ObsBias0
Observer::finalize QC = Lorenz 95 nobs= 120 Min=0, Max=0, Average=0
ObsTable::putdb over-writing ObsError
----------------------------------
DCC: COMPUTING HofX
Test     : H(x) ensemble background mean: 
Test     : Lorenz 95 nobs= 120 Min=5.2519885916484164e+00, Max=9.5020752396112194e+00, Average=7.7656901572008303e+00

Test     : background y - H(x): 
Test     : Lorenz 95 nobs= 120 Min=-1.4837852396112190e+00, Max=2.7440514083515835e+00, Average=2.4570017613250186e-01

Test     : Background mean :
Test     :  Valid time: 2010-01-02T00:00:00Z
Test     :  Min=5.2519885916484164e+00, Max=9.5020752396112176e+00, Average=7.7656901572008321e+00
Beginning core local solver...
OOPS_STATS LocalEnsembleDA before solver            - Runtime:      0.09 sec,  Memory: total:    34.98 Mb, per task: min =    34.98 Mb, max =    34.98 Mb
DCC: Using measurementUpdate in the BOUNDEDD LETKF
DCC: iens: 0
DCC: iens: 1
DCC: iens: 2
DCC: iens: 3
DCC: iens: 4
p: 24
DCC: I + Rr^(-1): 5 0 0 0 0 0 0 0 0 0 0 0 0 0 0 0 0 0 0 0 0 0 0 0
0 5 0 0 0 0 0 0 0 0 0 0 0 0 0 0 0 0 0 0 0 0 0 0
0 0 5 0 0 0 0 0 0 0 0 0 0 0 0 0 0 0 0 0 0 0 0 0
0 0 0 5 0 0 0 0 0 0 0 0 0 0 0 0 0 0 0 0 0 0 0 0
0 0 0 0 5 0 0 0 0 0 0 0 0 0 0 0 0 0 0 0 0 0 0 0
0 0 0 0 0 5 0 0 0 0 0 0 0 0 0 0 0 0 0 0 0 0 0 0
0 0 0 0 0 0 5 0 0 0 0 0 0 0 0 0 0 0 0 0 0 0 0 0
0 0 0 0 0 0 0 5 0 0 0 0 0 0 0 0 0 0 0 0 0 0 0 0
0 0 0 0 0 0 0 0 5 0 0 0 0 0 0 0 0 0 0 0 0 0 0 0
0 0 0 0 0 0 0 0 0 5 0 0 0 0 0 0 0 0 0 0 0 0 0 0
0 0 0 0 0 0 0 0 0 0 5 0 0 0 0 0 0 0 0 0 0 0 0 0
0 0 0 0 0 0 0 0 0 0 0 5 0 0 0 0 0 0 0 0 0 0 0 0
0 0 0 0 0 0 0 0 0 0 0 0 5 0 0 0 0 0 0 0 0 0 0 0
0 0 0 0 0 0 0 0 0 0 0 0 0 5 0 0 0 0 0 0 0 0 0 0
0 0 0 0 0 0 0 0 0 0 0 0 0 0 5 0 0 0 0 0 0 0 0 0
0 0 0 0 0 0 0 0 0 0 0 0 0 0 0 5 0 0 0 0 0 0 0 0
0 0 0 0 0 0 0 0 0 0 0 0 0 0 0 0 5 0 0 0 0 0 0 0
0 0 0 0 0 0 0 0 0 0 0 0 0 0 0 0 0 5 0 0 0 0 0 0
0 0 0 0 0 0 0 0 0 0 0 0 0 0 0 0 0 0 5 0 0 0 0 0
0 0 0 0 0 0 0 0 0 0 0 0 0 0 0 0 0 0 0 5 0 0 0 0
0 0 0 0 0 0 0 0 0 0 0 0 0 0 0 0 0 0 0 0 5 0 0 0
0 0 0 0 0 0 0 0 0 0 0 0 0 0 0 0 0 0 0 0 0 5 0 0
0 0 0 0 0 0 0 0 0 0 0 0 0 0 0 0 0 0 0 0 0 0 5 0
0 0 0 0 0 0 0 0 0 0 0 0 0 0 0 0 0 0 0 0 0 0 0 5
DCC: local_R_mat: 0.0751166         0         0         0         0         0         0         0         0         0         0         0         0         0         0         0         0         0         0         0         0         0         0         0
        0 0.0718663         0         0         0         0         0         0         0         0         0         0         0         0         0         0         0         0         0         0         0         0         0         0
        0         0 0.0773881         0         0         0         0         0         0         0         0         0         0         0         0         0         0         0         0         0         0         0         0         0
        0         0         0 0.0840886         0         0         0         0         0         0         0         0         0         0         0         0         0         0         0         0         0         0         0         0
        0         0         0         0 0.0782167         0         0         0         0         0         0         0         0         0         0         0         0         0         0         0         0         0         0         0
        0         0         0         0         0 0.0767022         0         0         0         0         0         0         0         0         0         0         0         0         0         0         0         0         0         0
        0         0         0         0         0         0 0.0815314         0         0         0         0         0         0         0         0         0         0         0         0         0         0         0         0         0
        0         0         0         0         0         0         0 0.0812357         0         0         0         0         0         0         0         0         0         0         0         0         0         0         0         0
        0         0         0         0         0         0         0         0 0.0751161         0         0         0         0         0         0         0         0         0         0         0         0         0         0         0
        0         0         0         0         0         0         0         0         0 0.0718633         0         0         0         0         0         0         0         0         0         0         0         0         0         0
        0         0         0         0         0         0         0         0         0         0  0.077374         0         0         0         0         0         0         0         0         0         0         0         0         0
        0         0         0         0         0         0         0         0         0         0         0 0.0840317         0         0         0         0         0         0         0         0         0         0         0         0
        0         0         0         0         0         0         0         0         0         0         0         0 0.0782167         0         0         0         0         0         0         0         0         0         0         0
        0         0         0         0         0         0         0         0         0         0         0         0         0 0.0767022         0         0         0         0         0         0         0         0         0         0
        0         0         0         0         0         0         0         0         0         0         0         0         0         0 0.0815314         0         0         0         0         0         0         0         0         0
        0         0         0         0         0         0         0         0         0         0         0         0         0         0         0 0.0812356         0         0         0         0         0         0         0         0
        0         0         0         0         0         0         0         0         0         0         0         0         0         0         0         0 0.0751151         0         0         0         0         0         0         0
        0         0         0         0         0         0         0         0         0         0         0         0         0         0         0         0         0 0.0718589         0         0         0         0         0         0
        0         0         0         0         0         0         0         0         0         0         0         0         0         0         0         0         0         0 0.0773542         0         0         0         0         0
        0         0         0         0         0         0         0         0         0         0         0         0         0         0         0         0         0         0         0 0.0839566         0         0         0         0
        0         0         0         0         0         0         0         0         0         0         0         0         0         0         0         0         0         0         0         0 0.0782167         0         0         0
        0         0         0         0         0         0         0         0         0         0         0         0         0         0         0         0         0         0         0         0         0 0.0767022         0         0
        0         0         0         0         0         0         0         0         0         0         0         0         0         0         0         0         0         0         0         0         0         0 0.0815313         0
        0         0         0         0         0         0         0         0         0         0         0         0         0         0         0         0         0         0         0         0         0         0         0 0.0812354
DCC: local_invVarR_vec: 13.3126
13.9147
12.9219
11.8922
 12.785
13.0374
12.2652
12.3099
13.3127
13.9153
12.9242
11.9003
 12.785
13.0374
12.2652
12.3099
13.3129
13.9162
12.9275
11.9109
 12.785
13.0374
12.2652
12.3099
DCC: Obs found in this local volume. Do normal LETKF update
DCC: Using computeWeights in the BOUNDED LETKF
DCC: Yb_f:   -1.59026   -1.98234   0.289024    2.72035    1.16981    1.23019    1.19227   0.109318   -1.59026   -1.98234   0.289024    2.72035    1.16981    1.23019    1.19227   0.109318   -1.59026   -1.98234   0.289024    2.72035    1.16981    1.23019    1.19227   0.109318
   1.82056   -0.04552  -0.764083  -0.968548   -2.99197   -2.71747   0.200164    2.48196    1.82056   -0.04552  -0.764083  -0.968548   -2.99197   -2.71747   0.200164    2.48196    1.82056   -0.04552  -0.764083  -0.968548   -2.99197   -2.71747   0.200164    2.48196
 -0.191024  -0.898003 -0.0133683   0.596635   -1.46473   -2.26382  -0.425761   0.695842  -0.191024  -0.898003 -0.0133683   0.596635   -1.46473   -2.26382  -0.425761   0.695842  -0.191024  -0.898003 -0.0133683   0.596635   -1.46473   -2.26382  -0.425761   0.695842
  0.150289    1.05622  -0.245014   -1.15213    1.64721    3.04792   0.802008   -1.17031   0.150289    1.05622  -0.245014   -1.15213    1.64721    3.04792   0.802008   -1.17031   0.150289    1.05622  -0.245014   -1.15213    1.64721    3.04792   0.802008   -1.17031
 -0.189568    1.86964   0.733441   -1.19631    1.63969   0.703189   -1.76869   -2.11682  -0.189568    1.86964   0.733441   -1.19631    1.63969   0.703189   -1.76869   -2.11682  -0.189568    1.86964   0.733441   -1.19631    1.63969   0.703189   -1.76869   -2.11682
DCC: YobsPert_f: 7.88348 8.73116 7.72543 8.16347  8.2441 8.51608 8.23168 8.26743  7.7026 7.65055 7.88119 7.96536 8.04348 8.03582 7.93029 8.26369 7.39221 8.24297 8.34103 7.59825 7.44881 7.55334 8.08003 8.25967
8.23017 7.40475 7.61898 7.40429 8.51932 7.61281 7.89082 7.61008 7.76783 7.62055 7.82731 7.12176  7.4174 8.28436  8.0044 8.16068 8.54301 8.11665 8.12824 8.68035 8.22775 8.63511 7.87002 7.97983
7.64604   8.095 8.26739 8.36033 7.80303 7.73508 7.73986 8.22242 8.35529 7.98619 7.98975 8.85907 8.69976  8.1225 8.15031 7.35182 8.06816 7.53514 8.54873 8.01475 7.91774 7.82717 7.58342 8.04837
8.46901 8.27973 8.19485 7.73794 7.71667 8.36951 8.07392 7.53295 7.71069 8.67073 8.30869 8.08374 7.52186 8.14147 7.99149 8.07963 7.74308 8.65851 7.26838 7.38724 8.46628 8.26628 8.43109 7.85788
7.77175 7.49191 8.20681 8.39611 7.71688 7.76651 8.06372 8.36717 8.46433 8.07618 8.01376 8.05937 8.31749 7.41586 7.92352 8.14428 8.25479 7.45338 7.74457 8.44456 7.93941  7.7181 8.03549 7.85445
DCC: y_obs: 8.00009
8.00051
8.00269
8.01243
      8
      8
      8
8.00001
8.00015
8.00084
8.00414
8.01786
      8
      8
      8
8.00002
8.00025
8.00133
8.00619
8.02503
      8
      8
8.00001
8.00004
DCC: diagInvR_f: 13.3126
13.9147
12.9219
11.8922
 12.785
13.0374
12.2652
12.3099
13.3127
13.9153
12.9242
11.9003
 12.785
13.0374
12.2652
12.3099
13.3129
13.9162
12.9275
11.9109
 12.785
13.0374
12.2652
12.3099
DCC: ybmean_f:  8.3203
8.69615
8.07347
 7.4211
7.99062
8.14839
7.66576
7.69365
 8.3203
8.69615
8.07347
 7.4211
7.99062
8.14839
7.66576
7.69365
 8.3203
8.69615
8.07347
 7.4211
7.99062
8.14839
7.66576
7.69365
DCC: yHofx_f: 66.5632
69.5737
64.6095
59.4611
63.9249
65.1871
61.3261
61.5493
66.5637
69.5765
64.6212
59.5014
63.9249
65.1871
61.3261
61.5493
66.5645
69.5808
64.6377
59.5546
63.9249
65.1871
61.3262
61.5495
DCC: YobsPert_f: 8.11843 7.33101  8.2899 7.86418 7.76313 7.51519 7.77484 7.74124 8.30919 8.36717 8.12901 8.07071 7.95675 7.96434 8.07032 7.74476  8.6583 7.76678 7.68479 8.47578 8.59197 8.47307 7.92078 7.74857
7.77644 8.64421 8.40573 8.67052 7.51234 8.40688 8.11069 8.40992 8.23942  8.4001 8.18496 9.02671 8.62836  7.7254  7.9956 7.84252 7.49197 7.88765 7.88597 7.41918 7.77855  7.4116 8.13214  8.0203
8.37053 7.90712 7.74646   7.679 8.20194 8.27399 8.26888 7.78362 7.66011 8.01552 8.01856 7.25653 7.35652 7.87935 7.85247 8.70538 7.93291 8.49636 7.49809 8.03533 8.08311 8.17664 8.43948   7.952
7.55714  7.7307 7.81504 8.29666 8.29373  7.6468 7.92676 8.49603 8.30047  7.3827 7.71075 7.95252 8.50853 7.86099 8.00852 7.92119 8.26597 7.39403 8.81889 8.71788  7.5594  7.7423 7.59097 8.14477
8.23514 8.54364 7.80365 7.64628 8.29351 8.24051 7.93679 7.64896 7.56142  7.9262 7.99453 7.97656 7.69463 8.63015 8.07722 7.85832 7.75356 8.58956 8.27665 7.62635 8.06105  8.2922 7.96468 8.14833
DCC: HXb_f: 6.73004 6.71382 8.36249 10.1415 9.16042 9.37858 8.85803 7.80297 6.73004 6.71382 8.36249 10.1415 9.16042 9.37858 8.85803 7.80297 6.73004 6.71382 8.36249 10.1415 9.16042 9.37858 8.85803 7.80297
10.1409 8.65063 7.30938 6.45255 4.99865 5.43093 7.86593 10.1756 10.1409 8.65063 7.30938 6.45255 4.99865 5.43093 7.86593 10.1756 10.1409 8.65063 7.30938 6.45255 4.99865 5.43093 7.86593 10.1756
8.12928 7.79815  8.0601 8.01774 6.52589 5.88457    7.24 8.38949 8.12928 7.79815  8.0601 8.01774 6.52589 5.88457    7.24 8.38949 8.12928 7.79815  8.0601 8.01774 6.52589 5.88457    7.24 8.38949
8.47059 9.75237 7.82845 6.26897 9.63782 11.1963 8.46777 6.52334 8.47059 9.75237 7.82845 6.26897 9.63782 11.1963 8.46777 6.52334 8.47059 9.75237 7.82845 6.26897 9.63782 11.1963 8.46777 6.52334
8.13073 10.5658 8.80691 6.22479 9.63031 8.85158 5.89708 5.57683 8.13073 10.5658 8.80691 6.22479 9.63031 8.85158 5.89708 5.57683 8.13073 10.5658 8.80691 6.22479 9.63031 8.85158 5.89708 5.57683
DCC: ybmean matrix:  8.3203 8.69615 8.07347  7.4211 7.99062 8.14839 7.66576 7.69365  8.3203 8.69615 8.07347  7.4211 7.99062 8.14839 7.66576 7.69365  8.3203 8.69615 8.07347  7.4211 7.99062 8.14839 7.66576 7.69365
 8.3203 8.69615 8.07347  7.4211 7.99062 8.14839 7.66576 7.69365  8.3203 8.69615 8.07347  7.4211 7.99062 8.14839 7.66576 7.69365  8.3203 8.69615 8.07347  7.4211 7.99062 8.14839 7.66576 7.69365
 8.3203 8.69615 8.07347  7.4211 7.99062 8.14839 7.66576 7.69365  8.3203 8.69615 8.07347  7.4211 7.99062 8.14839 7.66576 7.69365  8.3203 8.69615 8.07347  7.4211 7.99062 8.14839 7.66576 7.69365
 8.3203 8.69615 8.07347  7.4211 7.99062 8.14839 7.66576 7.69365  8.3203 8.69615 8.07347  7.4211 7.99062 8.14839 7.66576 7.69365  8.3203 8.69615 8.07347  7.4211 7.99062 8.14839 7.66576 7.69365
 8.3203 8.69615 8.07347  7.4211 7.99062 8.14839 7.66576 7.69365  8.3203 8.69615 8.07347  7.4211 7.99062 8.14839 7.66576 7.69365  8.3203 8.69615 8.07347  7.4211 7.99062 8.14839 7.66576 7.69365
DCC: ComputeWeights in the BOUNDED LETKF COMPLETED
DCC: Using applyWeights in the BOUNDED LETKF
DCC: ApplyWeights in the BOUNDED LETKF COMPLETED
DCC: Using measurementUpdate in the BOUNDEDD LETKF
DCC: iens: 0
DCC: iens: 1
DCC: iens: 2
DCC: iens: 3
DCC: iens: 4
p: 24
DCC: I + Rr^(-1): 5 0 0 0 0 0 0 0 0 0 0 0 0 0 0 0 0 0 0 0 0 0 0 0
0 5 0 0 0 0 0 0 0 0 0 0 0 0 0 0 0 0 0 0 0 0 0 0
0 0 5 0 0 0 0 0 0 0 0 0 0 0 0 0 0 0 0 0 0 0 0 0
0 0 0 5 0 0 0 0 0 0 0 0 0 0 0 0 0 0 0 0 0 0 0 0
0 0 0 0 5 0 0 0 0 0 0 0 0 0 0 0 0 0 0 0 0 0 0 0
0 0 0 0 0 5 0 0 0 0 0 0 0 0 0 0 0 0 0 0 0 0 0 0
0 0 0 0 0 0 5 0 0 0 0 0 0 0 0 0 0 0 0 0 0 0 0 0
0 0 0 0 0 0 0 5 0 0 0 0 0 0 0 0 0 0 0 0 0 0 0 0
0 0 0 0 0 0 0 0 5 0 0 0 0 0 0 0 0 0 0 0 0 0 0 0
0 0 0 0 0 0 0 0 0 5 0 0 0 0 0 0 0 0 0 0 0 0 0 0
0 0 0 0 0 0 0 0 0 0 5 0 0 0 0 0 0 0 0 0 0 0 0 0
0 0 0 0 0 0 0 0 0 0 0 5 0 0 0 0 0 0 0 0 0 0 0 0
0 0 0 0 0 0 0 0 0 0 0 0 5 0 0 0 0 0 0 0 0 0 0 0
0 0 0 0 0 0 0 0 0 0 0 0 0 5 0 0 0 0 0 0 0 0 0 0
0 0 0 0 0 0 0 0 0 0 0 0 0 0 5 0 0 0 0 0 0 0 0 0
0 0 0 0 0 0 0 0 0 0 0 0 0 0 0 5 0 0 0 0 0 0 0 0
0 0 0 0 0 0 0 0 0 0 0 0 0 0 0 0 5 0 0 0 0 0 0 0
0 0 0 0 0 0 0 0 0 0 0 0 0 0 0 0 0 5 0 0 0 0 0 0
0 0 0 0 0 0 0 0 0 0 0 0 0 0 0 0 0 0 5 0 0 0 0 0
0 0 0 0 0 0 0 0 0 0 0 0 0 0 0 0 0 0 0 5 0 0 0 0
0 0 0 0 0 0 0 0 0 0 0 0 0 0 0 0 0 0 0 0 5 0 0 0
0 0 0 0 0 0 0 0 0 0 0 0 0 0 0 0 0 0 0 0 0 5 0 0
0 0 0 0 0 0 0 0 0 0 0 0 0 0 0 0 0 0 0 0 0 0 5 0
0 0 0 0 0 0 0 0 0 0 0 0 0 0 0 0 0 0 0 0 0 0 0 5
DCC: local_R_mat: 0.0751166         0         0         0         0         0         0         0         0         0         0         0         0         0         0         0         0         0         0         0         0         0         0         0
        0 0.0718663         0         0         0         0         0         0         0         0         0         0         0         0         0         0         0         0         0         0         0         0         0         0
        0         0 0.0773881         0         0         0         0         0         0         0         0         0         0         0         0         0         0         0         0         0         0         0         0         0
        0         0         0 0.0840886         0         0         0         0         0         0         0         0         0         0         0         0         0         0         0         0         0         0         0         0
        0         0         0         0 0.0827647         0         0         0         0         0         0         0         0         0         0         0         0         0         0         0         0         0         0         0
        0         0         0         0         0 0.0767022         0         0         0         0         0         0         0         0         0         0         0         0         0         0         0         0         0         0
        0         0         0         0         0         0 0.0815314         0         0         0         0         0         0         0         0         0         0         0         0         0         0         0         0         0
        0         0         0         0         0         0         0 0.0812357         0         0         0         0         0         0         0         0         0         0         0         0         0         0         0         0
        0         0         0         0         0         0         0         0 0.0751161         0         0         0         0         0         0         0         0         0         0         0         0         0         0         0
        0         0         0         0         0         0         0         0         0 0.0718633         0         0         0         0         0         0         0         0         0         0         0         0         0         0
        0         0         0         0         0         0         0         0         0         0  0.077374         0         0         0         0         0         0         0         0         0         0         0         0         0
        0         0         0         0         0         0         0         0         0         0         0 0.0840317         0         0         0         0         0         0         0         0         0         0         0         0
        0         0         0         0         0         0         0         0         0         0         0         0 0.0825936         0         0         0         0         0         0         0         0         0         0         0
        0         0         0         0         0         0         0         0         0         0         0         0         0 0.0767022         0         0         0         0         0         0         0         0         0         0
        0         0         0         0         0         0         0         0         0         0         0         0         0         0 0.0815314         0         0         0         0         0         0         0         0         0
        0         0         0         0         0         0         0         0         0         0         0         0         0         0         0 0.0812356         0         0         0         0         0         0         0         0
        0         0         0         0         0         0         0         0         0         0         0         0         0         0         0         0 0.0751151         0         0         0         0         0         0         0
        0         0         0         0         0         0         0         0         0         0         0         0         0         0         0         0         0 0.0718589         0         0         0         0         0         0
        0         0         0         0         0         0         0         0         0         0         0         0         0         0         0         0         0         0 0.0773542         0         0         0         0         0
        0         0         0         0         0         0         0         0         0         0         0         0         0         0         0         0         0         0         0 0.0839566         0         0         0         0
        0         0         0         0         0         0         0         0         0         0         0         0         0         0         0         0         0         0         0         0 0.0823846         0         0         0
        0         0         0         0         0         0         0         0         0         0         0         0         0         0         0         0         0         0         0         0         0 0.0767022         0         0
        0         0         0         0         0         0         0         0         0         0         0         0         0         0         0         0         0         0         0         0         0         0 0.0815313         0
        0         0         0         0         0         0         0         0         0         0         0         0         0         0         0         0         0         0         0         0         0         0         0 0.0812354
DCC: local_invVarR_vec: 13.3126
13.9147
12.9219
11.8922
12.0824
13.0374
12.2652
12.3099
13.3127
13.9153
12.9242
11.9003
12.1075
13.0374
12.2652
12.3099
13.3129
13.9162
12.9275
11.9109
12.1382
13.0374
12.2652
12.3099
DCC: Obs found in this local volume. Do normal LETKF update
DCC: Using computeWeights in the BOUNDED LETKF
DCC: Yb_f:   -1.59026   -1.98234   0.289024    2.72035    2.16368    1.23019    1.19227   0.109318   -1.59026   -1.98234   0.289024    2.72035    2.16368    1.23019    1.19227   0.109318   -1.59026   -1.98234   0.289024    2.72035    2.16368    1.23019    1.19227   0.109318
   1.82056   -0.04552  -0.764083  -0.968548  -0.819999   -2.71747   0.200164    2.48196    1.82056   -0.04552  -0.764083  -0.968548  -0.819999   -2.71747   0.200164    2.48196    1.82056   -0.04552  -0.764083  -0.968548  -0.819999   -2.71747   0.200164    2.48196
 -0.191024  -0.898003 -0.0133683   0.596635  -0.120569   -2.26382  -0.425761   0.695842  -0.191024  -0.898003 -0.0133683   0.596635  -0.120569   -2.26382  -0.425761   0.695842  -0.191024  -0.898003 -0.0133683   0.596635  -0.120569   -2.26382  -0.425761   0.695842
  0.150289    1.05622  -0.245014   -1.15213   -1.00523    3.04792   0.802008   -1.17031   0.150289    1.05622  -0.245014   -1.15213   -1.00523    3.04792   0.802008   -1.17031   0.150289    1.05622  -0.245014   -1.15213   -1.00523    3.04792   0.802008   -1.17031
 -0.189568    1.86964   0.733441   -1.19631  -0.217886   0.703189   -1.76869   -2.11682  -0.189568    1.86964   0.733441   -1.19631  -0.217886   0.703189   -1.76869   -2.11682  -0.189568    1.86964   0.733441   -1.19631  -0.217886   0.703189   -1.76869   -2.11682
DCC: YobsPert_f: 7.88348 8.73116 7.72543 8.16347 8.12678 8.51608 8.23168 8.26743  7.7026 7.65055 7.88119 7.96536 7.98277 8.03582 7.93029 8.26369 7.39221 8.24297 8.34103 7.59825 7.95486 7.55334 8.08003 8.25967
8.23017 7.40475 7.61898 7.40429 8.71299 7.61281 7.89082 7.61008 7.76783 7.62055 7.82731 7.12176 7.82735 8.28436  8.0044 8.16068 8.54301 8.11665 8.12824 8.68035 8.13718 8.63511 7.87002 7.97983
7.64604   8.095 8.26739 8.36033 7.67227 7.73508 7.73986 8.22242 8.35529 7.98619 7.98975 8.85907 8.47696  8.1225 8.15031 7.35182 8.06816 7.53514 8.54873 8.01475  7.7908 7.82717 7.58342 8.04837
8.46901 8.27973 8.19485 7.73794 7.47467 8.36951 8.07392 7.53295 7.71069 8.67073 8.30869 8.08374 8.16188 8.14147 7.99149 8.07963 7.74308 8.65851 7.26838 7.38724 8.13651 8.26628 8.43109 7.85788
7.77175 7.49191 8.20681 8.39611 8.25733 7.76651 8.06372 8.36717 8.46433 8.07618 8.01376 8.05937 7.87849 7.41586 7.92352 8.14428 8.25479 7.45338 7.74457 8.44456  8.4104  7.7181 8.03549 7.85445
DCC: y_obs: 8.00009
8.00051
8.00269
8.01243
8.04881
      8
      8
8.00001
8.00015
8.00084
8.00414
8.01786
8.06549
      8
      8
8.00002
8.00025
8.00133
8.00619
8.02503
8.08595
      8
8.00001
8.00004
DCC: diagInvR_f: 13.3126
13.9147
12.9219
11.8922
12.0824
13.0374
12.2652
12.3099
13.3127
13.9153
12.9242
11.9003
12.1075
13.0374
12.2652
12.3099
13.3129
13.9162
12.9275
11.9109
12.1382
13.0374
12.2652
12.3099
DCC: ybmean_f:  8.3203
8.69615
8.07347
 7.4211
7.50573
8.14839
7.66576
7.69365
 8.3203
8.69615
8.07347
 7.4211
7.50573
8.14839
7.66576
7.69365
 8.3203
8.69615
8.07347
 7.4211
7.50573
8.14839
7.66576
7.69365
DCC: yHofx_f: 66.5632
69.5737
64.6095
59.4611
60.4122
65.1871
61.3261
61.5493
66.5637
69.5765
64.6212
59.5014
60.5374
65.1871
61.3261
61.5493
66.5645
69.5808
64.6377
59.5546
 60.691
65.1871
61.3262
61.5495
DCC: YobsPert_f: 8.11843 7.33101  8.2899 7.86418 7.97159 7.51519 7.77484 7.74124 8.30919 8.36717 8.12901 8.07071 8.14906 7.96434 8.07032 7.74476  8.6583 7.76678 7.68479 8.47578  8.2192 8.47307 7.92078 7.74857
7.77644 8.64421 8.40573 8.67052 7.43526 8.40688 8.11069 8.40992 8.23942  8.4001 8.18496 9.02671 8.31087  7.7254  7.9956 7.84252 7.49197 7.88765 7.88597 7.41918 8.03504  7.4116 8.13214  8.0203
8.37053 7.90712 7.74646   7.679 8.44383 8.27399 8.26888 7.78362 7.66011 8.01552 8.01856 7.25653 7.67399 7.87935 7.85247 8.70538 7.93291 8.49636 7.49809 8.03533 8.39228 8.17664 8.43948   7.952
7.55714  7.7307 7.81504 8.29666 8.66705  7.6468 7.92676 8.49603 8.30047  7.3827 7.71075 7.95252 7.97024 7.86099 8.00852 7.92119 8.26597 7.39403 8.81889 8.71788  8.0357  7.7423 7.59097 8.14477
8.23514 8.54364 7.80365 7.64628 7.84555 8.24051 7.93679 7.64896 7.56142  7.9262 7.99453 7.97656 8.25693 8.63015 8.07722 7.85832 7.75356 8.58956 8.27665 7.62635 7.77401  8.2922 7.96468 8.14833
DCC: HXb_f: 6.73004 6.71382 8.36249 10.1415 9.66941 9.37858 8.85803 7.80297 6.73004 6.71382 8.36249 10.1415 9.66941 9.37858 8.85803 7.80297 6.73004 6.71382 8.36249 10.1415 9.66941 9.37858 8.85803 7.80297
10.1409 8.65063 7.30938 6.45255 6.68573 5.43093 7.86593 10.1756 10.1409 8.65063 7.30938 6.45255 6.68573 5.43093 7.86593 10.1756 10.1409 8.65063 7.30938 6.45255 6.68573 5.43093 7.86593 10.1756
8.12928 7.79815  8.0601 8.01774 7.38516 5.88457    7.24 8.38949 8.12928 7.79815  8.0601 8.01774 7.38516 5.88457    7.24 8.38949 8.12928 7.79815  8.0601 8.01774 7.38516 5.88457    7.24 8.38949
8.47059 9.75237 7.82845 6.26897  6.5005 11.1963 8.46777 6.52334 8.47059 9.75237 7.82845 6.26897  6.5005 11.1963 8.46777 6.52334 8.47059 9.75237 7.82845 6.26897  6.5005 11.1963 8.46777 6.52334
8.13073 10.5658 8.80691 6.22479 7.28784 8.85158 5.89708 5.57683 8.13073 10.5658 8.80691 6.22479 7.28784 8.85158 5.89708 5.57683 8.13073 10.5658 8.80691 6.22479 7.28784 8.85158 5.89708 5.57683
DCC: ybmean matrix:  8.3203 8.69615 8.07347  7.4211 7.50573 8.14839 7.66576 7.69365  8.3203 8.69615 8.07347  7.4211 7.50573 8.14839 7.66576 7.69365  8.3203 8.69615 8.07347  7.4211 7.50573 8.14839 7.66576 7.69365
 8.3203 8.69615 8.07347  7.4211 7.50573 8.14839 7.66576 7.69365  8.3203 8.69615 8.07347  7.4211 7.50573 8.14839 7.66576 7.69365  8.3203 8.69615 8.07347  7.4211 7.50573 8.14839 7.66576 7.69365
 8.3203 8.69615 8.07347  7.4211 7.50573 8.14839 7.66576 7.69365  8.3203 8.69615 8.07347  7.4211 7.50573 8.14839 7.66576 7.69365  8.3203 8.69615 8.07347  7.4211 7.50573 8.14839 7.66576 7.69365
 8.3203 8.69615 8.07347  7.4211 7.50573 8.14839 7.66576 7.69365  8.3203 8.69615 8.07347  7.4211 7.50573 8.14839 7.66576 7.69365  8.3203 8.69615 8.07347  7.4211 7.50573 8.14839 7.66576 7.69365
 8.3203 8.69615 8.07347  7.4211 7.50573 8.14839 7.66576 7.69365  8.3203 8.69615 8.07347  7.4211 7.50573 8.14839 7.66576 7.69365  8.3203 8.69615 8.07347  7.4211 7.50573 8.14839 7.66576 7.69365
DCC: ComputeWeights in the BOUNDED LETKF COMPLETED
DCC: Using applyWeights in the BOUNDED LETKF
DCC: ApplyWeights in the BOUNDED LETKF COMPLETED
DCC: Using measurementUpdate in the BOUNDEDD LETKF
DCC: iens: 0
DCC: iens: 1
DCC: iens: 2
DCC: iens: 3
DCC: iens: 4
p: 24
DCC: I + Rr^(-1): 5 0 0 0 0 0 0 0 0 0 0 0 0 0 0 0 0 0 0 0 0 0 0 0
0 5 0 0 0 0 0 0 0 0 0 0 0 0 0 0 0 0 0 0 0 0 0 0
0 0 5 0 0 0 0 0 0 0 0 0 0 0 0 0 0 0 0 0 0 0 0 0
0 0 0 5 0 0 0 0 0 0 0 0 0 0 0 0 0 0 0 0 0 0 0 0
0 0 0 0 5 0 0 0 0 0 0 0 0 0 0 0 0 0 0 0 0 0 0 0
0 0 0 0 0 5 0 0 0 0 0 0 0 0 0 0 0 0 0 0 0 0 0 0
0 0 0 0 0 0 5 0 0 0 0 0 0 0 0 0 0 0 0 0 0 0 0 0
0 0 0 0 0 0 0 5 0 0 0 0 0 0 0 0 0 0 0 0 0 0 0 0
0 0 0 0 0 0 0 0 5 0 0 0 0 0 0 0 0 0 0 0 0 0 0 0
0 0 0 0 0 0 0 0 0 5 0 0 0 0 0 0 0 0 0 0 0 0 0 0
0 0 0 0 0 0 0 0 0 0 5 0 0 0 0 0 0 0 0 0 0 0 0 0
0 0 0 0 0 0 0 0 0 0 0 5 0 0 0 0 0 0 0 0 0 0 0 0
0 0 0 0 0 0 0 0 0 0 0 0 5 0 0 0 0 0 0 0 0 0 0 0
0 0 0 0 0 0 0 0 0 0 0 0 0 5 0 0 0 0 0 0 0 0 0 0
0 0 0 0 0 0 0 0 0 0 0 0 0 0 5 0 0 0 0 0 0 0 0 0
0 0 0 0 0 0 0 0 0 0 0 0 0 0 0 5 0 0 0 0 0 0 0 0
0 0 0 0 0 0 0 0 0 0 0 0 0 0 0 0 5 0 0 0 0 0 0 0
0 0 0 0 0 0 0 0 0 0 0 0 0 0 0 0 0 5 0 0 0 0 0 0
0 0 0 0 0 0 0 0 0 0 0 0 0 0 0 0 0 0 5 0 0 0 0 0
0 0 0 0 0 0 0 0 0 0 0 0 0 0 0 0 0 0 0 5 0 0 0 0
0 0 0 0 0 0 0 0 0 0 0 0 0 0 0 0 0 0 0 0 5 0 0 0
0 0 0 0 0 0 0 0 0 0 0 0 0 0 0 0 0 0 0 0 0 5 0 0
0 0 0 0 0 0 0 0 0 0 0 0 0 0 0 0 0 0 0 0 0 0 5 0
0 0 0 0 0 0 0 0 0 0 0 0 0 0 0 0 0 0 0 0 0 0 0 5
DCC: local_R_mat: 0.0751166         0         0         0         0         0         0         0         0         0         0         0         0         0         0         0         0         0         0         0         0         0         0         0
        0 0.0718663         0         0         0         0         0         0         0         0         0         0         0         0         0         0         0         0         0         0         0         0         0         0
        0         0 0.0773881         0         0         0         0         0         0         0         0         0         0         0         0         0         0         0         0         0         0         0         0         0
        0         0         0 0.0840886         0         0         0         0         0         0         0         0         0         0         0         0         0         0         0         0         0         0         0         0
        0         0         0         0 0.0827647         0         0         0         0         0         0         0         0         0         0         0         0         0         0         0         0         0         0         0
        0         0         0         0         0 0.0780228         0         0         0         0         0         0         0         0         0         0         0         0         0         0         0         0         0         0
        0         0         0         0         0         0 0.0731635         0         0         0         0         0         0         0         0         0         0         0         0         0         0         0         0         0
        0         0         0         0         0         0         0 0.0812357         0         0         0         0         0         0         0         0         0         0         0         0         0         0         0         0
        0         0         0         0         0         0         0         0 0.0751161         0         0         0         0         0         0         0         0         0         0         0         0         0         0         0
        0         0         0         0         0         0         0         0         0 0.0718633         0         0         0         0         0         0         0         0         0         0         0         0         0         0
        0         0         0         0         0         0         0         0         0         0  0.077374         0         0         0         0         0         0         0         0         0         0         0         0         0
        0         0         0         0         0         0         0         0         0         0         0 0.0840317         0         0         0         0         0         0         0         0         0         0         0         0
        0         0         0         0         0         0         0         0         0         0         0         0 0.0825936         0         0         0         0         0         0         0         0         0         0         0
        0         0         0         0         0         0         0         0         0         0         0         0         0 0.0776502         0         0         0         0         0         0         0         0         0         0
        0         0         0         0         0         0         0         0         0         0         0         0         0         0 0.0726463         0         0         0         0         0         0         0         0         0
        0         0         0         0         0         0         0         0         0         0         0         0         0         0         0 0.0812356         0         0         0         0         0         0         0         0
        0         0         0         0         0         0         0         0         0         0         0         0         0         0         0         0 0.0751151         0         0         0         0         0         0         0
        0         0         0         0         0         0         0         0         0         0         0         0         0         0         0         0         0 0.0718589         0         0         0         0         0         0
        0         0         0         0         0         0         0         0         0         0         0         0         0         0         0         0         0         0 0.0773542         0         0         0         0         0
        0         0         0         0         0         0         0         0         0         0         0         0         0         0         0         0         0         0         0 0.0839566         0         0         0         0
        0         0         0         0         0         0         0         0         0         0         0         0         0         0         0         0         0         0         0         0 0.0823846         0         0         0
        0         0         0         0         0         0         0         0         0         0         0         0         0         0         0         0         0         0         0         0         0 0.0772348         0         0
        0         0         0         0         0         0         0         0         0         0         0         0         0         0         0         0         0         0         0         0         0         0 0.0721446         0
        0         0         0         0         0         0         0         0         0         0         0         0         0         0         0         0         0         0         0         0         0         0         0 0.0812354
DCC: local_invVarR_vec: 13.3126
13.9147
12.9219
11.8922
12.0824
12.8168
 13.668
12.3099
13.3127
13.9153
12.9242
11.9003
12.1075
12.8783
13.7653
12.3099
13.3129
13.9162
12.9275
11.9109
12.1382
12.9475
13.8611
12.3099
DCC: Obs found in this local volume. Do normal LETKF update
DCC: Using computeWeights in the BOUNDED LETKF
DCC: Yb_f:   -1.59026   -1.98234   0.289024    2.72035    2.16368  -0.180966   -1.77679   0.109318   -1.59026   -1.98234   0.289024    2.72035    2.16368  -0.180966   -1.77679   0.109318   -1.59026   -1.98234   0.289024    2.72035    2.16368  -0.180966   -1.77679   0.109318
   1.82056   -0.04552  -0.764083  -0.968548  -0.819999   0.167653    1.15188    2.48196    1.82056   -0.04552  -0.764083  -0.968548  -0.819999   0.167653    1.15188    2.48196    1.82056   -0.04552  -0.764083  -0.968548  -0.819999   0.167653    1.15188    2.48196
 -0.191024  -0.898003 -0.0133683   0.596635  -0.120569  -0.734121    -0.1689   0.695842  -0.191024  -0.898003 -0.0133683   0.596635  -0.120569  -0.734121    -0.1689   0.695842  -0.191024  -0.898003 -0.0133683   0.596635  -0.120569  -0.734121    -0.1689   0.695842
  0.150289    1.05622  -0.245014   -1.15213   -1.00523  -0.668474 -0.0664308   -1.17031   0.150289    1.05622  -0.245014   -1.15213   -1.00523  -0.668474 -0.0664308   -1.17031   0.150289    1.05622  -0.245014   -1.15213   -1.00523  -0.668474 -0.0664308   -1.17031
 -0.189568    1.86964   0.733441   -1.19631  -0.217886    1.41591   0.860239   -2.11682  -0.189568    1.86964   0.733441   -1.19631  -0.217886    1.41591   0.860239   -2.11682  -0.189568    1.86964   0.733441   -1.19631  -0.217886    1.41591   0.860239   -2.11682
DCC: YobsPert_f: 7.88348 8.73116 7.72543 8.16347 8.12678 8.06877 8.62847 8.26743  7.7026 7.65055 7.88119 7.96536 7.98277  8.5345 8.43833 8.26369 7.39221 8.24297 8.34103 7.59825 7.95486 8.27321 8.68703 8.25967
8.23017 7.40475 7.61898 7.40429 8.71299 7.42015 8.07647 7.61008 7.76783 7.62055 7.82731 7.12176 7.82735 8.27837 9.16423 8.16068 8.54301 8.11665 8.12824 8.68035 8.13718 8.70594 8.37421 7.97983
7.64604   8.095 8.26739 8.36033 7.67227 8.14629 8.63141 8.22242 8.35529 7.98619 7.98975 8.85907 8.47696 8.03874 8.43247 7.35182 8.06816 7.53514 8.54873 8.01475  7.7908 8.52142 8.34797 8.04837
8.46901 8.27973 8.19485 7.73794 7.47467 8.29762 8.55092 7.53295 7.71069 8.67073 8.30869 8.08374 8.16188 7.96808 8.09305 8.07963 7.74308 8.65851 7.26838 7.38724 8.13651 7.87594 8.92841 7.85788
7.77175 7.49191 8.20681 8.39611 8.25733 8.85592 8.09138 8.36717 8.46433 8.07618 8.01376 8.05937 7.87849 8.16476 8.14942 8.14428 8.25479 7.45338 7.74457 8.44456  8.4104 7.82838 8.23393 7.85445
DCC: y_obs: 8.00009
8.00051
8.00269
8.01243
8.04881
8.15775
8.39573
8.00001
8.00015
8.00084
8.00414
8.01786
8.06549
8.19689
 8.4555
8.00002
8.00025
8.00133
8.00619
8.02503
8.08595
8.24098
8.51431
8.00004
DCC: diagInvR_f: 13.3126
13.9147
12.9219
11.8922
12.0824
12.8168
 13.668
12.3099
13.3127
13.9153
12.9242
11.9003
12.1075
12.8783
13.7653
12.3099
13.3129
13.9162
12.9275
11.9109
12.1382
12.9475
13.8611
12.3099
DCC: ybmean_f:  8.3203
8.69615
8.07347
 7.4211
7.50573
7.85558
8.13986
7.69365
 8.3203
8.69615
8.07347
 7.4211
7.50573
7.85558
8.13986
7.69365
 8.3203
8.69615
8.07347
 7.4211
7.50573
7.85558
8.13986
7.69365
DCC: yHofx_f: 66.5632
69.5737
64.6095
59.4611
60.4122
64.0839
68.3401
61.5493
66.5637
69.5765
64.6212
59.5014
60.5374
64.3913
68.8266
61.5493
66.5645
69.5808
64.6377
59.5546
 60.691
64.7377
69.3053
61.5495
DCC: YobsPert_f: 8.11843 7.33101  8.2899 7.86418 7.97159 8.24771 8.16927 7.74124 8.30919 8.36717 8.12901 8.07071 8.14906 7.87264  8.4727 7.74476  8.6583 7.76678 7.68479 8.47578  8.2192 8.20887 8.34503 7.74857
7.77644 8.64421 8.40573 8.67052 7.43526 8.96867 8.72761 8.40992 8.23942  8.4001 8.18496 9.02671 8.31087 8.11622 7.80158 7.84252 7.49197 7.88765 7.88597 7.41918 8.03504 7.80085 8.65675  8.0203
8.37053 7.90712 7.74646   7.679 8.44383 8.16922 8.16648 7.78362 7.66011 8.01552 8.01856 7.25653 7.67399 8.35815 8.47859 8.70538 7.93291 8.49636 7.49809 8.03533 8.39228 7.96977 8.68396   7.952
7.55714  7.7307 7.81504 8.29666 8.66705 8.02024 8.24335 8.49603 8.30047  7.3827 7.71075 7.95252 7.97024 8.43227 8.83419 7.92119 8.26597 7.39403 8.81889 8.71788  8.0357 8.62294 8.11941 8.14477
8.23514 8.54364 7.80365 7.64628 7.84555 7.51462 8.71153 7.64896 7.56142  7.9262 7.99453 7.97656 8.25693 8.22914 8.77308 7.85832 7.75356 8.58956 8.27665 7.62635 7.77401 8.67533 8.80424 8.14833
DCC: HXb_f: 6.73004 6.71382 8.36249 10.1415 9.66941 7.67461 6.36307 7.80297 6.73004 6.71382 8.36249 10.1415 9.66941 7.67461 6.36307 7.80297 6.73004 6.71382 8.36249 10.1415 9.66941 7.67461 6.36307 7.80297
10.1409 8.65063 7.30938 6.45255 6.68573 8.02323 9.29174 10.1756 10.1409 8.65063 7.30938 6.45255 6.68573 8.02323 9.29174 10.1756 10.1409 8.65063 7.30938 6.45255 6.68573 8.02323 9.29174 10.1756
8.12928 7.79815  8.0601 8.01774 7.38516 7.12146 7.97096 8.38949 8.12928 7.79815  8.0601 8.01774 7.38516 7.12146 7.97096 8.38949 8.12928 7.79815  8.0601 8.01774 7.38516 7.12146 7.97096 8.38949
8.47059 9.75237 7.82845 6.26897  6.5005 7.18711 8.07343 6.52334 8.47059 9.75237 7.82845 6.26897  6.5005 7.18711 8.07343 6.52334 8.47059 9.75237 7.82845 6.26897  6.5005 7.18711 8.07343 6.52334
8.13073 10.5658 8.80691 6.22479 7.28784 9.27149  9.0001 5.57683 8.13073 10.5658 8.80691 6.22479 7.28784 9.27149  9.0001 5.57683 8.13073 10.5658 8.80691 6.22479 7.28784 9.27149  9.0001 5.57683
DCC: ybmean matrix:  8.3203 8.69615 8.07347  7.4211 7.50573 7.85558 8.13986 7.69365  8.3203 8.69615 8.07347  7.4211 7.50573 7.85558 8.13986 7.69365  8.3203 8.69615 8.07347  7.4211 7.50573 7.85558 8.13986 7.69365
 8.3203 8.69615 8.07347  7.4211 7.50573 7.85558 8.13986 7.69365  8.3203 8.69615 8.07347  7.4211 7.50573 7.85558 8.13986 7.69365  8.3203 8.69615 8.07347  7.4211 7.50573 7.85558 8.13986 7.69365
 8.3203 8.69615 8.07347  7.4211 7.50573 7.85558 8.13986 7.69365  8.3203 8.69615 8.07347  7.4211 7.50573 7.85558 8.13986 7.69365  8.3203 8.69615 8.07347  7.4211 7.50573 7.85558 8.13986 7.69365
 8.3203 8.69615 8.07347  7.4211 7.50573 7.85558 8.13986 7.69365  8.3203 8.69615 8.07347  7.4211 7.50573 7.85558 8.13986 7.69365  8.3203 8.69615 8.07347  7.4211 7.50573 7.85558 8.13986 7.69365
 8.3203 8.69615 8.07347  7.4211 7.50573 7.85558 8.13986 7.69365  8.3203 8.69615 8.07347  7.4211 7.50573 7.85558 8.13986 7.69365  8.3203 8.69615 8.07347  7.4211 7.50573 7.85558 8.13986 7.69365
DCC: ComputeWeights in the BOUNDED LETKF COMPLETED
DCC: Using applyWeights in the BOUNDED LETKF
DCC: ApplyWeights in the BOUNDED LETKF COMPLETED
DCC: Using measurementUpdate in the BOUNDEDD LETKF
DCC: iens: 0
DCC: iens: 1
DCC: iens: 2
DCC: iens: 3
DCC: iens: 4
p: 27
DCC: I + Rr^(-1): 5 0 0 0 0 0 0 0 0 0 0 0 0 0 0 0 0 0 0 0 0 0 0 0 0 0 0
0 5 0 0 0 0 0 0 0 0 0 0 0 0 0 0 0 0 0 0 0 0 0 0 0 0 0
0 0 5 0 0 0 0 0 0 0 0 0 0 0 0 0 0 0 0 0 0 0 0 0 0 0 0
0 0 0 5 0 0 0 0 0 0 0 0 0 0 0 0 0 0 0 0 0 0 0 0 0 0 0
0 0 0 0 5 0 0 0 0 0 0 0 0 0 0 0 0 0 0 0 0 0 0 0 0 0 0
0 0 0 0 0 5 0 0 0 0 0 0 0 0 0 0 0 0 0 0 0 0 0 0 0 0 0
0 0 0 0 0 0 5 0 0 0 0 0 0 0 0 0 0 0 0 0 0 0 0 0 0 0 0
0 0 0 0 0 0 0 5 0 0 0 0 0 0 0 0 0 0 0 0 0 0 0 0 0 0 0
0 0 0 0 0 0 0 0 5 0 0 0 0 0 0 0 0 0 0 0 0 0 0 0 0 0 0
0 0 0 0 0 0 0 0 0 5 0 0 0 0 0 0 0 0 0 0 0 0 0 0 0 0 0
0 0 0 0 0 0 0 0 0 0 5 0 0 0 0 0 0 0 0 0 0 0 0 0 0 0 0
0 0 0 0 0 0 0 0 0 0 0 5 0 0 0 0 0 0 0 0 0 0 0 0 0 0 0
0 0 0 0 0 0 0 0 0 0 0 0 5 0 0 0 0 0 0 0 0 0 0 0 0 0 0
0 0 0 0 0 0 0 0 0 0 0 0 0 5 0 0 0 0 0 0 0 0 0 0 0 0 0
0 0 0 0 0 0 0 0 0 0 0 0 0 0 5 0 0 0 0 0 0 0 0 0 0 0 0
0 0 0 0 0 0 0 0 0 0 0 0 0 0 0 5 0 0 0 0 0 0 0 0 0 0 0
0 0 0 0 0 0 0 0 0 0 0 0 0 0 0 0 5 0 0 0 0 0 0 0 0 0 0
0 0 0 0 0 0 0 0 0 0 0 0 0 0 0 0 0 5 0 0 0 0 0 0 0 0 0
0 0 0 0 0 0 0 0 0 0 0 0 0 0 0 0 0 0 5 0 0 0 0 0 0 0 0
0 0 0 0 0 0 0 0 0 0 0 0 0 0 0 0 0 0 0 5 0 0 0 0 0 0 0
0 0 0 0 0 0 0 0 0 0 0 0 0 0 0 0 0 0 0 0 5 0 0 0 0 0 0
0 0 0 0 0 0 0 0 0 0 0 0 0 0 0 0 0 0 0 0 0 5 0 0 0 0 0
0 0 0 0 0 0 0 0 0 0 0 0 0 0 0 0 0 0 0 0 0 0 5 0 0 0 0
0 0 0 0 0 0 0 0 0 0 0 0 0 0 0 0 0 0 0 0 0 0 0 5 0 0 0
0 0 0 0 0 0 0 0 0 0 0 0 0 0 0 0 0 0 0 0 0 0 0 0 5 0 0
0 0 0 0 0 0 0 0 0 0 0 0 0 0 0 0 0 0 0 0 0 0 0 0 0 5 0
0 0 0 0 0 0 0 0 0 0 0 0 0 0 0 0 0 0 0 0 0 0 0 0 0 0 5
DCC: local_R_mat: 0.0751166         0         0         0         0         0         0         0         0         0         0         0         0         0         0         0         0         0         0         0         0         0         0         0         0         0         0
        0 0.0718663         0         0         0         0         0         0         0         0         0         0         0         0         0         0         0         0         0         0         0         0         0         0         0         0         0
        0         0 0.0773881         0         0         0         0         0         0         0         0         0         0         0         0         0         0         0         0         0         0         0         0         0         0         0         0
        0         0         0 0.0840886         0         0         0         0         0         0         0         0         0         0         0         0         0         0         0         0         0         0         0         0         0         0         0
        0         0         0         0 0.0827647         0         0         0         0         0         0         0         0         0         0         0         0         0         0         0         0         0         0         0         0         0         0
        0         0         0         0         0 0.0780228         0         0         0         0         0         0         0         0         0         0         0         0         0         0         0         0         0         0         0         0         0
        0         0         0         0         0         0 0.0731635         0         0         0         0         0         0         0         0         0         0         0         0         0         0         0         0         0         0         0         0
        0         0         0         0         0         0         0 0.0731386         0         0         0         0         0         0         0         0         0         0         0         0         0         0         0         0         0         0         0
        0         0         0         0         0         0         0         0 0.0812357         0         0         0         0         0         0         0         0         0         0         0         0         0         0         0         0         0         0
        0         0         0         0         0         0         0         0         0 0.0751161         0         0         0         0         0         0         0         0         0         0         0         0         0         0         0         0         0
        0         0         0         0         0         0         0         0         0         0 0.0718633         0         0         0         0         0         0         0         0         0         0         0         0         0         0         0         0
        0         0         0         0         0         0         0         0         0         0         0  0.077374         0         0         0         0         0         0         0         0         0         0         0         0         0         0         0
        0         0         0         0         0         0         0         0         0         0         0         0 0.0840317         0         0         0         0         0         0         0         0         0         0         0         0         0         0
        0         0         0         0         0         0         0         0         0         0         0         0         0 0.0825936         0         0         0         0         0         0         0         0         0         0         0         0         0
        0         0         0         0         0         0         0         0         0         0         0         0         0         0 0.0776502         0         0         0         0         0         0         0         0         0         0         0         0
        0         0         0         0         0         0         0         0         0         0         0         0         0         0         0 0.0726463         0         0         0         0         0         0         0         0         0         0         0
        0         0         0         0         0         0         0         0         0         0         0         0         0         0         0         0 0.0729518         0         0         0         0         0         0         0         0         0         0
        0         0         0         0         0         0         0         0         0         0         0         0         0         0         0         0         0 0.0812356         0         0         0         0         0         0         0         0         0
        0         0         0         0         0         0         0         0         0         0         0         0         0         0         0         0         0         0 0.0751151         0         0         0         0         0         0         0         0
        0         0         0         0         0         0         0         0         0         0         0         0         0         0         0         0         0         0         0 0.0718589         0         0         0         0         0         0         0
        0         0         0         0         0         0         0         0         0         0         0         0         0         0         0         0         0         0         0         0 0.0773542         0         0         0         0         0         0
        0         0         0         0         0         0         0         0         0         0         0         0         0         0         0         0         0         0         0         0         0 0.0839566         0         0         0         0         0
        0         0         0         0         0         0         0         0         0         0         0         0         0         0         0         0         0         0         0         0         0         0 0.0823846         0         0         0         0
        0         0         0         0         0         0         0         0         0         0         0         0         0         0         0         0         0         0         0         0         0         0         0 0.0772348         0         0         0
        0         0         0         0         0         0         0         0         0         0         0         0         0         0         0         0         0         0         0         0         0         0         0         0 0.0721446         0         0
        0         0         0         0         0         0         0         0         0         0         0         0         0         0         0         0         0         0         0         0         0         0         0         0         0 0.0729234         0
        0         0         0         0         0         0         0         0         0         0         0         0         0         0         0         0         0         0         0         0         0         0         0         0         0         0 0.0812354
DCC: local_invVarR_vec: 13.3126
13.9147
12.9219
11.8922
12.0824
12.8168
 13.668
13.6727
12.3099
13.3127
13.9153
12.9242
11.9003
12.1075
12.8783
13.7653
13.7077
12.3099
13.3129
13.9162
12.9275
11.9109
12.1382
12.9475
13.8611
 13.713
12.3099
DCC: Obs found in this local volume. Do normal LETKF update
DCC: Using computeWeights in the BOUNDED LETKF
DCC: Yb_f:   -1.59026   -1.98234   0.289024    2.72035    2.16368  -0.180966   -1.77679   -1.41562   0.109318   -1.59026   -1.98234   0.289024    2.72035    2.16368  -0.180966   -1.77679   -1.41562   0.109318   -1.59026   -1.98234   0.289024    2.72035    2.16368  -0.180966   -1.77679   -1.41562   0.109318
   1.82056   -0.04552  -0.764083  -0.968548  -0.819999   0.167653    1.15188   0.990294    2.48196    1.82056   -0.04552  -0.764083  -0.968548  -0.819999   0.167653    1.15188   0.990294    2.48196    1.82056   -0.04552  -0.764083  -0.968548  -0.819999   0.167653    1.15188   0.990294    2.48196
 -0.191024  -0.898003 -0.0133683   0.596635  -0.120569  -0.734121    -0.1689   0.754112   0.695842  -0.191024  -0.898003 -0.0133683   0.596635  -0.120569  -0.734121    -0.1689   0.754112   0.695842  -0.191024  -0.898003 -0.0133683   0.596635  -0.120569  -0.734121    -0.1689   0.754112   0.695842
  0.150289    1.05622  -0.245014   -1.15213   -1.00523  -0.668474 -0.0664308   0.638553   -1.17031   0.150289    1.05622  -0.245014   -1.15213   -1.00523  -0.668474 -0.0664308   0.638553   -1.17031   0.150289    1.05622  -0.245014   -1.15213   -1.00523  -0.668474 -0.0664308   0.638553   -1.17031
 -0.189568    1.86964   0.733441   -1.19631  -0.217886    1.41591   0.860239   -0.96734   -2.11682  -0.189568    1.86964   0.733441   -1.19631  -0.217886    1.41591   0.860239   -0.96734   -2.11682  -0.189568    1.86964   0.733441   -1.19631  -0.217886    1.41591   0.860239   -0.96734   -2.11682
DCC: YobsPert_f: 7.88348 8.73116 7.72543 8.16347 8.12678 8.06877 8.62847 8.91896 8.26743  7.7026 7.65055 7.88119 7.96536 7.98277  8.5345 8.43833 8.03118 8.26369 7.39221 8.24297 8.34103 7.59825 7.95486 8.27321 8.68703 8.75397 8.25967
8.23017 7.40475 7.61898 7.40429 8.71299 7.42015 8.07647 8.07667 7.61008 7.76783 7.62055 7.82731 7.12176 7.82735 8.27837 9.16423 8.82104 8.16068 8.54301 8.11665 8.12824 8.68035 8.13718 8.70594 8.37421 9.96605 7.97983
7.64604   8.095 8.26739 8.36033 7.67227 8.14629 8.63141 8.35781 8.22242 8.35529 7.98619 7.98975 8.85907 8.47696 8.03874 8.43247 8.97348 7.35182 8.06816 7.53514 8.54873 8.01475  7.7908 8.52142 8.34797 8.13224 8.04837
8.46901 8.27973 8.19485 7.73794 7.47467 8.29762 8.55092  8.7133 7.53295 7.71069 8.67073 8.30869 8.08374 8.16188 7.96808 8.09305 8.98367 8.07963 7.74308 8.65851 7.26838 7.38724 8.13651 7.87594 8.92841 8.42826 7.85788
7.77175 7.49191 8.20681 8.39611 8.25733 8.85592 8.09138 9.33926 8.36717 8.46433 8.07618 8.01376 8.05937 7.87849 8.16476 8.14942 8.70779 8.14428 8.25479 7.45338 7.74457 8.44456  8.4104 7.82838 8.23393 8.25358 7.85445
DCC: y_obs: 8.00009
8.00051
8.00269
8.01243
8.04881
8.15775
8.39573
 8.6812
8.00001
8.00015
8.00084
8.00414
8.01786
8.06549
8.19689
 8.4555
8.70343
8.00002
8.00025
8.00133
8.00619
8.02503
8.08595
8.24098
8.51431
8.70682
8.00004
DCC: diagInvR_f: 13.3126
13.9147
12.9219
11.8922
12.0824
12.8168
 13.668
13.6727
12.3099
13.3127
13.9153
12.9242
11.9003
12.1075
12.8783
13.7653
13.7077
12.3099
13.3129
13.9162
12.9275
11.9109
12.1382
12.9475
13.8611
 13.713
12.3099
DCC: ybmean_f:  8.3203
8.69615
8.07347
 7.4211
7.50573
7.85558
8.13986
7.87487
7.69365
 8.3203
8.69615
8.07347
 7.4211
7.50573
7.85558
8.13986
7.87487
7.69365
 8.3203
8.69615
8.07347
 7.4211
7.50573
7.85558
8.13986
7.87487
7.69365
DCC: yHofx_f: 66.5632
69.5737
64.6095
59.4611
60.4122
64.0839
68.3401
68.3633
61.5493
66.5637
69.5765
64.6212
59.5014
60.5374
64.3913
68.8266
68.5384
61.5493
66.5645
69.5808
64.6377
59.5546
 60.691
64.7377
69.3053
68.5651
61.5495
DCC: YobsPert_f: 8.11843 7.33101  8.2899 7.86418 7.97159 8.24771 8.16927 8.44978 7.74124 8.30919 8.36717 8.12901 8.07071 8.14906 7.87264  8.4727 9.43195 7.74476  8.6583 7.76678 7.68479 8.47578  8.2192 8.20887 8.34503 8.65993 7.74857
7.77644 8.64421 8.40573 8.67052 7.43526 8.96867 8.72761 9.33098 8.40992 8.23942  8.4001 8.18496 9.02671 8.31087 8.11622 7.80158 8.58739 7.84252 7.49197 7.88765 7.88597 7.41918 8.03504 7.80085 8.65675  7.6067  8.0203
8.37053 7.90712 7.74646   7.679 8.44383 8.16922 8.16648 9.01711 7.78362 7.66011 8.01552 8.01856 7.25653 7.67399 8.35815 8.47859 8.44151 8.70538 7.93291 8.49636 7.49809 8.03533 8.39228 7.96977 8.68396 9.32199   7.952
7.55714  7.7307 7.81504 8.29666 8.66705 8.02024 8.24335 8.64921 8.49603 8.30047  7.3827 7.71075 7.95252 7.97024 8.43227 8.83419 8.43193 7.92119 8.26597 7.39403 8.81889 8.71788  8.0357 8.62294 8.11941 8.99459 8.14477
8.23514 8.54364 7.80365 7.64628 7.84555 7.51462 8.71153 8.06951 7.64896 7.56142  7.9262 7.99453 7.97656 8.25693 8.22914 8.77308 8.69907 7.85832 7.75356 8.58956 8.27665 7.62635 7.77401 8.67533 8.80424 9.18495 8.14833
DCC: HXb_f: 6.73004 6.71382 8.36249 10.1415 9.66941 7.67461 6.36307 6.45925 7.80297 6.73004 6.71382 8.36249 10.1415 9.66941 7.67461 6.36307 6.45925 7.80297 6.73004 6.71382 8.36249 10.1415 9.66941 7.67461 6.36307 6.45925 7.80297
10.1409 8.65063 7.30938 6.45255 6.68573 8.02323 9.29174 8.86517 10.1756 10.1409 8.65063 7.30938 6.45255 6.68573 8.02323 9.29174 8.86517 10.1756 10.1409 8.65063 7.30938 6.45255 6.68573 8.02323 9.29174 8.86517 10.1756
8.12928 7.79815  8.0601 8.01774 7.38516 7.12146 7.97096 8.62899 8.38949 8.12928 7.79815  8.0601 8.01774 7.38516 7.12146 7.97096 8.62899 8.38949 8.12928 7.79815  8.0601 8.01774 7.38516 7.12146 7.97096 8.62899 8.38949
8.47059 9.75237 7.82845 6.26897  6.5005 7.18711 8.07343 8.51343 6.52334 8.47059 9.75237 7.82845 6.26897  6.5005 7.18711 8.07343 8.51343 6.52334 8.47059 9.75237 7.82845 6.26897  6.5005 7.18711 8.07343 8.51343 6.52334
8.13073 10.5658 8.80691 6.22479 7.28784 9.27149  9.0001 6.90753 5.57683 8.13073 10.5658 8.80691 6.22479 7.28784 9.27149  9.0001 6.90753 5.57683 8.13073 10.5658 8.80691 6.22479 7.28784 9.27149  9.0001 6.90753 5.57683
DCC: ybmean matrix:  8.3203 8.69615 8.07347  7.4211 7.50573 7.85558 8.13986 7.87487 7.69365  8.3203 8.69615 8.07347  7.4211 7.50573 7.85558 8.13986 7.87487 7.69365  8.3203 8.69615 8.07347  7.4211 7.50573 7.85558 8.13986 7.87487 7.69365
 8.3203 8.69615 8.07347  7.4211 7.50573 7.85558 8.13986 7.87487 7.69365  8.3203 8.69615 8.07347  7.4211 7.50573 7.85558 8.13986 7.87487 7.69365  8.3203 8.69615 8.07347  7.4211 7.50573 7.85558 8.13986 7.87487 7.69365
 8.3203 8.69615 8.07347  7.4211 7.50573 7.85558 8.13986 7.87487 7.69365  8.3203 8.69615 8.07347  7.4211 7.50573 7.85558 8.13986 7.87487 7.69365  8.3203 8.69615 8.07347  7.4211 7.50573 7.85558 8.13986 7.87487 7.69365
 8.3203 8.69615 8.07347  7.4211 7.50573 7.85558 8.13986 7.87487 7.69365  8.3203 8.69615 8.07347  7.4211 7.50573 7.85558 8.13986 7.87487 7.69365  8.3203 8.69615 8.07347  7.4211 7.50573 7.85558 8.13986 7.87487 7.69365
 8.3203 8.69615 8.07347  7.4211 7.50573 7.85558 8.13986 7.87487 7.69365  8.3203 8.69615 8.07347  7.4211 7.50573 7.85558 8.13986 7.87487 7.69365  8.3203 8.69615 8.07347  7.4211 7.50573 7.85558 8.13986 7.87487 7.69365
DCC: ComputeWeights in the BOUNDED LETKF COMPLETED
DCC: Using applyWeights in the BOUNDED LETKF
DCC: ApplyWeights in the BOUNDED LETKF COMPLETED
DCC: Using measurementUpdate in the BOUNDEDD LETKF
DCC: iens: 0
DCC: iens: 1
DCC: iens: 2
DCC: iens: 3
DCC: iens: 4
p: 21
DCC: I + Rr^(-1): 5 0 0 0 0 0 0 0 0 0 0 0 0 0 0 0 0 0 0 0 0
0 5 0 0 0 0 0 0 0 0 0 0 0 0 0 0 0 0 0 0 0
0 0 5 0 0 0 0 0 0 0 0 0 0 0 0 0 0 0 0 0 0
0 0 0 5 0 0 0 0 0 0 0 0 0 0 0 0 0 0 0 0 0
0 0 0 0 5 0 0 0 0 0 0 0 0 0 0 0 0 0 0 0 0
0 0 0 0 0 5 0 0 0 0 0 0 0 0 0 0 0 0 0 0 0
0 0 0 0 0 0 5 0 0 0 0 0 0 0 0 0 0 0 0 0 0
0 0 0 0 0 0 0 5 0 0 0 0 0 0 0 0 0 0 0 0 0
0 0 0 0 0 0 0 0 5 0 0 0 0 0 0 0 0 0 0 0 0
0 0 0 0 0 0 0 0 0 5 0 0 0 0 0 0 0 0 0 0 0
0 0 0 0 0 0 0 0 0 0 5 0 0 0 0 0 0 0 0 0 0
0 0 0 0 0 0 0 0 0 0 0 5 0 0 0 0 0 0 0 0 0
0 0 0 0 0 0 0 0 0 0 0 0 5 0 0 0 0 0 0 0 0
0 0 0 0 0 0 0 0 0 0 0 0 0 5 0 0 0 0 0 0 0
0 0 0 0 0 0 0 0 0 0 0 0 0 0 5 0 0 0 0 0 0
0 0 0 0 0 0 0 0 0 0 0 0 0 0 0 5 0 0 0 0 0
0 0 0 0 0 0 0 0 0 0 0 0 0 0 0 0 5 0 0 0 0
0 0 0 0 0 0 0 0 0 0 0 0 0 0 0 0 0 5 0 0 0
0 0 0 0 0 0 0 0 0 0 0 0 0 0 0 0 0 0 5 0 0
0 0 0 0 0 0 0 0 0 0 0 0 0 0 0 0 0 0 0 5 0
0 0 0 0 0 0 0 0 0 0 0 0 0 0 0 0 0 0 0 0 5
DCC: local_R_mat: 0.0718663         0         0         0         0         0         0         0         0         0         0         0         0         0         0         0         0         0         0         0         0
        0 0.0773881         0         0         0         0         0         0         0         0         0         0         0         0         0         0         0         0         0         0         0
        0         0 0.0840886         0         0         0         0         0         0         0         0         0         0         0         0         0         0         0         0         0         0
        0         0         0 0.0827647         0         0         0         0         0         0         0         0         0         0         0         0         0         0         0         0         0
        0         0         0         0 0.0780228         0         0         0         0         0         0         0         0         0         0         0         0         0         0         0         0
        0         0         0         0         0 0.0731635         0         0         0         0         0         0         0         0         0         0         0         0         0         0         0
        0         0         0         0         0         0 0.0731386         0         0         0         0         0         0         0         0         0         0         0         0         0         0
        0         0         0         0         0         0         0 0.0718633         0         0         0         0         0         0         0         0         0         0         0         0         0
        0         0         0         0         0         0         0         0  0.077374         0         0         0         0         0         0         0         0         0         0         0         0
        0         0         0         0         0         0         0         0         0 0.0840317         0         0         0         0         0         0         0         0         0         0         0
        0         0         0         0         0         0         0         0         0         0 0.0825936         0         0         0         0         0         0         0         0         0         0
        0         0         0         0         0         0         0         0         0         0         0 0.0776502         0         0         0         0         0         0         0         0         0
        0         0         0         0         0         0         0         0         0         0         0         0 0.0726463         0         0         0         0         0         0         0         0
        0         0         0         0         0         0         0         0         0         0         0         0         0 0.0729518         0         0         0         0         0         0         0
        0         0         0         0         0         0         0         0         0         0         0         0         0         0 0.0718589         0         0         0         0         0         0
        0         0         0         0         0         0         0         0         0         0         0         0         0         0         0 0.0773542         0         0         0         0         0
        0         0         0         0         0         0         0         0         0         0         0         0         0         0         0         0 0.0839566         0         0         0         0
        0         0         0         0         0         0         0         0         0         0         0         0         0         0         0         0         0 0.0823846         0         0         0
        0         0         0         0         0         0         0         0         0         0         0         0         0         0         0         0         0         0 0.0772348         0         0
        0         0         0         0         0         0         0         0         0         0         0         0         0         0         0         0         0         0         0 0.0721446         0
        0         0         0         0         0         0         0         0         0         0         0         0         0         0         0         0         0         0         0         0 0.0729234
DCC: local_invVarR_vec: 13.9147
12.9219
11.8922
12.0824
12.8168
 13.668
13.6727
13.9153
12.9242
11.9003
12.1075
12.8783
13.7653
13.7077
13.9162
12.9275
11.9109
12.1382
12.9475
13.8611
 13.713
DCC: Obs found in this local volume. Do normal LETKF update
DCC: Using computeWeights in the BOUNDED LETKF
DCC: Yb_f:   -1.98234   0.289024    2.72035    2.16368  -0.180966   -1.77679   -1.41562   -1.98234   0.289024    2.72035    2.16368  -0.180966   -1.77679   -1.41562   -1.98234   0.289024    2.72035    2.16368  -0.180966   -1.77679   -1.41562
  -0.04552  -0.764083  -0.968548  -0.819999   0.167653    1.15188   0.990294   -0.04552  -0.764083  -0.968548  -0.819999   0.167653    1.15188   0.990294   -0.04552  -0.764083  -0.968548  -0.819999   0.167653    1.15188   0.990294
 -0.898003 -0.0133683   0.596635  -0.120569  -0.734121    -0.1689   0.754112  -0.898003 -0.0133683   0.596635  -0.120569  -0.734121    -0.1689   0.754112  -0.898003 -0.0133683   0.596635  -0.120569  -0.734121    -0.1689   0.754112
   1.05622  -0.245014   -1.15213   -1.00523  -0.668474 -0.0664308   0.638553    1.05622  -0.245014   -1.15213   -1.00523  -0.668474 -0.0664308   0.638553    1.05622  -0.245014   -1.15213   -1.00523  -0.668474 -0.0664308   0.638553
   1.86964   0.733441   -1.19631  -0.217886    1.41591   0.860239   -0.96734    1.86964   0.733441   -1.19631  -0.217886    1.41591   0.860239   -0.96734    1.86964   0.733441   -1.19631  -0.217886    1.41591   0.860239   -0.96734
DCC: YobsPert_f: 8.73116 7.72543 8.16347 8.12678 8.06877 8.62847 8.91896 7.65055 7.88119 7.96536 7.98277  8.5345 8.43833 8.03118 8.24297 8.34103 7.59825 7.95486 8.27321 8.68703 8.75397
7.40475 7.61898 7.40429 8.71299 7.42015 8.07647 8.07667 7.62055 7.82731 7.12176 7.82735 8.27837 9.16423 8.82104 8.11665 8.12824 8.68035 8.13718 8.70594 8.37421 9.96605
  8.095 8.26739 8.36033 7.67227 8.14629 8.63141 8.35781 7.98619 7.98975 8.85907 8.47696 8.03874 8.43247 8.97348 7.53514 8.54873 8.01475  7.7908 8.52142 8.34797 8.13224
8.27973 8.19485 7.73794 7.47467 8.29762 8.55092  8.7133 8.67073 8.30869 8.08374 8.16188 7.96808 8.09305 8.98367 8.65851 7.26838 7.38724 8.13651 7.87594 8.92841 8.42826
7.49191 8.20681 8.39611 8.25733 8.85592 8.09138 9.33926 8.07618 8.01376 8.05937 7.87849 8.16476 8.14942 8.70779 7.45338 7.74457 8.44456  8.4104 7.82838 8.23393 8.25358
DCC: y_obs: 8.00051
8.00269
8.01243
8.04881
8.15775
8.39573
 8.6812
8.00084
8.00414
8.01786
8.06549
8.19689
 8.4555
8.70343
8.00133
8.00619
8.02503
8.08595
8.24098
8.51431
8.70682
DCC: diagInvR_f: 13.9147
12.9219
11.8922
12.0824
12.8168
 13.668
13.6727
13.9153
12.9242
11.9003
12.1075
12.8783
13.7653
13.7077
13.9162
12.9275
11.9109
12.1382
12.9475
13.8611
 13.713
DCC: ybmean_f: 8.69615
8.07347
 7.4211
7.50573
7.85558
8.13986
7.87487
8.69615
8.07347
 7.4211
7.50573
7.85558
8.13986
7.87487
8.69615
8.07347
 7.4211
7.50573
7.85558
8.13986
7.87487
DCC: yHofx_f: 69.5737
64.6095
59.4611
60.4122
64.0839
68.3401
68.3633
69.5765
64.6212
59.5014
60.5374
64.3913
68.8266
68.5384
69.5808
64.6377
59.5546
 60.691
64.7377
69.3053
68.5651
DCC: YobsPert_f: 7.33101  8.2899 7.86418 7.97159 8.24771 8.16927 8.44978 8.36717 8.12901 8.07071 8.14906 7.87264  8.4727 9.43195 7.76678 7.68479 8.47578  8.2192 8.20887 8.34503 8.65993
8.64421 8.40573 8.67052 7.43526 8.96867 8.72761 9.33098  8.4001 8.18496 9.02671 8.31087 8.11622 7.80158 8.58739 7.88765 7.88597 7.41918 8.03504 7.80085 8.65675  7.6067
7.90712 7.74646   7.679 8.44383 8.16922 8.16648 9.01711 8.01552 8.01856 7.25653 7.67399 8.35815 8.47859 8.44151 8.49636 7.49809 8.03533 8.39228 7.96977 8.68396 9.32199
 7.7307 7.81504 8.29666 8.66705 8.02024 8.24335 8.64921  7.3827 7.71075 7.95252 7.97024 8.43227 8.83419 8.43193 7.39403 8.81889 8.71788  8.0357 8.62294 8.11941 8.99459
8.54364 7.80365 7.64628 7.84555 7.51462 8.71153 8.06951  7.9262 7.99453 7.97656 8.25693 8.22914 8.77308 8.69907 8.58956 8.27665 7.62635 7.77401 8.67533 8.80424 9.18495
DCC: HXb_f: 6.71382 8.36249 10.1415 9.66941 7.67461 6.36307 6.45925 6.71382 8.36249 10.1415 9.66941 7.67461 6.36307 6.45925 6.71382 8.36249 10.1415 9.66941 7.67461 6.36307 6.45925
8.65063 7.30938 6.45255 6.68573 8.02323 9.29174 8.86517 8.65063 7.30938 6.45255 6.68573 8.02323 9.29174 8.86517 8.65063 7.30938 6.45255 6.68573 8.02323 9.29174 8.86517
7.79815  8.0601 8.01774 7.38516 7.12146 7.97096 8.62899 7.79815  8.0601 8.01774 7.38516 7.12146 7.97096 8.62899 7.79815  8.0601 8.01774 7.38516 7.12146 7.97096 8.62899
9.75237 7.82845 6.26897  6.5005 7.18711 8.07343 8.51343 9.75237 7.82845 6.26897  6.5005 7.18711 8.07343 8.51343 9.75237 7.82845 6.26897  6.5005 7.18711 8.07343 8.51343
10.5658 8.80691 6.22479 7.28784 9.27149  9.0001 6.90753 10.5658 8.80691 6.22479 7.28784 9.27149  9.0001 6.90753 10.5658 8.80691 6.22479 7.28784 9.27149  9.0001 6.90753
DCC: ybmean matrix: 8.69615 8.07347  7.4211 7.50573 7.85558 8.13986 7.87487 8.69615 8.07347  7.4211 7.50573 7.85558 8.13986 7.87487 8.69615 8.07347  7.4211 7.50573 7.85558 8.13986 7.87487
8.69615 8.07347  7.4211 7.50573 7.85558 8.13986 7.87487 8.69615 8.07347  7.4211 7.50573 7.85558 8.13986 7.87487 8.69615 8.07347  7.4211 7.50573 7.85558 8.13986 7.87487
8.69615 8.07347  7.4211 7.50573 7.85558 8.13986 7.87487 8.69615 8.07347  7.4211 7.50573 7.85558 8.13986 7.87487 8.69615 8.07347  7.4211 7.50573 7.85558 8.13986 7.87487
8.69615 8.07347  7.4211 7.50573 7.85558 8.13986 7.87487 8.69615 8.07347  7.4211 7.50573 7.85558 8.13986 7.87487 8.69615 8.07347  7.4211 7.50573 7.85558 8.13986 7.87487
8.69615 8.07347  7.4211 7.50573 7.85558 8.13986 7.87487 8.69615 8.07347  7.4211 7.50573 7.85558 8.13986 7.87487 8.69615 8.07347  7.4211 7.50573 7.85558 8.13986 7.87487
DCC: ComputeWeights in the BOUNDED LETKF COMPLETED
DCC: Using applyWeights in the BOUNDED LETKF
DCC: ApplyWeights in the BOUNDED LETKF COMPLETED
DCC: Using measurementUpdate in the BOUNDEDD LETKF
DCC: iens: 0
DCC: iens: 1
DCC: iens: 2
DCC: iens: 3
DCC: iens: 4
p: 21
DCC: I + Rr^(-1): 5 0 0 0 0 0 0 0 0 0 0 0 0 0 0 0 0 0 0 0 0
0 5 0 0 0 0 0 0 0 0 0 0 0 0 0 0 0 0 0 0 0
0 0 5 0 0 0 0 0 0 0 0 0 0 0 0 0 0 0 0 0 0
0 0 0 5 0 0 0 0 0 0 0 0 0 0 0 0 0 0 0 0 0
0 0 0 0 5 0 0 0 0 0 0 0 0 0 0 0 0 0 0 0 0
0 0 0 0 0 5 0 0 0 0 0 0 0 0 0 0 0 0 0 0 0
0 0 0 0 0 0 5 0 0 0 0 0 0 0 0 0 0 0 0 0 0
0 0 0 0 0 0 0 5 0 0 0 0 0 0 0 0 0 0 0 0 0
0 0 0 0 0 0 0 0 5 0 0 0 0 0 0 0 0 0 0 0 0
0 0 0 0 0 0 0 0 0 5 0 0 0 0 0 0 0 0 0 0 0
0 0 0 0 0 0 0 0 0 0 5 0 0 0 0 0 0 0 0 0 0
0 0 0 0 0 0 0 0 0 0 0 5 0 0 0 0 0 0 0 0 0
0 0 0 0 0 0 0 0 0 0 0 0 5 0 0 0 0 0 0 0 0
0 0 0 0 0 0 0 0 0 0 0 0 0 5 0 0 0 0 0 0 0
0 0 0 0 0 0 0 0 0 0 0 0 0 0 5 0 0 0 0 0 0
0 0 0 0 0 0 0 0 0 0 0 0 0 0 0 5 0 0 0 0 0
0 0 0 0 0 0 0 0 0 0 0 0 0 0 0 0 5 0 0 0 0
0 0 0 0 0 0 0 0 0 0 0 0 0 0 0 0 0 5 0 0 0
0 0 0 0 0 0 0 0 0 0 0 0 0 0 0 0 0 0 5 0 0
0 0 0 0 0 0 0 0 0 0 0 0 0 0 0 0 0 0 0 5 0
0 0 0 0 0 0 0 0 0 0 0 0 0 0 0 0 0 0 0 0 5
DCC: local_R_mat: 0.0773881         0         0         0         0         0         0         0         0         0         0         0         0         0         0         0         0         0         0         0         0
        0 0.0840886         0         0         0         0         0         0         0         0         0         0         0         0         0         0         0         0         0         0         0
        0         0 0.0827647         0         0         0         0         0         0         0         0         0         0         0         0         0         0         0         0         0         0
        0         0         0 0.0780228         0         0         0         0         0         0         0         0         0         0         0         0         0         0         0         0         0
        0         0         0         0 0.0731635         0         0         0         0         0         0         0         0         0         0         0         0         0         0         0         0
        0         0         0         0         0 0.0731386         0         0         0         0         0         0         0         0         0         0         0         0         0         0         0
        0         0         0         0         0         0 0.0811869         0         0         0         0         0         0         0         0         0         0         0         0         0         0
        0         0         0         0         0         0         0  0.077374         0         0         0         0         0         0         0         0         0         0         0         0         0
        0         0         0         0         0         0         0         0 0.0840317         0         0         0         0         0         0         0         0         0         0         0         0
        0         0         0         0         0         0         0         0         0 0.0825936         0         0         0         0         0         0         0         0         0         0         0
        0         0         0         0         0         0         0         0         0         0 0.0776502         0         0         0         0         0         0         0         0         0         0
[...]
ObsTable::putdb over-writing ObsBias1
Observer::finalize QC = Lorenz 95 nobs= 120 Min=0, Max=0, Average=0
ObsTable::putdb over-writing ObsError
----------------------------------
DCC: COMPUTING HofX
Test     : H(x) ensemble analysis mean: 
Test     : Lorenz 95 nobs= 120 Min=6.8601271913211157e+00, Max=9.2426167873639891e+00, Average=7.8496305858828093e+00

Test     : analysis y - H(x): 
Test     : Lorenz 95 nobs= 120 Min=-5.6063259500179008e-01, Max=1.1803767300675201e+00, Average=1.6175974745052105e-01

Test     : ombg RMS: 8.6409563643508913e-01
Test     : oman RMS: 4.1686115580472255e-01

Run: Finishing oops::LocalEnsembleDA<Lorenz 95, Lorenz 95 Obs>
OOPS_STATS  
OOPS_STATS ----------------------------------------------------------------------------------
OOPS_STATS --------------------------- Object counts ----------------------------------------
OOPS_STATS ----------------------------------------------------------------------------------
OOPS_STATS                                      Total  Simult. Remain    Avg (Mb)    HWM (Mb)
OOPS_STATS lorenz95::GomL95                :       12       1        
OOPS_STATS lorenz95::IncrementL95          :       30      13        
OOPS_STATS lorenz95::Iterator              :       84       3        
OOPS_STATS lorenz95::LocsL95               :       12       1        
OOPS_STATS lorenz95::ModelBias             :       12       1        
OOPS_STATS lorenz95::ObsBias               :       12       1        
OOPS_STATS lorenz95::ObsData1D             :       28       4        
OOPS_STATS lorenz95::ObsTable              :        1       1        
OOPS_STATS lorenz95::ObsVec1D              :      217      63        
OOPS_STATS lorenz95::ObservationL95        :       12       1        
OOPS_STATS lorenz95::StateL95              :       38       9        
OOPS_STATS oops::GeoVaLs                   :       12       1        
OOPS_STATS oops::Geometry                  :        1       1        
OOPS_STATS oops::GeometryIterator          :       42       2        
OOPS_STATS oops::GetValues                 :       12       1        
OOPS_STATS oops::Increment                 :       30      13                0.00        0.00
OOPS_STATS oops::LocalInterpolator         :       12       1        
OOPS_STATS oops::Model                     :       12       1        
OOPS_STATS oops::ModelAuxControl           :       12       1        
OOPS_STATS oops::ModelAuxIncrement         :       12       1                0.00        0.00
OOPS_STATS oops::ObsAuxControl             :       12       1        
OOPS_STATS oops::ObsAuxIncrement           :       12       1                0.00        0.00
OOPS_STATS oops::ObsAuxIncrements          :       12       1                0.00        0.00
OOPS_STATS oops::ObsDataVector             :       28       4        
OOPS_STATS oops::ObsDiagnostics            :       12       1        
OOPS_STATS oops::ObsError                  :       12       3        
OOPS_STATS oops::ObsOperator               :       12       1        
OOPS_STATS oops::ObsSpace                  :        1       1        
OOPS_STATS oops::ObsSpaces                 :        1       1        
OOPS_STATS oops::ObsVector                 :      229      63                0.00        0.06
OOPS_STATS oops::SampledLocations          :       36       3        
OOPS_STATS oops::State                     :       38       9                0.00        0.00
OOPS_STATS oops::VariableChange            :       12       1        
OOPS_STATS ----------------------------- Object counts --------------------------------------
OOPS_STATS  
OOPS_STATS --------------------------------------------------------------------------------------------
OOPS_STATS ------------------------------------ Timing Statistics -------------------------------------
OOPS_STATS --------------------------------------------------------------------------------------------
OOPS_STATS Name                                                :   total (ms)   count    time/call (ms)
OOPS_STATS oops::GeoVaLs::GeoVaLs                              :         0.09      12            0.0079
OOPS_STATS oops::GeoVaLs::fill                                 :         0.05      12            0.0043
OOPS_STATS oops::GeoVaLs::~GeoVaLs                             :         0.02      12            0.0017
OOPS_STATS oops::Geometry::Geometry                            :         0.13       1            0.1305
OOPS_STATS oops::Geometry::begin                               :         0.11       1            0.1074
OOPS_STATS oops::Geometry::end                                 :         0.12      41            0.0030
OOPS_STATS oops::Geometry::variableSizes                       :         0.04      36            0.0012
OOPS_STATS oops::Geometry::~Geometry                           :         0.10       1            0.1029
OOPS_STATS oops::GeometryIterator::GeometryIterator            :         0.01      42            0.0002
OOPS_STATS oops::GeometryIterator::operator!=                  :         0.01      41            0.0003
OOPS_STATS oops::GeometryIterator::operator++                  :         0.08      40            0.0019
OOPS_STATS oops::GeometryIterator::~GeometryIterator           :         0.03      42            0.0006
OOPS_STATS oops::GetValues::GetValues                          :         1.10      12            0.0916
OOPS_STATS oops::GetValues::fillGeoVaLs                        :         0.52      12            0.0434
OOPS_STATS oops::GetValues::finalize                           :         0.58      12            0.0486
OOPS_STATS oops::GetValues::process                            :         0.45      12            0.0378
OOPS_STATS oops::Increment::Increment                          :         0.13      30            0.0044
OOPS_STATS oops::Increment::diff                               :         0.08       6            0.0129
OOPS_STATS oops::Increment::getLocal                           :         0.29     320            0.0009
OOPS_STATS oops::Increment::operator*=                         :         0.06       4            0.0144
OOPS_STATS oops::Increment::operator+=                         :         0.04      20            0.0018
OOPS_STATS oops::Increment::operator+=(State, Increment)       :         0.07       5            0.0135
OOPS_STATS oops::Increment::operator-=                         :         0.05      15            0.0037
OOPS_STATS oops::Increment::print                              :         0.21       3            0.0706
OOPS_STATS oops::Increment::schur_product_with                 :         0.04      10            0.0040
OOPS_STATS oops::Increment::setLocal                           :         0.04     200            0.0002
OOPS_STATS oops::Increment::~Increment                         :         0.07      30            0.0022
OOPS_STATS oops::LETKFSolverBounded::applyWeights              :         1.16      40            0.0289
OOPS_STATS oops::LETKFSolverBounded::computeHofX               :        19.05       2            9.5231
OOPS_STATS oops::LETKFSolverBounded::computeWeights            :       131.65      40            3.2913
OOPS_STATS oops::LETKFSolverBounded::measurementUpdate         :       324.57      40            8.1142
OOPS_STATS oops::LocalEnsembleSolver::computeHofX              :        17.72       2            8.8610
OOPS_STATS oops::LocalEnsembleSolver::computeHofXNonLinear     :        17.43       2            8.7140
OOPS_STATS oops::LocalInterpolator::LocalInterpolator          :         0.09      12            0.0076
OOPS_STATS oops::LocalInterpolator::apply                      :         0.04      12            0.0034
OOPS_STATS oops::LocalInterpolator::~LocalInterpolator         :         0.02      12            0.0013
OOPS_STATS oops::Model::finalize                               :         0.07      12            0.0054
OOPS_STATS oops::Model::initialize                             :         0.34      12            0.0280
OOPS_STATS oops::Model::~Model                                 :         0.01      12            0.0006
OOPS_STATS oops::ModelAuxControl::ModelAuxControl              :         0.08      12            0.0069
OOPS_STATS oops::ModelAuxControl::~ModelAuxControl             :         0.00      12            0.0002
OOPS_STATS oops::ModelAuxIncrement::ModelAuxIncrement          :         0.04      12            0.0034
OOPS_STATS oops::ModelAuxIncrement::~ModelAuxIncrement         :         0.00      12            0.0002
OOPS_STATS oops::ObsAuxControl::ObsAuxControl                  :         0.09      12            0.0075
OOPS_STATS oops::ObsAuxControl::requiredHdiagnostics           :         0.00      12            0.0002
OOPS_STATS oops::ObsAuxControl::requiredVars                   :         0.00      24            0.0001
OOPS_STATS oops::ObsAuxControl::~ObsAuxControl                 :         0.00      12            0.0003
OOPS_STATS oops::ObsAuxIncrement::ObsAuxIncrement              :         0.05      12            0.0040
OOPS_STATS oops::ObsAuxIncrement::serialSize                   :         0.00      12            0.0001
OOPS_STATS oops::ObsAuxIncrement::~ObsAuxIncrement             :         0.02      12            0.0020
OOPS_STATS oops::ObsDataVector::ObsDataVector                  :         0.10      28            0.0036
OOPS_STATS oops::ObsDataVector::mask                           :         0.03      12            0.0023
OOPS_STATS oops::ObsDataVector::operator=                      :         0.04      12            0.0031
OOPS_STATS oops::ObsDataVector::print                          :         0.04      12            0.0031
OOPS_STATS oops::ObsDataVector::save                           :         0.09       4            0.0225
OOPS_STATS oops::ObsDataVector::~ObsDataVector                 :         0.02      28            0.0008
OOPS_STATS oops::ObsDiagnostics::ObsDiagnostics                :         0.00      12            0.0002
OOPS_STATS oops::ObsDiagnostics::~ObsDiagnostics               :         0.00      12            0.0002
OOPS_STATS oops::ObsError::ObsErrors                           :         0.61      12            0.0505
OOPS_STATS oops::ObsError::inverseVariance                     :         0.00       2            0.0011
OOPS_STATS oops::ObsError::obserrors                           :         0.14      12            0.0114
OOPS_STATS oops::ObsError::randomize                           :         0.53      10            0.0529
OOPS_STATS oops::ObsError::save                                :         0.00       2            0.0017
OOPS_STATS oops::ObsError::update                              :         0.11      12            0.0093
OOPS_STATS oops::ObsError::~ObsError                           :         0.08      12            0.0070
OOPS_STATS oops::ObsOperator::Lorenz 95::ObsOperator           :         0.04      12            0.0037
OOPS_STATS oops::ObsOperator::Lorenz 95::computeReducedVars    :         0.00      12            0.0001
OOPS_STATS oops::ObsOperator::Lorenz 95::locations             :         0.32      12            0.0267
OOPS_STATS oops::ObsOperator::Lorenz 95::requiredVars          :         0.00      12            0.0001
OOPS_STATS oops::ObsOperator::Lorenz 95::simulateObs           :         0.07      12            0.0062
OOPS_STATS oops::ObsOperator::Lorenz 95::~ObsOperator          :         0.03      12            0.0028
OOPS_STATS oops::ObsSpace::ObsSpace                            :         4.19       1            4.1924
OOPS_STATS oops::ObsSpace::obsvariables                        :         0.00      26            0.0001
OOPS_STATS oops::ObsSpace::save                                :         7.98       1            7.9846
OOPS_STATS oops::ObsSpace::~ObsSpace                           :         0.13       1            0.1302
OOPS_STATS oops::ObsVector::ObsVector                          :         0.37     217            0.0017
OOPS_STATS oops::ObsVector::axpy                               :         0.03      10            0.0033
OOPS_STATS oops::ObsVector::dot_product                        :         0.03       2            0.0164
OOPS_STATS oops::ObsVector::invert                             :         0.02      24            0.0008
OOPS_STATS oops::ObsVector::mask(ObsVector)                    :         0.11     274            0.0004
OOPS_STATS oops::ObsVector::ones                               :         0.02      80            0.0003
OOPS_STATS oops::ObsVector::operator*=                         :         0.05      48            0.0011
OOPS_STATS oops::ObsVector::operator+=                         :         0.06      50            0.0011
OOPS_STATS oops::ObsVector::operator-=                         :         0.03      20            0.0015
OOPS_STATS oops::ObsVector::operator=                          :         0.12      90            0.0014
OOPS_STATS oops::ObsVector::packEigen                          :         0.37     560            0.0007
OOPS_STATS oops::ObsVector::packEigenSize                      :         0.31     640            0.0005
OOPS_STATS oops::ObsVector::random                             :         0.49      10            0.0486
OOPS_STATS oops::ObsVector::save                               :         0.13      28            0.0046
OOPS_STATS oops::ObsVector::zero                               :         0.02      14            0.0011
OOPS_STATS oops::ObsVector::~ObsVector                         :         0.04     217            0.0002
OOPS_STATS oops::Parameters::deserialize                       :         5.16      47            0.1099
OOPS_STATS oops::Parameters::serialize                         :         0.62      40            0.0156
OOPS_STATS oops::Parameters::validate                          :        24.41       9            2.7122
OOPS_STATS oops::SampledLocations::SampledLocations            :         0.01      24            0.0003
OOPS_STATS oops::SampledLocations::latitudes                   :         0.00      12            0.0001
OOPS_STATS oops::SampledLocations::longitudes                  :         0.00      12            0.0001
OOPS_STATS oops::SampledLocations::times                       :         0.00      12            0.0001
OOPS_STATS oops::SampledLocations::~SampledLocations           :         0.03      36            0.0009
OOPS_STATS oops::State::State                                  :         3.23      38            0.0851
OOPS_STATS oops::State::accumul                                :         0.04      10            0.0035
OOPS_STATS oops::State::operator=                              :         0.13      17            0.0076
OOPS_STATS oops::State::print                                  :         0.64      31            0.0206
OOPS_STATS oops::State::variables                              :         0.00       1            0.0004
OOPS_STATS oops::State::write                                  :         3.06       7            0.4374
OOPS_STATS oops::State::zero                                   :         0.03       2            0.0140
OOPS_STATS oops::State::~State                                 :         0.08      38            0.0021
OOPS_STATS oops::VariableChange::VariableChange                :         0.01      12            0.0008
OOPS_STATS oops::VariableChange::changeVar                     :         0.00      12            0.0002
OOPS_STATS oops::VariableChange::~VariableChange               :         0.01      12            0.0005
OOPS_STATS util::Timers::Total                                 :       420.90       1          420.9035
OOPS_STATS util::Timers::measured                              :       393.82       1          393.8236
OOPS_STATS ------------------------------------ Timing Statistics -------------------------------------

OOPS_STATS ------------------------------------------------------------------------------------------------------------------
OOPS_STATS ---------------------------------- Parallel Timing Statistics (   1 MPI tasks) -----------------------------------
OOPS_STATS ------------------------------------------------------------------------------------------------------------------
OOPS_STATS Name                                                :     min (ms)    max (ms)    avg (ms)     % total   imbal (%)
OOPS_STATS oops::GetValues::GetValues                          :         1.10        1.10        1.10        0.26        0.00
OOPS_STATS oops::GetValues::fillGeoVaLs                        :         0.52        0.52        0.52        0.12        0.00
OOPS_STATS oops::GetValues::finalize                           :         0.58        0.58        0.58        0.14        0.00
OOPS_STATS oops::GetValues::process                            :         0.45        0.45        0.45        0.11        0.00
OOPS_STATS oops::LETKFSolverBounded::applyWeights              :         1.16        1.16        1.16        0.27        0.00
OOPS_STATS oops::LETKFSolverBounded::computeHofX               :        19.05       19.05       19.05        4.53        0.00
OOPS_STATS oops::LETKFSolverBounded::computeWeights            :       131.65      131.65      131.65       31.28        0.00
OOPS_STATS oops::LETKFSolverBounded::measurementUpdate         :       324.57      324.57      324.57       77.11        0.00
OOPS_STATS oops::LocalEnsembleSolver::computeHofX              :        17.72       17.72       17.72        4.21        0.00
OOPS_STATS oops::LocalEnsembleSolver::computeHofXNonLinear     :        17.43       17.43       17.43        4.14        0.00
OOPS_STATS oops::ObsError::ObsErrors                           :         0.61        0.61        0.61        0.14        0.00
OOPS_STATS oops::ObsError::randomize                           :         0.53        0.53        0.53        0.13        0.00
OOPS_STATS oops::ObsSpace::ObsSpace                            :         4.19        4.19        4.19        1.00        0.00
OOPS_STATS oops::ObsSpace::save                                :         7.98        7.98        7.98        1.90        0.00
OOPS_STATS oops::ObsVector::random                             :         0.49        0.49        0.49        0.12        0.00
OOPS_STATS oops::Parameters::deserialize                       :         5.16        5.16        5.16        1.23        0.00
OOPS_STATS oops::Parameters::serialize                         :         0.62        0.62        0.62        0.15        0.00
OOPS_STATS oops::Parameters::validate                          :        24.41       24.41       24.41        5.80        0.00
OOPS_STATS oops::State::State                                  :         3.23        3.23        3.23        0.77        0.00
OOPS_STATS oops::State::print                                  :         0.64        0.64        0.64        0.15        0.00
OOPS_STATS oops::State::write                                  :         3.06        3.06        3.06        0.73        0.00
OOPS_STATS util::Timers::Total                                 :       420.90      420.90      420.90      100.00        0.00
OOPS_STATS util::Timers::measured                              :       393.82      393.82      393.82       93.57        0.00
OOPS_STATS ---------------------------------- Parallel Timing Statistics (   1 MPI tasks) -----------------------------------

OOPS_STATS Run end                                  - Runtime:      0.45 sec,  Memory: total:    37.62 Mb, per task: min =    37.62 Mb, max =    37.62 Mb
Run: Finishing oops::LocalEnsembleDA<Lorenz 95, Lorenz 95 Obs> with status = 0
[TestReference] Comparison is done
OOPS Ending   2024-12-17 20:58:37 (UTC+0000)
<end of output>
Test time =   0.55 sec
----------------------------------------------------------
Test Passed.
"test_l95_letkf_bound" end time: Dec 17 20:58 UTC
"test_l95_letkf_bound" time elapsed: 00:00:00
----------------------------------------------------------

End testing: Dec 17 20:58 UTC

oops =   0.55 sec*proc

openmp =   0.55 sec*proc

script =   0.55 sec*proc

