Start testing: Dec 12 21:07 UTC
----------------------------------------------------------
159/309 Testing: test_l95_letkf_pert
159/309 Test: test_l95_letkf_pert
Command: "/home/nonroot/shared/oops_updated/oops/build/bin/l95_letkf.x" "testinput/letkf_perturbed.yaml"
Directory: /home/nonroot/shared/oops_updated/oops/build/l95/test
"test_l95_letkf_pert" start time: Dec 12 21:07 UTC
Output:
----------------------------------------------------------
OOPS Starting 2024-12-12 21:07:06 (UTC+0000)
[TestReference] Comparing to reference file: testoutput/letkf.test
Relative float tolerance for tests : 1e-06
Absolute float tolerance for tests : 0
[TestReference] Saving Test output to: testoutput/letkf_pert.out
Configuration input file is: testinput/letkf_perturbed.yaml
Full configuration is:YAMLConfiguration[path=testinput/letkf_perturbed.yaml, root={time window => {begin => 2010-01-01T21:00:00Z , length => PT6H} , geometry => {resol => 40} , background => {members from template => {template => {date => 2010-01-02T00:00:00Z , filename => Data/forecast.ens.%mem%.2010-01-01T00:00:00Z.P1D.l95} , pattern => %mem% , nmembers => 5}} , observations => {observers => ({obs error => {covariance model => diagonal} , obs localizations => ({localization method => Gaspari-Cohn , lengthscale => 0.1}) , obs space => {obsdatain => {obsfile => Data/truth3d.2010-01-02T00:00:00Z.obt} , obsdataout => {obsfile => Data/letkf.2010-01-02T00:00:00Z.obt}} , obs operator => {}})} , driver => {save prior mean => true , save posterior mean => true , save posterior mean increment => true , save posterior ensemble increments => true , save prior variance => true , save posterior variance => true , update obs config with geometry info => false} , local ensemble DA => {solver => LETKF PERT , inflation => {rtps => 0.5 , rtpp => 0.5 , mult => 1.1}} , output => {datadir => Data , date => 2010-01-02T00:00:00Z , exp => letkf.%{member}% , type => an} , output increment => {datadir => Data , date => 2010-01-02T00:00:00Z , exp => letkf.increment.%{member}% , type => an} , output ensemble increments => {datadir => Data , date => 2010-01-02T00:00:00Z , exp => letkf.increment.%{member}% , type => an} , output mean prior => {datadir => Data , date => 2010-01-02T00:00:00Z , exp => letkf.xbmean.%{member}% , type => an} , output variance prior => {datadir => Data , date => 2010-01-02T00:00:00Z , exp => letkf.xbvar.%{member}% , type => an} , output variance posterior => {datadir => Data , date => 2010-01-02T00:00:00Z , exp => letkf.xavar.%{member}% , type => an} , test => {reference filename => testoutput/letkf.test , test output filename => testoutput/letkf_pert.out}}]
OOPS_STATS ObjectCountHelper started.
OOPS_STATS Run start                                - Runtime:      0.03 sec,  Memory: total:    30.42 Mb, per task: min =    30.42 Mb, max =    30.42 Mb
Run: Starting oops::LocalEnsembleDA<Lorenz 95, Lorenz 95 Obs>
Observation window: TimeWindow: start = 2010-01-01T21:00:00Z, end = 2010-01-02T03:00:00Z, inclusive upper bound.

GeometryData::GeometryData received uninitialized FunctionSpace, so skipping set up of interpolation data structures.
OOPS_STATS LocalEnsembleDA before solver ctor       - Runtime:     0.12 sec,  Local Memory:    34.56 Mb
Multiplicative inflation will be applied with multCoeff=1.1
RTPP inflation will be applied with rtppCoeff=0.5
RTPS inflation will be applied with rtpsCoeff=0.5
Using EIGEN implementation of LETKF
Using EIGEN implementation of the PERTURBED LETKF
Test     : Initial state for member 1:
Test     :  Valid time: 2010-01-02T00:00:00Z
Test     :  Min=3.5360944731346300e+00, Max=1.1197408772662600e+01, Average=7.9097771698488781e+00
Test     : Initial state for member 2:
Test     :  Valid time: 2010-01-02T00:00:00Z
Test     :  Min=3.7750714660572902e+00, Max=1.1184390839101701e+01, Average=7.7504740680820658e+00
Test     : Initial state for member 3:
Test     :  Valid time: 2010-01-02T00:00:00Z
Test     :  Min=5.3688150613089300e+00, Max=1.0844015150837601e+01, Average=7.8057606908578121e+00
Test     : Initial state for member 4:
Test     :  Valid time: 2010-01-02T00:00:00Z
Test     :  Min=4.1463865178134700e+00, Max=1.1673384864377301e+01, Average=7.7600117472793597e+00
Test     : Initial state for member 5:
Test     :  Valid time: 2010-01-02T00:00:00Z
Test     :  Min=3.1756287528176999e+00, Max=1.0818287765402999e+01, Average=7.6024271099360359e+00
OOPS_STATS LocalEnsembleDA before computeHofX       - Runtime:     0.12 sec,  Local Memory:    34.56 Mb
config: LocalConfiguration[root={}]
Model:forecast: forecast starting: 
 Valid time: 2010-01-02T00:00:00Z
 Min=3.53609, Max=11.1974, Average=7.90978
Model:forecast: forecast finished: 
 Valid time: 2010-01-02T00:00:00Z
 Min=3.53609, Max=11.1974, Average=7.90978
ObsErrorDiag covariance updated 120
Observer::finalize QC = Lorenz 95 nobs= 120 Min=0, Max=0, Average=0
Test     : H(x) for member 1:
Test     : Lorenz 95 nobs= 120 Min=3.5360944731346300e+00, Max=1.1197408772662600e+01, Average=7.9097771698488808e+00

config: LocalConfiguration[root={}]
Model:forecast: forecast starting: 
 Valid time: 2010-01-02T00:00:00Z
 Min=3.77507, Max=11.1844, Average=7.75047
Model:forecast: forecast finished: 
 Valid time: 2010-01-02T00:00:00Z
 Min=3.77507, Max=11.1844, Average=7.75047
ObsErrorDiag covariance updated 120
ObsTable::putdb over-writing ObsBias0
Observer::finalize QC = Lorenz 95 nobs= 120 Min=0, Max=0, Average=0
Test     : H(x) for member 2:
Test     : Lorenz 95 nobs= 120 Min=3.7750714660572902e+00, Max=1.1184390839101701e+01, Average=7.7504740680820694e+00

config: LocalConfiguration[root={}]
Model:forecast: forecast starting: 
 Valid time: 2010-01-02T00:00:00Z
 Min=5.36882, Max=10.844, Average=7.80576
Model:forecast: forecast finished: 
 Valid time: 2010-01-02T00:00:00Z
 Min=5.36882, Max=10.844, Average=7.80576
ObsErrorDiag covariance updated 120
ObsTable::putdb over-writing ObsBias0
Observer::finalize QC = Lorenz 95 nobs= 120 Min=0, Max=0, Average=0
Test     : H(x) for member 3:
Test     : Lorenz 95 nobs= 120 Min=5.3688150613089300e+00, Max=1.0844015150837601e+01, Average=7.8057606908578174e+00

config: LocalConfiguration[root={}]
Model:forecast: forecast starting: 
 Valid time: 2010-01-02T00:00:00Z
 Min=4.14639, Max=11.6734, Average=7.76001
Model:forecast: forecast finished: 
 Valid time: 2010-01-02T00:00:00Z
 Min=4.14639, Max=11.6734, Average=7.76001
ObsErrorDiag covariance updated 120
ObsTable::putdb over-writing ObsBias0
Observer::finalize QC = Lorenz 95 nobs= 120 Min=0, Max=0, Average=0
Test     : H(x) for member 4:
Test     : Lorenz 95 nobs= 120 Min=4.1463865178134700e+00, Max=1.1673384864377301e+01, Average=7.7600117472793606e+00

config: LocalConfiguration[root={}]
Model:forecast: forecast starting: 
 Valid time: 2010-01-02T00:00:00Z
 Min=3.17563, Max=10.8183, Average=7.60243
Model:forecast: forecast finished: 
 Valid time: 2010-01-02T00:00:00Z
 Min=3.17563, Max=10.8183, Average=7.60243
ObsErrorDiag covariance updated 120
ObsTable::putdb over-writing ObsBias0
Observer::finalize QC = Lorenz 95 nobs= 120 Min=0, Max=0, Average=0
Test     : H(x) for member 5:
Test     : Lorenz 95 nobs= 120 Min=3.1756287528176999e+00, Max=1.0818287765402999e+01, Average=7.6024271099360394e+00

config: LocalConfiguration[root={}]
Model:forecast: forecast starting: 
 Valid time: 2010-01-02T00:00:00Z
 Min=5.25199, Max=9.50208, Average=7.76569
Model:forecast: forecast finished: 
 Valid time: 2010-01-02T00:00:00Z
 Min=5.25199, Max=9.50208, Average=7.76569
ObsErrorDiag covariance updated 120
ObsTable::putdb over-writing ObsBias0
Observer::finalize QC = Lorenz 95 nobs= 120 Min=0, Max=0, Average=0
ObsTable::putdb over-writing ObsError
----------------------------------
DCC: COMPUTING HofX
DCC: this->nens_ : 5
Test     : H(x) ensemble background mean: 
Test     : Lorenz 95 nobs= 120 Min=5.2519885916484164e+00, Max=9.5020752396112194e+00, Average=7.7656901572008303e+00

Test     : background y - H(x): 
Test     : Lorenz 95 nobs= 120 Min=-1.4837852396112190e+00, Max=2.7440514083515835e+00, Average=2.4570017613250186e-01

Test     : Background mean :
Test     :  Valid time: 2010-01-02T00:00:00Z
Test     :  Min=5.2519885916484164e+00, Max=9.5020752396112176e+00, Average=7.7656901572008321e+00
Beginning core local solver...
OOPS_STATS LocalEnsembleDA before solver            - Runtime:      0.14 sec,  Memory: total:    35.10 Mb, per task: min =    35.10 Mb, max =    35.10 Mb
DCC: Using measurementUpdate in the PERTURBED LETKF
DCC: iens: 0
DCC: iens: 1
DCC: iens: 2
DCC: iens: 3
DCC: iens: 4
DCC: Obs found in this local volume. Do normal LETKF update
DCC: Using computeWeights in the PERTURBED LETKF
DCC: Yb_f:   -1.59026   -1.98234   0.289024    2.72035    1.16981    1.23019    1.19227   0.109318   -1.59026   -1.98234   0.289024    2.72035    1.16981    1.23019    1.19227   0.109318   -1.59026   -1.98234   0.289024    2.72035    1.16981    1.23019    1.19227   0.109318
   1.82056   -0.04552  -0.764083  -0.968548   -2.99197   -2.71747   0.200164    2.48196    1.82056   -0.04552  -0.764083  -0.968548   -2.99197   -2.71747   0.200164    2.48196    1.82056   -0.04552  -0.764083  -0.968548   -2.99197   -2.71747   0.200164    2.48196
 -0.191024  -0.898003 -0.0133683   0.596635   -1.46473   -2.26382  -0.425761   0.695842  -0.191024  -0.898003 -0.0133683   0.596635   -1.46473   -2.26382  -0.425761   0.695842  -0.191024  -0.898003 -0.0133683   0.596635   -1.46473   -2.26382  -0.425761   0.695842
  0.150289    1.05622  -0.245014   -1.15213    1.64721    3.04792   0.802008   -1.17031   0.150289    1.05622  -0.245014   -1.15213    1.64721    3.04792   0.802008   -1.17031   0.150289    1.05622  -0.245014   -1.15213    1.64721    3.04792   0.802008   -1.17031
 -0.189568    1.86964   0.733441   -1.19631    1.63969   0.703189   -1.76869   -2.11682  -0.189568    1.86964   0.733441   -1.19631    1.63969   0.703189   -1.76869   -2.11682  -0.189568    1.86964   0.733441   -1.19631    1.63969   0.703189   -1.76869   -2.11682
DCC: YobsPert_f: 7.88348 8.73116 7.72543 8.16347  8.2441 8.51608 8.23168 8.26743  7.7026 7.65055 7.88119 7.96536 8.04348 8.03582 7.93029 8.26369 7.39221 8.24297 8.34103 7.59825 7.44881 7.55334 8.08003 8.25967
8.23017 7.40475 7.61898 7.40429 8.51932 7.61281 7.89082 7.61008 7.76783 7.62055 7.82731 7.12176  7.4174 8.28436  8.0044 8.16068 8.54301 8.11665 8.12824 8.68035 8.22775 8.63511 7.87002 7.97983
7.64604   8.095 8.26739 8.36033 7.80303 7.73508 7.73986 8.22242 8.35529 7.98619 7.98975 8.85907 8.69976  8.1225 8.15031 7.35182 8.06816 7.53514 8.54873 8.01475 7.91774 7.82717 7.58342 8.04837
8.46901 8.27973 8.19485 7.73794 7.71667 8.36951 8.07392 7.53295 7.71069 8.67073 8.30869 8.08374 7.52186 8.14147 7.99149 8.07963 7.74308 8.65851 7.26838 7.38724 8.46628 8.26628 8.43109 7.85788
7.77175 7.49191 8.20681 8.39611 7.71688 7.76651 8.06372 8.36717 8.46433 8.07618 8.01376 8.05937 8.31749 7.41586 7.92352 8.14428 8.25479 7.45338 7.74457 8.44456 7.93941  7.7181 8.03549 7.85445
DCC: diagInvR_f:         6.25
      4.2806
     1.30208
    0.103082
-2.42861e-15
    0.103082
     1.30208
      4.2806
        6.25
      4.2806
     1.30208
    0.103082
-2.42861e-15
    0.103082
     1.30208
      4.2806
        6.25
      4.2806
     1.30208
    0.103082
-2.42861e-15
    0.103082
     1.30208
      4.2806
DCC: HXb_f: 6.73004 6.71382 8.36249 10.1415 9.16042 9.37858 8.85803 7.80297 6.73004 6.71382 8.36249 10.1415 9.16042 9.37858 8.85803 7.80297 6.73004 6.71382 8.36249 10.1415 9.16042 9.37858 8.85803 7.80297
10.1409 8.65063 7.30938 6.45255 4.99865 5.43093 7.86593 10.1756 10.1409 8.65063 7.30938 6.45255 4.99865 5.43093 7.86593 10.1756 10.1409 8.65063 7.30938 6.45255 4.99865 5.43093 7.86593 10.1756
8.12928 7.79815  8.0601 8.01774 6.52589 5.88457    7.24 8.38949 8.12928 7.79815  8.0601 8.01774 6.52589 5.88457    7.24 8.38949 8.12928 7.79815  8.0601 8.01774 6.52589 5.88457    7.24 8.38949
8.47059 9.75237 7.82845 6.26897 9.63782 11.1963 8.46777 6.52334 8.47059 9.75237 7.82845 6.26897 9.63782 11.1963 8.46777 6.52334 8.47059 9.75237 7.82845 6.26897 9.63782 11.1963 8.46777 6.52334
8.13073 10.5658 8.80691 6.22479 9.63031 8.85158 5.89708 5.57683 8.13073 10.5658 8.80691 6.22479 9.63031 8.85158 5.89708 5.57683 8.13073 10.5658 8.80691 6.22479 9.63031 8.85158 5.89708 5.57683
DCC: ComputeWeights in the PERTURBED LETKF COMPLETED
DCC: Using applyWeights in the PERTURBED LETKF
DCC: ApplyWeights in the PERTURBED LETKF COMPLETED
DCC: Using measurementUpdate in the PERTURBED LETKF
DCC: iens: 0
DCC: iens: 1
DCC: iens: 2
DCC: iens: 3
DCC: iens: 4
DCC: Obs found in this local volume. Do normal LETKF update
DCC: Using computeWeights in the PERTURBED LETKF
DCC: Yb_f:   -1.59026   -1.98234   0.289024    2.72035    2.16368    1.23019    1.19227   0.109318   -1.59026   -1.98234   0.289024    2.72035    2.16368    1.23019    1.19227   0.109318   -1.59026   -1.98234   0.289024    2.72035    2.16368    1.23019    1.19227   0.109318
   1.82056   -0.04552  -0.764083  -0.968548  -0.819999   -2.71747   0.200164    2.48196    1.82056   -0.04552  -0.764083  -0.968548  -0.819999   -2.71747   0.200164    2.48196    1.82056   -0.04552  -0.764083  -0.968548  -0.819999   -2.71747   0.200164    2.48196
 -0.191024  -0.898003 -0.0133683   0.596635  -0.120569   -2.26382  -0.425761   0.695842  -0.191024  -0.898003 -0.0133683   0.596635  -0.120569   -2.26382  -0.425761   0.695842  -0.191024  -0.898003 -0.0133683   0.596635  -0.120569   -2.26382  -0.425761   0.695842
  0.150289    1.05622  -0.245014   -1.15213   -1.00523    3.04792   0.802008   -1.17031   0.150289    1.05622  -0.245014   -1.15213   -1.00523    3.04792   0.802008   -1.17031   0.150289    1.05622  -0.245014   -1.15213   -1.00523    3.04792   0.802008   -1.17031
 -0.189568    1.86964   0.733441   -1.19631  -0.217886   0.703189   -1.76869   -2.11682  -0.189568    1.86964   0.733441   -1.19631  -0.217886   0.703189   -1.76869   -2.11682  -0.189568    1.86964   0.733441   -1.19631  -0.217886   0.703189   -1.76869   -2.11682
DCC: YobsPert_f: 7.88348 8.73116 7.72543 8.16347 8.12678 8.51608 8.23168 8.26743  7.7026 7.65055 7.88119 7.96536 7.98277 8.03582 7.93029 8.26369 7.39221 8.24297 8.34103 7.59825 7.95486 7.55334 8.08003 8.25967
8.23017 7.40475 7.61898 7.40429 8.71299 7.61281 7.89082 7.61008 7.76783 7.62055 7.82731 7.12176 7.82735 8.28436  8.0044 8.16068 8.54301 8.11665 8.12824 8.68035 8.13718 8.63511 7.87002 7.97983
7.64604   8.095 8.26739 8.36033 7.67227 7.73508 7.73986 8.22242 8.35529 7.98619 7.98975 8.85907 8.47696  8.1225 8.15031 7.35182 8.06816 7.53514 8.54873 8.01475  7.7908 7.82717 7.58342 8.04837
8.46901 8.27973 8.19485 7.73794 7.47467 8.36951 8.07392 7.53295 7.71069 8.67073 8.30869 8.08374 8.16188 8.14147 7.99149 8.07963 7.74308 8.65851 7.26838 7.38724 8.13651 8.26628 8.43109 7.85788
7.77175 7.49191 8.20681 8.39611 8.25733 7.76651 8.06372 8.36717 8.46433 8.07618 8.01376 8.05937 7.87849 7.41586 7.92352 8.14428 8.25479 7.45338 7.74457 8.44456  8.4104  7.7181 8.03549 7.85445
DCC: diagInvR_f:       4.2806
        6.25
      4.2806
     1.30208
    0.103082
-2.42861e-15
    0.103082
     1.30208
      4.2806
        6.25
      4.2806
     1.30208
    0.103082
-2.42861e-15
    0.103082
     1.30208
      4.2806
        6.25
      4.2806
     1.30208
    0.103082
-2.42861e-15
    0.103082
     1.30208
DCC: HXb_f: 6.73004 6.71382 8.36249 10.1415 9.66941 9.37858 8.85803 7.80297 6.73004 6.71382 8.36249 10.1415 9.66941 9.37858 8.85803 7.80297 6.73004 6.71382 8.36249 10.1415 9.66941 9.37858 8.85803 7.80297
10.1409 8.65063 7.30938 6.45255 6.68573 5.43093 7.86593 10.1756 10.1409 8.65063 7.30938 6.45255 6.68573 5.43093 7.86593 10.1756 10.1409 8.65063 7.30938 6.45255 6.68573 5.43093 7.86593 10.1756
8.12928 7.79815  8.0601 8.01774 7.38516 5.88457    7.24 8.38949 8.12928 7.79815  8.0601 8.01774 7.38516 5.88457    7.24 8.38949 8.12928 7.79815  8.0601 8.01774 7.38516 5.88457    7.24 8.38949
8.47059 9.75237 7.82845 6.26897  6.5005 11.1963 8.46777 6.52334 8.47059 9.75237 7.82845 6.26897  6.5005 11.1963 8.46777 6.52334 8.47059 9.75237 7.82845 6.26897  6.5005 11.1963 8.46777 6.52334
8.13073 10.5658 8.80691 6.22479 7.28784 8.85158 5.89708 5.57683 8.13073 10.5658 8.80691 6.22479 7.28784 8.85158 5.89708 5.57683 8.13073 10.5658 8.80691 6.22479 7.28784 8.85158 5.89708 5.57683
DCC: ComputeWeights in the PERTURBED LETKF COMPLETED
DCC: Using applyWeights in the PERTURBED LETKF
DCC: ApplyWeights in the PERTURBED LETKF COMPLETED
DCC: Using measurementUpdate in the PERTURBED LETKF
DCC: iens: 0
DCC: iens: 1
DCC: iens: 2
DCC: iens: 3
DCC: iens: 4
DCC: Obs found in this local volume. Do normal LETKF update
DCC: Using computeWeights in the PERTURBED LETKF
DCC: Yb_f:   -1.59026   -1.98234   0.289024    2.72035    2.16368  -0.180966   -1.77679   0.109318   -1.59026   -1.98234   0.289024    2.72035    2.16368  -0.180966   -1.77679   0.109318   -1.59026   -1.98234   0.289024    2.72035    2.16368  -0.180966   -1.77679   0.109318
   1.82056   -0.04552  -0.764083  -0.968548  -0.819999   0.167653    1.15188    2.48196    1.82056   -0.04552  -0.764083  -0.968548  -0.819999   0.167653    1.15188    2.48196    1.82056   -0.04552  -0.764083  -0.968548  -0.819999   0.167653    1.15188    2.48196
 -0.191024  -0.898003 -0.0133683   0.596635  -0.120569  -0.734121    -0.1689   0.695842  -0.191024  -0.898003 -0.0133683   0.596635  -0.120569  -0.734121    -0.1689   0.695842  -0.191024  -0.898003 -0.0133683   0.596635  -0.120569  -0.734121    -0.1689   0.695842
  0.150289    1.05622  -0.245014   -1.15213   -1.00523  -0.668474 -0.0664308   -1.17031   0.150289    1.05622  -0.245014   -1.15213   -1.00523  -0.668474 -0.0664308   -1.17031   0.150289    1.05622  -0.245014   -1.15213   -1.00523  -0.668474 -0.0664308   -1.17031
 -0.189568    1.86964   0.733441   -1.19631  -0.217886    1.41591   0.860239   -2.11682  -0.189568    1.86964   0.733441   -1.19631  -0.217886    1.41591   0.860239   -2.11682  -0.189568    1.86964   0.733441   -1.19631  -0.217886    1.41591   0.860239   -2.11682
DCC: YobsPert_f: 7.88348 8.73116 7.72543 8.16347 8.12678 8.06877 8.62847 8.26743  7.7026 7.65055 7.88119 7.96536 7.98277  8.5345 8.43833 8.26369 7.39221 8.24297 8.34103 7.59825 7.95486 8.27321 8.68703 8.25967
8.23017 7.40475 7.61898 7.40429 8.71299 7.42015 8.07647 7.61008 7.76783 7.62055 7.82731 7.12176 7.82735 8.27837 9.16423 8.16068 8.54301 8.11665 8.12824 8.68035 8.13718 8.70594 8.37421 7.97983
7.64604   8.095 8.26739 8.36033 7.67227 8.14629 8.63141 8.22242 8.35529 7.98619 7.98975 8.85907 8.47696 8.03874 8.43247 7.35182 8.06816 7.53514 8.54873 8.01475  7.7908 8.52142 8.34797 8.04837
8.46901 8.27973 8.19485 7.73794 7.47467 8.29762 8.55092 7.53295 7.71069 8.67073 8.30869 8.08374 8.16188 7.96808 8.09305 8.07963 7.74308 8.65851 7.26838 7.38724 8.13651 7.87594 8.92841 7.85788
7.77175 7.49191 8.20681 8.39611 8.25733 8.85592 8.09138 8.36717 8.46433 8.07618 8.01376 8.05937 7.87849 8.16476 8.14942 8.14428 8.25479 7.45338 7.74457 8.44456  8.4104 7.82838 8.23393 7.85445
DCC: diagInvR_f:     1.30208
     4.2806
       6.25
     4.2806
    1.30208
   0.103082
3.46945e-15
   0.103082
    1.30208
     4.2806
       6.25
     4.2806
    1.30208
   0.103082
3.46945e-15
   0.103082
    1.30208
     4.2806
       6.25
     4.2806
    1.30208
   0.103082
3.46945e-15
   0.103082
DCC: HXb_f: 6.73004 6.71382 8.36249 10.1415 9.66941 7.67461 6.36307 7.80297 6.73004 6.71382 8.36249 10.1415 9.66941 7.67461 6.36307 7.80297 6.73004 6.71382 8.36249 10.1415 9.66941 7.67461 6.36307 7.80297
10.1409 8.65063 7.30938 6.45255 6.68573 8.02323 9.29174 10.1756 10.1409 8.65063 7.30938 6.45255 6.68573 8.02323 9.29174 10.1756 10.1409 8.65063 7.30938 6.45255 6.68573 8.02323 9.29174 10.1756
8.12928 7.79815  8.0601 8.01774 7.38516 7.12146 7.97096 8.38949 8.12928 7.79815  8.0601 8.01774 7.38516 7.12146 7.97096 8.38949 8.12928 7.79815  8.0601 8.01774 7.38516 7.12146 7.97096 8.38949
8.47059 9.75237 7.82845 6.26897  6.5005 7.18711 8.07343 6.52334 8.47059 9.75237 7.82845 6.26897  6.5005 7.18711 8.07343 6.52334 8.47059 9.75237 7.82845 6.26897  6.5005 7.18711 8.07343 6.52334
8.13073 10.5658 8.80691 6.22479 7.28784 9.27149  9.0001 5.57683 8.13073 10.5658 8.80691 6.22479 7.28784 9.27149  9.0001 5.57683 8.13073 10.5658 8.80691 6.22479 7.28784 9.27149  9.0001 5.57683
DCC: ComputeWeights in the PERTURBED LETKF COMPLETED
DCC: Using applyWeights in the PERTURBED LETKF
DCC: ApplyWeights in the PERTURBED LETKF COMPLETED
DCC: Using measurementUpdate in the PERTURBED LETKF
DCC: iens: 0
DCC: iens: 1
DCC: iens: 2
DCC: iens: 3
DCC: iens: 4
DCC: Obs found in this local volume. Do normal LETKF update
DCC: Using computeWeights in the PERTURBED LETKF
DCC: Yb_f:   -1.59026   -1.98234   0.289024    2.72035    2.16368  -0.180966   -1.77679   -1.41562   0.109318   -1.59026   -1.98234   0.289024    2.72035    2.16368  -0.180966   -1.77679   -1.41562   0.109318   -1.59026   -1.98234   0.289024    2.72035    2.16368  -0.180966   -1.77679   -1.41562   0.109318
   1.82056   -0.04552  -0.764083  -0.968548  -0.819999   0.167653    1.15188   0.990294    2.48196    1.82056   -0.04552  -0.764083  -0.968548  -0.819999   0.167653    1.15188   0.990294    2.48196    1.82056   -0.04552  -0.764083  -0.968548  -0.819999   0.167653    1.15188   0.990294    2.48196
 -0.191024  -0.898003 -0.0133683   0.596635  -0.120569  -0.734121    -0.1689   0.754112   0.695842  -0.191024  -0.898003 -0.0133683   0.596635  -0.120569  -0.734121    -0.1689   0.754112   0.695842  -0.191024  -0.898003 -0.0133683   0.596635  -0.120569  -0.734121    -0.1689   0.754112   0.695842
  0.150289    1.05622  -0.245014   -1.15213   -1.00523  -0.668474 -0.0664308   0.638553   -1.17031   0.150289    1.05622  -0.245014   -1.15213   -1.00523  -0.668474 -0.0664308   0.638553   -1.17031   0.150289    1.05622  -0.245014   -1.15213   -1.00523  -0.668474 -0.0664308   0.638553   -1.17031
 -0.189568    1.86964   0.733441   -1.19631  -0.217886    1.41591   0.860239   -0.96734   -2.11682  -0.189568    1.86964   0.733441   -1.19631  -0.217886    1.41591   0.860239   -0.96734   -2.11682  -0.189568    1.86964   0.733441   -1.19631  -0.217886    1.41591   0.860239   -0.96734   -2.11682
DCC: YobsPert_f: 7.88348 8.73116 7.72543 8.16347 8.12678 8.06877 8.62847 8.91896 8.26743  7.7026 7.65055 7.88119 7.96536 7.98277  8.5345 8.43833 8.03118 8.26369 7.39221 8.24297 8.34103 7.59825 7.95486 8.27321 8.68703 8.75397 8.25967
8.23017 7.40475 7.61898 7.40429 8.71299 7.42015 8.07647 8.07667 7.61008 7.76783 7.62055 7.82731 7.12176 7.82735 8.27837 9.16423 8.82104 8.16068 8.54301 8.11665 8.12824 8.68035 8.13718 8.70594 8.37421 9.96605 7.97983
7.64604   8.095 8.26739 8.36033 7.67227 8.14629 8.63141 8.35781 8.22242 8.35529 7.98619 7.98975 8.85907 8.47696 8.03874 8.43247 8.97348 7.35182 8.06816 7.53514 8.54873 8.01475  7.7908 8.52142 8.34797 8.13224 8.04837
8.46901 8.27973 8.19485 7.73794 7.47467 8.29762 8.55092  8.7133 7.53295 7.71069 8.67073 8.30869 8.08374 8.16188 7.96808 8.09305 8.98367 8.07963 7.74308 8.65851 7.26838 7.38724 8.13651 7.87594 8.92841 8.42826 7.85788
7.77175 7.49191 8.20681 8.39611 8.25733 8.85592 8.09138 9.33926 8.36717 8.46433 8.07618 8.01376 8.05937 7.87849 8.16476 8.14942 8.70779 8.14428 8.25479 7.45338 7.74457 8.44456  8.4104 7.82838 8.23393 8.25358 7.85445
DCC: diagInvR_f:     0.103082
     1.30208
      4.2806
        6.25
      4.2806
     1.30208
    0.103082
 3.46945e-15
-2.42861e-15
    0.103082
     1.30208
      4.2806
        6.25
      4.2806
     1.30208
    0.103082
 3.46945e-15
-2.42861e-15
    0.103082
     1.30208
      4.2806
        6.25
      4.2806
     1.30208
    0.103082
 3.46945e-15
-2.42861e-15
DCC: HXb_f: 6.73004 6.71382 8.36249 10.1415 9.66941 7.67461 6.36307 6.45925 7.80297 6.73004 6.71382 8.36249 10.1415 9.66941 7.67461 6.36307 6.45925 7.80297 6.73004 6.71382 8.36249 10.1415 9.66941 7.67461 6.36307 6.45925 7.80297
10.1409 8.65063 7.30938 6.45255 6.68573 8.02323 9.29174 8.86517 10.1756 10.1409 8.65063 7.30938 6.45255 6.68573 8.02323 9.29174 8.86517 10.1756 10.1409 8.65063 7.30938 6.45255 6.68573 8.02323 9.29174 8.86517 10.1756
8.12928 7.79815  8.0601 8.01774 7.38516 7.12146 7.97096 8.62899 8.38949 8.12928 7.79815  8.0601 8.01774 7.38516 7.12146 7.97096 8.62899 8.38949 8.12928 7.79815  8.0601 8.01774 7.38516 7.12146 7.97096 8.62899 8.38949
8.47059 9.75237 7.82845 6.26897  6.5005 7.18711 8.07343 8.51343 6.52334 8.47059 9.75237 7.82845 6.26897  6.5005 7.18711 8.07343 8.51343 6.52334 8.47059 9.75237 7.82845 6.26897  6.5005 7.18711 8.07343 8.51343 6.52334
8.13073 10.5658 8.80691 6.22479 7.28784 9.27149  9.0001 6.90753 5.57683 8.13073 10.5658 8.80691 6.22479 7.28784 9.27149  9.0001 6.90753 5.57683 8.13073 10.5658 8.80691 6.22479 7.28784 9.27149  9.0001 6.90753 5.57683
DCC: ComputeWeights in the PERTURBED LETKF COMPLETED
DCC: Using applyWeights in the PERTURBED LETKF
DCC: ApplyWeights in the PERTURBED LETKF COMPLETED
DCC: Using measurementUpdate in the PERTURBED LETKF
DCC: iens: 0
DCC: iens: 1
DCC: iens: 2
DCC: iens: 3
DCC: iens: 4
DCC: Obs found in this local volume. Do normal LETKF update
DCC: Using computeWeights in the PERTURBED LETKF
DCC: Yb_f:   -1.98234   0.289024    2.72035    2.16368  -0.180966   -1.77679   -1.41562   -1.98234   0.289024    2.72035    2.16368  -0.180966   -1.77679   -1.41562   -1.98234   0.289024    2.72035    2.16368  -0.180966   -1.77679   -1.41562
  -0.04552  -0.764083  -0.968548  -0.819999   0.167653    1.15188   0.990294   -0.04552  -0.764083  -0.968548  -0.819999   0.167653    1.15188   0.990294   -0.04552  -0.764083  -0.968548  -0.819999   0.167653    1.15188   0.990294
 -0.898003 -0.0133683   0.596635  -0.120569  -0.734121    -0.1689   0.754112  -0.898003 -0.0133683   0.596635  -0.120569  -0.734121    -0.1689   0.754112  -0.898003 -0.0133683   0.596635  -0.120569  -0.734121    -0.1689   0.754112
   1.05622  -0.245014   -1.15213   -1.00523  -0.668474 -0.0664308   0.638553    1.05622  -0.245014   -1.15213   -1.00523  -0.668474 -0.0664308   0.638553    1.05622  -0.245014   -1.15213   -1.00523  -0.668474 -0.0664308   0.638553
   1.86964   0.733441   -1.19631  -0.217886    1.41591   0.860239   -0.96734    1.86964   0.733441   -1.19631  -0.217886    1.41591   0.860239   -0.96734    1.86964   0.733441   -1.19631  -0.217886    1.41591   0.860239   -0.96734
DCC: YobsPert_f: 8.73116 7.72543 8.16347 8.12678 8.06877 8.62847 8.91896 7.65055 7.88119 7.96536 7.98277  8.5345 8.43833 8.03118 8.24297 8.34103 7.59825 7.95486 8.27321 8.68703 8.75397
7.40475 7.61898 7.40429 8.71299 7.42015 8.07647 8.07667 7.62055 7.82731 7.12176 7.82735 8.27837 9.16423 8.82104 8.11665 8.12824 8.68035 8.13718 8.70594 8.37421 9.96605
  8.095 8.26739 8.36033 7.67227 8.14629 8.63141 8.35781 7.98619 7.98975 8.85907 8.47696 8.03874 8.43247 8.97348 7.53514 8.54873 8.01475  7.7908 8.52142 8.34797 8.13224
8.27973 8.19485 7.73794 7.47467 8.29762 8.55092  8.7133 8.67073 8.30869 8.08374 8.16188 7.96808 8.09305 8.98367 8.65851 7.26838 7.38724 8.13651 7.87594 8.92841 8.42826
7.49191 8.20681 8.39611 8.25733 8.85592 8.09138 9.33926 8.07618 8.01376 8.05937 7.87849 8.16476 8.14942 8.70779 7.45338 7.74457 8.44456  8.4104 7.82838 8.23393 8.25358
DCC: diagInvR_f: 0.103082
 1.30208
  4.2806
    6.25
  4.2806
 1.30208
0.103082
0.103082
 1.30208
  4.2806
    6.25
  4.2806
 1.30208
0.103082
0.103082
 1.30208
  4.2806
    6.25
  4.2806
 1.30208
0.103082
DCC: HXb_f: 6.71382 8.36249 10.1415 9.66941 7.67461 6.36307 6.45925 6.71382 8.36249 10.1415 9.66941 7.67461 6.36307 6.45925 6.71382 8.36249 10.1415 9.66941 7.67461 6.36307 6.45925
8.65063 7.30938 6.45255 6.68573 8.02323 9.29174 8.86517 8.65063 7.30938 6.45255 6.68573 8.02323 9.29174 8.86517 8.65063 7.30938 6.45255 6.68573 8.02323 9.29174 8.86517
7.79815  8.0601 8.01774 7.38516 7.12146 7.97096 8.62899 7.79815  8.0601 8.01774 7.38516 7.12146 7.97096 8.62899 7.79815  8.0601 8.01774 7.38516 7.12146 7.97096 8.62899
9.75237 7.82845 6.26897  6.5005 7.18711 8.07343 8.51343 9.75237 7.82845 6.26897  6.5005 7.18711 8.07343 8.51343 9.75237 7.82845 6.26897  6.5005 7.18711 8.07343 8.51343
10.5658 8.80691 6.22479 7.28784 9.27149  9.0001 6.90753 10.5658 8.80691 6.22479 7.28784 9.27149  9.0001 6.90753 10.5658 8.80691 6.22479 7.28784 9.27149  9.0001 6.90753
DCC: ComputeWeights in the PERTURBED LETKF COMPLETED
DCC: Using applyWeights in the PERTURBED LETKF
DCC: ApplyWeights in the PERTURBED LETKF COMPLETED
DCC: Using measurementUpdate in the PERTURBED LETKF
DCC: iens: 0
DCC: iens: 1
DCC: iens: 2
DCC: iens: 3
DCC: iens: 4
DCC: Obs found in this local volume. Do normal LETKF update
DCC: Using computeWeights in the PERTURBED LETKF
DCC: Yb_f:   0.289024    2.72035    2.16368  -0.180966   -1.77679   -1.41562   0.685674   0.289024    2.72035    2.16368  -0.180966   -1.77679   -1.41562   0.685674   0.289024    2.72035    2.16368  -0.180966   -1.77679   -1.41562   0.685674
 -0.764083  -0.968548  -0.819999   0.167653    1.15188   0.990294   0.220391  -0.764083  -0.968548  -0.819999   0.167653    1.15188   0.990294   0.220391  -0.764083  -0.968548  -0.819999   0.167653    1.15188   0.990294   0.220391
-0.0133683   0.596635  -0.120569  -0.734121    -0.1689   0.754112  -0.357645 -0.0133683   0.596635  -0.120569  -0.734121    -0.1689   0.754112  -0.357645 -0.0133683   0.596635  -0.120569  -0.734121    -0.1689   0.754112  -0.357645
 -0.245014   -1.15213   -1.00523  -0.668474 -0.0664308   0.638553   0.690415  -0.245014   -1.15213   -1.00523  -0.668474 -0.0664308   0.638553   0.690415  -0.245014   -1.15213   -1.00523  -0.668474 -0.0664308   0.638553   0.690415
  0.733441   -1.19631  -0.217886    1.41591   0.860239   -0.96734   -1.23884   0.733441   -1.19631  -0.217886    1.41591   0.860239   -0.96734   -1.23884   0.733441   -1.19631  -0.217886    1.41591   0.860239   -0.96734   -1.23884
DCC: YobsPert_f: 7.72543 8.16347 8.12678 8.06877 8.62847 8.91896 8.32387 7.88119 7.96536 7.98277  8.5345 8.43833 8.03118 8.65066 8.34103 7.59825 7.95486 8.27321 8.68703 8.75397 8.67342
7.61898 7.40429 8.71299 7.42015 8.07647 8.07667 8.76298 7.82731 7.12176 7.82735 8.27837 9.16423 8.82104 8.41161 8.12824 8.68035 8.13718 8.70594 8.37421 9.96605 7.72626
8.26739 8.36033 7.67227 8.14629 8.63141 8.35781 8.15665 7.98975 8.85907 8.47696 8.03874 8.43247 8.97348 8.14616 8.54873 8.01475  7.7908 8.52142 8.34797 8.13224 8.67016
8.19485 7.73794 7.47467 8.29762 8.55092  8.7133 8.78771 8.30869 8.08374 8.16188 7.96808 8.09305 8.98367 8.03967 7.26838 7.38724 8.13651 7.87594 8.92841 8.42826 7.81784
8.20681 8.39611 8.25733 8.85592 8.09138 9.33926 8.61474 8.01376 8.05937 7.87849 8.16476 8.14942 8.70779  8.7866 7.74457 8.44456  8.4104 7.82838 8.23393 8.25358 8.39382
DCC: diagInvR_f: 0.103082
 1.30208
  4.2806
    6.25
  4.2806
 1.30208
0.103082
0.103082
 1.30208
  4.2806
    6.25
  4.2806
 1.30208
0.103082
0.103082
 1.30208
  4.2806
    6.25
  4.2806
 1.30208
0.103082
DCC: HXb_f: 8.36249 10.1415 9.66941 7.67461 6.36307 6.45925 7.90633 8.36249 10.1415 9.66941 7.67461 6.36307 6.45925 7.90633 8.36249 10.1415 9.66941 7.67461 6.36307 6.45925 7.90633
7.30938 6.45255 6.68573 8.02323 9.29174 8.86517 7.44104 7.30938 6.45255 6.68573 8.02323 9.29174 8.86517 7.44104 7.30938 6.45255 6.68573 8.02323 9.29174 8.86517 7.44104
 8.0601 8.01774 7.38516 7.12146 7.97096 8.62899 6.86301  8.0601 8.01774 7.38516 7.12146 7.97096 8.62899 6.86301  8.0601 8.01774 7.38516 7.12146 7.97096 8.62899 6.86301
7.82845 6.26897  6.5005 7.18711 8.07343 8.51343 7.91107 7.82845 6.26897  6.5005 7.18711 8.07343 8.51343 7.91107 7.82845 6.26897  6.5005 7.18711 8.07343 8.51343 7.91107
8.80691 6.22479 7.28784 9.27149  9.0001 6.90753 5.98182 8.80691 6.22479 7.28784 9.27149  9.0001 6.90753 5.98182 8.80691 6.22479 7.28784 9.27149  9.0001 6.90753 5.98182
DCC: ComputeWeights in the PERTURBED LETKF COMPLETED
DCC: Using applyWeights in the PERTURBED LETKF
DCC: ApplyWeights in the PERTURBED LETKF COMPLETED
DCC: Using measurementUpdate in the PERTURBED LETKF
DCC: iens: 0
DCC: iens: 1
DCC: iens: 2
DCC: iens: 3
DCC: iens: 4
DCC: Obs found in this local volume. Do normal LETKF update
DCC: Using computeWeights in the PERTURBED LETKF
DCC: Yb_f:   0.289024    2.72035    2.16368  -0.180966   -1.77679   -1.41562   0.685674    2.06449   0.289024    2.72035    2.16368  -0.180966   -1.77679   -1.41562   0.685674    2.06449   0.289024    2.72035    2.16368  -0.180966   -1.77679   -1.41562   0.685674    2.06449
 -0.764083  -0.968548  -0.819999   0.167653    1.15188   0.990294   0.220391  -0.339024  -0.764083  -0.968548  -0.819999   0.167653    1.15188   0.990294   0.220391  -0.339024  -0.764083  -0.968548  -0.819999   0.167653    1.15188   0.990294   0.220391  -0.339024
-0.0133683   0.596635  -0.120569  -0.734121    -0.1689   0.754112  -0.357645   -1.55256 -0.0133683   0.596635  -0.120569  -0.734121    -0.1689   0.754112  -0.357645   -1.55256 -0.0133683   0.596635  -0.120569  -0.734121    -0.1689   0.754112  -0.357645   -1.55256
 -0.245014   -1.15213   -1.00523  -0.668474 -0.0664308   0.638553   0.690415  0.0284574  -0.245014   -1.15213   -1.00523  -0.668474 -0.0664308   0.638553   0.690415  0.0284574  -0.245014   -1.15213   -1.00523  -0.668474 -0.0664308   0.638553   0.690415  0.0284574
  0.733441   -1.19631  -0.217886    1.41591   0.860239   -0.96734   -1.23884  -0.201366   0.733441   -1.19631  -0.217886    1.41591   0.860239   -0.96734   -1.23884  -0.201366   0.733441   -1.19631  -0.217886    1.41591   0.860239   -0.96734   -1.23884  -0.201366
DCC: YobsPert_f: 7.72543 8.16347 8.12678 8.06877 8.62847 8.91896 8.32387 7.37037 7.88119 7.96536 7.98277  8.5345 8.43833 8.03118 8.65066 6.70332 8.34103 7.59825 7.95486 8.27321 8.68703 8.75397 8.67342 6.80389
7.61898 7.40429 8.71299 7.42015 8.07647 8.07667 8.76298 7.31929 7.82731 7.12176 7.82735 8.27837 9.16423 8.82104 8.41161 6.89868 8.12824 8.68035 8.13718 8.70594 8.37421 9.96605 7.72626 6.83759
8.26739 8.36033 7.67227 8.14629 8.63141 8.35781 8.15665 7.62941 7.98975 8.85907 8.47696 8.03874 8.43247 8.97348 8.14616 8.17716 8.54873 8.01475  7.7908 8.52142 8.34797 8.13224 8.67016 6.85752
8.19485 7.73794 7.47467 8.29762 8.55092  8.7133 8.78771 7.70567 8.30869 8.08374 8.16188 7.96808 8.09305 8.98367 8.03967 7.26434 7.26838 7.38724 8.13651 7.87594 8.92841 8.42826 7.81784  7.3698
8.20681 8.39611 8.25733 8.85592 8.09138 9.33926 8.61474 7.28861 8.01376 8.05937 7.87849 8.16476 8.14942 8.70779  8.7866  7.1904 7.74457 8.44456  8.4104 7.82838 8.23393 8.25358 8.39382 7.29505
DCC: diagInvR_f: 3.46945e-15
   0.103082
    1.30208
     4.2806
       6.25
     4.2806
    1.30208
   0.103082
3.46945e-15
   0.103082
    1.30208
     4.2806
       6.25
     4.2806
    1.30208
   0.103082
3.46945e-15
   0.103082
    1.30208
     4.2806
       6.25
     4.2806
    1.30208
   0.103082
DCC: HXb_f: 8.36249 10.1415 9.66941 7.67461 6.36307 6.45925 7.90633 8.98587 8.36249 10.1415 9.66941 7.67461 6.36307 6.45925 7.90633 8.98587 8.36249 10.1415 9.66941 7.67461 6.36307 6.45925 7.90633 8.98587
7.30938 6.45255 6.68573 8.02323 9.29174 8.86517 7.44104 6.58235 7.30938 6.45255 6.68573 8.02323 9.29174 8.86517 7.44104 6.58235 7.30938 6.45255 6.68573 8.02323 9.29174 8.86517 7.44104 6.58235
 8.0601 8.01774 7.38516 7.12146 7.97096 8.62899 6.86301 5.36881  8.0601 8.01774 7.38516 7.12146 7.97096 8.62899 6.86301 5.36881  8.0601 8.01774 7.38516 7.12146 7.97096 8.62899 6.86301 5.36881
7.82845 6.26897  6.5005 7.18711 8.07343 8.51343 7.91107 6.94983 7.82845 6.26897  6.5005 7.18711 8.07343 8.51343 7.91107 6.94983 7.82845 6.26897  6.5005 7.18711 8.07343 8.51343 7.91107 6.94983
8.80691 6.22479 7.28784 9.27149  9.0001 6.90753 5.98182 6.72001 8.80691 6.22479 7.28784 9.27149  9.0001 6.90753 5.98182 6.72001 8.80691 6.22479 7.28784 9.27149  9.0001 6.90753 5.98182 6.72001
DCC: ComputeWeights in the PERTURBED LETKF COMPLETED
DCC: Using applyWeights in the PERTURBED LETKF
DCC: ApplyWeights in the PERTURBED LETKF COMPLETED
DCC: Using measurementUpdate in the PERTURBED LETKF
DCC: iens: 0
DCC: iens: 1
DCC: iens: 2
DCC: iens: 3
DCC: iens: 4
DCC: Obs found in this local volume. Do normal LETKF update
DCC: Using computeWeights in the PERTURBED LETKF
DCC: Yb_f:    2.72035    2.16368  -0.180966   -1.77679   -1.41562   0.685674    2.06449   0.757687    2.72035    2.16368  -0.180966   -1.77679   -1.41562   0.685674    2.06449   0.757687    2.72035    2.16368  -0.180966   -1.77679   -1.41562   0.685674    2.06449   0.757687
 -0.968548  -0.819999   0.167653    1.15188   0.990294   0.220391  -0.339024   -1.26673  -0.968548  -0.819999   0.167653    1.15188   0.990294   0.220391  -0.339024   -1.26673  -0.968548  -0.819999   0.167653    1.15188   0.990294   0.220391  -0.339024   -1.26673
  0.596635  -0.120569  -0.734121    -0.1689   0.754112  -0.357645   -1.55256  -0.193694   0.596635  -0.120569  -0.734121    -0.1689   0.754112  -0.357645   -1.55256  -0.193694   0.596635  -0.120569  -0.734121    -0.1689   0.754112  -0.357645   -1.55256  -0.193694
  -1.15213   -1.00523  -0.668474 -0.0664308   0.638553   0.690415  0.0284574 -0.0509377   -1.15213   -1.00523  -0.668474 -0.0664308   0.638553   0.690415  0.0284574 -0.0509377   -1.15213   -1.00523  -0.668474 -0.0664308   0.638553   0.690415  0.0284574 -0.0509377
  -1.19631  -0.217886    1.41591   0.860239   -0.96734   -1.23884  -0.201366   0.753679   -1.19631  -0.217886    1.41591   0.860239   -0.96734   -1.23884  -0.201366   0.753679   -1.19631  -0.217886    1.41591   0.860239   -0.96734   -1.23884  -0.201366   0.753679
DCC: YobsPert_f: 8.16347 8.12678 8.06877 8.62847 8.91896 8.32387 7.37037 6.20813 7.96536 7.98277  8.5345 8.43833 8.03118 8.65066 6.70332 6.69229 7.59825 7.95486 8.27321 8.68703 8.75397 8.67342 6.80389 7.04155
7.40429 8.71299 7.42015 8.07647 8.07667 8.76298 7.31929 7.18043 7.12176 7.82735 8.27837 9.16423 8.82104 8.41161 6.89868 6.84907 8.68035 8.13718 8.70594 8.37421 9.96605 7.72626 6.83759 6.03312
8.36033 7.67227 8.14629 8.63141 8.35781 8.15665 7.62941 6.77596 8.85907 8.47696 8.03874 8.43247 8.97348 8.14616 8.17716 6.50327 8.01475  7.7908 8.52142 8.34797 8.13224 8.67016 6.85752  6.2818
7.73794 7.47467 8.29762 8.55092  8.7133 8.78771 7.70567 6.18716 8.08374 8.16188 7.96808 8.09305 8.98367 8.03967 7.26434 6.71978 7.38724 8.13651 7.87594 8.92841 8.42826 7.81784  7.3698 6.63416
8.39611 8.25733 8.85592 8.09138 9.33926 8.61474 7.28861 6.66207 8.05937 7.87849 8.16476 8.14942 8.70779  8.7866  7.1904 6.03034 8.44456  8.4104 7.82838 8.23393 8.25358 8.39382 7.29505 6.73176
DCC: diagInvR_f: 3.46945e-15
   0.103082
    1.30208
     4.2806
       6.25
     4.2806
    1.30208
   0.103082
3.46945e-15
   0.103082
    1.30208
     4.2806
       6.25
     4.2806
    1.30208
   0.103082
3.46945e-15
   0.103082
    1.30208
     4.2806
       6.25
     4.2806
    1.30208
   0.103082
DCC: HXb_f: 10.1415 9.66941 7.67461 6.36307 6.45925 7.90633 8.98587 8.12127 10.1415 9.66941 7.67461 6.36307 6.45925 7.90633 8.98587 8.12127 10.1415 9.66941 7.67461 6.36307 6.45925 7.90633 8.98587 8.12127
6.45255 6.68573 8.02323 9.29174 8.86517 7.44104 6.58235 6.09685 6.45255 6.68573 8.02323 9.29174 8.86517 7.44104 6.58235 6.09685 6.45255 6.68573 8.02323 9.29174 8.86517 7.44104 6.58235 6.09685
8.01774 7.38516 7.12146 7.97096 8.62899 6.86301 5.36881 7.16989 8.01774 7.38516 7.12146 7.97096 8.62899 6.86301 5.36881 7.16989 8.01774 7.38516 7.12146 7.97096 8.62899 6.86301 5.36881 7.16989
6.26897  6.5005 7.18711 8.07343 8.51343 7.91107 6.94983 7.31265 6.26897  6.5005 7.18711 8.07343 8.51343 7.91107 6.94983 7.31265 6.26897  6.5005 7.18711 8.07343 8.51343 7.91107 6.94983 7.31265
6.22479 7.28784 9.27149  9.0001 6.90753 5.98182 6.72001 8.11726 6.22479 7.28784 9.27149  9.0001 6.90753 5.98182 6.72001 8.11726 6.22479 7.28784 9.27149  9.0001 6.90753 5.98182 6.72001 8.11726
DCC: ComputeWeights in the PERTURBED LETKF COMPLETED
DCC: Using applyWeights in the PERTURBED LETKF
DCC: ApplyWeights in the PERTURBED LETKF COMPLETED
DCC: Using measurementUpdate in the PERTURBED LETKF
DCC: iens: 0
DCC: iens: 1
DCC: iens: 2
DCC: iens: 3
DCC: iens: 4
DCC: Obs found in this local volume. Do normal LETKF update
DCC: Using computeWeights in the PERTURBED LETKF
DCC: Yb_f:  -0.180966   -1.77679   -1.41562   0.685674    2.06449   0.757687   -1.34638   -1.49659  -0.180966   -1.77679   -1.41562   0.685674    2.06449   0.757687   -1.34638   -1.49659  -0.180966   -1.77679   -1.41562   0.685674    2.06449   0.757687   -1.34638   -1.49659
  0.167653    1.15188   0.990294   0.220391  -0.339024   -1.26673   -1.84127  -0.480836   0.167653    1.15188   0.990294   0.220391  -0.339024   -1.26673   -1.84127  -0.480836   0.167653    1.15188   0.990294   0.220391  -0.339024   -1.26673   -1.84127  -0.480836
 -0.734121    -0.1689   0.754112  -0.357645   -1.55256  -0.193694     1.3336   0.421868  -0.734121    -0.1689   0.754112  -0.357645   -1.55256  -0.193694     1.3336   0.421868  -0.734121    -0.1689   0.754112  -0.357645   -1.55256  -0.193694     1.3336   0.421868
 -0.668474 -0.0664308   0.638553   0.690415  0.0284574 -0.0509377    1.65484    3.02107  -0.668474 -0.0664308   0.638553   0.690415  0.0284574 -0.0509377    1.65484    3.02107  -0.668474 -0.0664308   0.638553   0.690415  0.0284574 -0.0509377    1.65484    3.02107
   1.41591   0.860239   -0.96734   -1.23884  -0.201366   0.753679   0.199213   -1.46551    1.41591   0.860239   -0.96734   -1.23884  -0.201366   0.753679   0.199213   -1.46551    1.41591   0.860239   -0.96734   -1.23884  -0.201366   0.753679   0.199213   -1.46551
DCC: YobsPert_f: 8.06877 8.62847 8.91896 8.32387 7.37037 6.20813 7.68386 9.49723  8.5345 8.43833 8.03118 8.65066 6.70332 6.69229 7.78008 9.57359 8.27321 8.68703 8.75397 8.67342 6.80389 7.04155 8.51935 9.44862
7.42015 8.07647 8.07667 8.76298 7.31929 7.18043 7.67151 9.39008 8.27837 9.16423 8.82104 8.41161 6.89868 6.84907  7.8653 9.76273 8.70594 8.37421 9.96605 7.72626 6.83759 6.03312  8.4475 9.04125
8.14629 8.63141 8.35781 8.15665 7.62941 6.77596 7.17381 8.35983 8.03874 8.43247 8.97348 8.14616 8.17716 6.50327 8.62144 10.0429 8.52142 8.34797 8.13224 8.67016 6.85752  6.2818 7.78963 9.58676
8.29762 8.55092  8.7133 8.78771 7.70567 6.18716  7.7958  8.5646 7.96808 8.09305 8.98367 8.03967 7.26434 6.71978 7.46853 8.85308 7.87594 8.92841 8.42826 7.81784  7.3698 6.63416 7.34139 9.79955
8.85592 8.09138 9.33926 8.61474 7.28861 6.66207 8.30873 9.76831 8.16476 8.14942 8.70779  8.7866  7.1904 6.03034 7.66814 8.15835 7.82838 8.23393 8.25358 8.39382 7.29505 6.73176 8.21567 9.30858
DCC: diagInvR_f:     0.103082
     1.30208
      4.2806
        6.25
      4.2806
     1.30208
    0.103082
-2.42861e-15
    0.103082
     1.30208
      4.2806
        6.25
      4.2806
     1.30208
    0.103082
-2.42861e-15
    0.103082
     1.30208
      4.2806
        6.25
      4.2806
     1.30208
    0.103082
-2.42861e-15
DCC: HXb_f: 7.67461 6.36307 6.45925 7.90633 8.98587 8.12127 6.88835 7.15572 7.67461 6.36307 6.45925 7.90633 8.98587 8.12127 6.88835 7.15572 7.67461 6.36307 6.45925 7.90633 8.98587 8.12127 6.88835 7.15572
8.02323 9.29174 8.86517 7.44104 6.58235 6.09685 6.39346 8.17148 8.02323 9.29174 8.86517 7.44104 6.58235 6.09685 6.39346 8.17148 8.02323 9.29174 8.86517 7.44104 6.58235 6.09685 6.39346 8.17148
7.12146 7.97096 8.62899 6.86301 5.36881 7.16989 9.56833 9.07418 7.12146 7.97096 8.62899 6.86301 5.36881 7.16989 9.56833 9.07418 7.12146 7.97096 8.62899 6.86301 5.36881 7.16989 9.56833 9.07418
7.18711 8.07343 8.51343 7.91107 6.94983 7.31265 9.88957 11.6734 7.18711 8.07343 8.51343 7.91107 6.94983 7.31265 9.88957 11.6734 7.18711 8.07343 8.51343 7.91107 6.94983 7.31265 9.88957 11.6734
9.27149  9.0001 6.90753 5.98182 6.72001 8.11726 8.43395 7.18681 9.27149  9.0001 6.90753 5.98182 6.72001 8.11726 8.43395 7.18681 9.27149  9.0001 6.90753 5.98182 6.72001 8.11726 8.43395 7.18681
DCC: ComputeWeights in the PERTURBED LETKF COMPLETED
DCC: Using applyWeights in the PERTURBED LETKF
DCC: ApplyWeights in the PERTURBED LETKF COMPLETED
DCC: Using measurementUpdate in the PERTURBED LETKF
DCC: iens: 0
DCC: iens: 1
DCC: iens: 2
DCC: iens: 3
DCC: iens: 4
DCC: Obs found in this local volume. Do normal LETKF update
DCC: Using computeWeights in the PERTURBED LETKF
DCC: Yb_f:   -1.77679   -1.41562   0.685674    2.06449   0.757687   -1.34638   -1.49659   -1.77679   -1.41562   0.685674    2.06449   0.757687   -1.34638   -1.49659   -1.77679   -1.41562   0.685674    2.06449   0.757687   -1.34638   -1.49659
   1.15188   0.990294   0.220391  -0.339024   -1.26673   -1.84127  -0.480836    1.15188   0.990294   0.220391  -0.339024   -1.26673   -1.84127  -0.480836    1.15188   0.990294   0.220391  -0.339024   -1.26673   -1.84127  -0.480836
   -0.1689   0.754112  -0.357645   -1.55256  -0.193694     1.3336   0.421868    -0.1689   0.754112  -0.357645   -1.55256  -0.193694     1.3336   0.421868    -0.1689   0.754112  -0.357645   -1.55256  -0.193694     1.3336   0.421868
-0.0664308   0.638553   0.690415  0.0284574 -0.0509377    1.65484    3.02107 -0.0664308   0.638553   0.690415  0.0284574 -0.0509377    1.65484    3.02107 -0.0664308   0.638553   0.690415  0.0284574 -0.0509377    1.65484    3.02107
  0.860239   -0.96734   -1.23884  -0.201366   0.753679   0.199213   -1.46551   0.860239   -0.96734   -1.23884  -0.201366   0.753679   0.199213   -1.46551   0.860239   -0.96734   -1.23884  -0.201366   0.753679   0.199213   -1.46551
DCC: YobsPert_f: 8.62847 8.91896 8.32387 7.37037 6.20813 7.68386 9.49723 8.43833 8.03118 8.65066 6.70332 6.69229 7.78008 9.57359 8.68703 8.75397 8.67342 6.80389 7.04155 8.51935 9.44862
8.07647 8.07667 8.76298 7.31929 7.18043 7.67151 9.39008 9.16423 8.82104 8.41161 6.89868 6.84907  7.8653 9.76273 8.37421 9.96605 7.72626 6.83759 6.03312  8.4475 9.04125
8.63141 8.35781 8.15665 7.62941 6.77596 7.17381 8.35983 8.43247 8.97348 8.14616 8.17716 6.50327 8.62144 10.0429 8.34797 8.13224 8.67016 6.85752  6.2818 7.78963 9.58676
8.55092  8.7133 8.78771 7.70567 6.18716  7.7958  8.5646 8.09305 8.98367 8.03967 7.26434 6.71978 7.46853 8.85308 8.92841 8.42826 7.81784  7.3698 6.63416 7.34139 9.79955
8.09138 9.33926 8.61474 7.28861 6.66207 8.30873 9.76831 8.14942 8.70779  8.7866  7.1904 6.03034 7.66814 8.15835 8.23393 8.25358 8.39382 7.29505 6.73176 8.21567 9.30858
DCC: diagInvR_f: 0.103082
 1.30208
  4.2806
    6.25
  4.2806
 1.30208
0.103082
0.103082
 1.30208
  4.2806
    6.25
  4.2806
 1.30208
0.103082
0.103082
 1.30208
  4.2806
    6.25
  4.2806
 1.30208
0.103082
DCC: HXb_f: 6.36307 6.45925 7.90633 8.98587 8.12127 6.88835 7.15572 6.36307 6.45925 7.90633 8.98587 8.12127 6.88835 7.15572 6.36307 6.45925 7.90633 8.98587 8.12127 6.88835 7.15572
9.29174 8.86517 7.44104 6.58235 6.09685 6.39346 8.17148 9.29174 8.86517 7.44104 6.58235 6.09685 6.39346 8.17148 9.29174 8.86517 7.44104 6.58235 6.09685 6.39346 8.17148
7.97096 8.62899 6.86301 5.36881 7.16989 9.56833 9.07418 7.97096 8.62899 6.86301 5.36881 7.16989 9.56833 9.07418 7.97096 8.62899 6.86301 5.36881 7.16989 9.56833 9.07418
8.07343 8.51343 7.91107 6.94983 7.31265 9.88957 11.6734 8.07343 8.51343 7.91107 6.94983 7.31265 9.88957 11.6734 8.07343 8.51343 7.91107 6.94983 7.31265 9.88957 11.6734
 9.0001 6.90753 5.98182 6.72001 8.11726 8.43395 7.18681  9.0001 6.90753 5.98182 6.72001 8.11726 8.43395 7.18681  9.0001 6.90753 5.98182 6.72001 8.11726 8.43395 7.18681
DCC: ComputeWeights in the PERTURBED LETKF COMPLETED
DCC: Using applyWeights in the PERTURBED LETKF
DCC: ApplyWeights in the PERTURBED LETKF COMPLETED
DCC: Using measurementUpdate in the PERTURBED LETKF
DCC: iens: 0
DCC: iens: 1
DCC: iens: 2
DCC: iens: 3
DCC: iens: 4
DCC: Obs found in this local volume. Do normal LETKF update
DCC: Using computeWeights in the PERTURBED LETKF
DCC: Yb_f:   -1.41562   0.685674    2.06449   0.757687   -1.34638   -1.49659 -0.0371728    0.88309   -1.41562   0.685674    2.06449   0.757687   -1.34638   -1.49659 -0.0371728    0.88309   -1.41562   0.685674    2.06449   0.757687   -1.34638   -1.49659 -0.0371728    0.88309
  0.990294   0.220391  -0.339024   -1.26673   -1.84127  -0.480836    2.15659    1.54754   0.990294   0.220391  -0.339024   -1.26673   -1.84127  -0.480836    2.15659    1.54754   0.990294   0.220391  -0.339024   -1.26673   -1.84127  -0.480836    2.15659    1.54754
  0.754112  -0.357645   -1.55256  -0.193694     1.3336   0.421868  -0.793902  0.0175848   0.754112  -0.357645   -1.55256  -0.193694     1.3336   0.421868  -0.793902  0.0175848   0.754112  -0.357645   -1.55256  -0.193694     1.3336   0.421868  -0.793902  0.0175848
  0.638553   0.690415  0.0284574 -0.0509377    1.65484    3.02107   -0.28736   -3.42628   0.638553   0.690415  0.0284574 -0.0509377    1.65484    3.02107   -0.28736   -3.42628   0.638553   0.690415  0.0284574 -0.0509377    1.65484    3.02107   -0.28736   -3.42628
  -0.96734   -1.23884  -0.201366   0.753679   0.199213   -1.46551   -1.03816   0.978058   -0.96734   -1.23884  -0.201366   0.753679   0.199213   -1.46551   -1.03816   0.978058   -0.96734   -1.23884  -0.201366   0.753679   0.199213   -1.46551   -1.03816   0.978058
DCC: YobsPert_f: 8.91896 8.32387 7.37037 6.20813 7.68386 9.49723 8.08411  7.3855 8.03118 8.65066 6.70332 6.69229 7.78008 9.57359 7.79276 6.92107 8.75397 8.67342 6.80389 7.04155 8.51935 9.44862 8.10937  7.2848
8.07667 8.76298 7.31929 7.18043 7.67151 9.39008 8.42608  7.6937 8.82104 8.41161 6.89868 6.84907  7.8653 9.76273 8.73405 7.21203 9.96605 7.72626 6.83759 6.03312  8.4475 9.04125 7.79377 6.59935
8.35781 8.15665 7.62941 6.77596 7.17381 8.35983 8.54251 7.37793 8.97348 8.14616 8.17716 6.50327 8.62144 10.0429 8.08692 7.21804 8.13224 8.67016 6.85752  6.2818 7.78963 9.58676  8.8492 7.35838
 8.7133 8.78771 7.70567 6.18716  7.7958  8.5646 8.74029 7.39017 8.98367 8.03967 7.26434 6.71978 7.46853 8.85308 9.42242 7.17822 8.42826 7.81784  7.3698 6.63416 7.34139 9.79955 8.58326  7.0413
9.33926 8.61474 7.28861 6.66207 8.30873 9.76831  8.3191 7.04095 8.70779  8.7866  7.1904 6.03034 7.66814 8.15835 7.76635 7.63159 8.25358 8.39382 7.29505 6.73176 8.21567 9.30858 7.96996 7.08262
DCC: diagInvR_f:     0.103082
     1.30208
      4.2806
        6.25
      4.2806
     1.30208
    0.103082
-2.42861e-15
    0.103082
     1.30208
      4.2806
        6.25
      4.2806
     1.30208
    0.103082
-2.42861e-15
    0.103082
     1.30208
      4.2806
        6.25
      4.2806
     1.30208
    0.103082
-2.42861e-15
DCC: HXb_f: 6.45925 7.90633 8.98587 8.12127 6.88835 7.15572  8.0638 8.45576 6.45925 7.90633 8.98587 8.12127 6.88835 7.15572  8.0638 8.45576 6.45925 7.90633 8.98587 8.12127 6.88835 7.15572  8.0638 8.45576
8.86517 7.44104 6.58235 6.09685 6.39346 8.17148 10.2576 9.12021 8.86517 7.44104 6.58235 6.09685 6.39346 8.17148 10.2576 9.12021 8.86517 7.44104 6.58235 6.09685 6.39346 8.17148 10.2576 9.12021
8.62899 6.86301 5.36881 7.16989 9.56833 9.07418 7.30707 7.59025 8.62899 6.86301 5.36881 7.16989 9.56833 9.07418 7.30707 7.59025 8.62899 6.86301 5.36881 7.16989 9.56833 9.07418 7.30707 7.59025
8.51343 7.91107 6.94983 7.31265 9.88957 11.6734 7.81361 4.14639 8.51343 7.91107 6.94983 7.31265 9.88957 11.6734 7.81361 4.14639 8.51343 7.91107 6.94983 7.31265 9.88957 11.6734 7.81361 4.14639
6.90753 5.98182 6.72001 8.11726 8.43395 7.18681 7.06282 8.55072 6.90753 5.98182 6.72001 8.11726 8.43395 7.18681 7.06282 8.55072 6.90753 5.98182 6.72001 8.11726 8.43395 7.18681 7.06282 8.55072
DCC: ComputeWeights in the PERTURBED LETKF COMPLETED
DCC: Using applyWeights in the PERTURBED LETKF
DCC: ApplyWeights in the PERTURBED LETKF COMPLETED
DCC: Using measurementUpdate in the PERTURBED LETKF
DCC: iens: 0
DCC: iens: 1
DCC: iens: 2
DCC: iens: 3
DCC: iens: 4
DCC: Obs found in this local volume. Do normal LETKF update
DCC: Using computeWeights in the PERTURBED LETKF
DCC: Yb_f:   0.685674    2.06449   0.757687   -1.34638   -1.49659 -0.0371728    0.88309    1.03813   0.685674    2.06449   0.757687   -1.34638   -1.49659 -0.0371728    0.88309    1.03813   0.685674    2.06449   0.757687   -1.34638   -1.49659 -0.0371728    0.88309    1.03813
  0.220391  -0.339024   -1.26673   -1.84127  -0.480836    2.15659    1.54754   -2.45908   0.220391  -0.339024   -1.26673   -1.84127  -0.480836    2.15659    1.54754   -2.45908   0.220391  -0.339024   -1.26673   -1.84127  -0.480836    2.15659    1.54754   -2.45908
 -0.357645   -1.55256  -0.193694     1.3336   0.421868  -0.793902  0.0175848    1.62218  -0.357645   -1.55256  -0.193694     1.3336   0.421868  -0.793902  0.0175848    1.62218  -0.357645   -1.55256  -0.193694     1.3336   0.421868  -0.793902  0.0175848    1.62218
  0.690415  0.0284574 -0.0509377    1.65484    3.02107   -0.28736   -3.42628   -1.95583   0.690415  0.0284574 -0.0509377    1.65484    3.02107   -0.28736   -3.42628   -1.95583   0.690415  0.0284574 -0.0509377    1.65484    3.02107   -0.28736   -3.42628   -1.95583
  -1.23884  -0.201366   0.753679   0.199213   -1.46551   -1.03816   0.978058     1.7546   -1.23884  -0.201366   0.753679   0.199213   -1.46551   -1.03816   0.978058     1.7546   -1.23884  -0.201366   0.753679   0.199213   -1.46551   -1.03816   0.978058     1.7546
DCC: YobsPert_f: 8.32387 7.37037 6.20813 7.68386 9.49723 8.08411  7.3855 8.09927 8.65066 6.70332 6.69229 7.78008 9.57359 7.79276 6.92107 7.20681 8.67342 6.80389 7.04155 8.51935 9.44862 8.10937  7.2848 7.92457
8.76298 7.31929 7.18043 7.67151 9.39008 8.42608  7.6937 8.25178 8.41161 6.89868 6.84907  7.8653 9.76273 8.73405 7.21203  7.3912 7.72626 6.83759 6.03312  8.4475 9.04125 7.79377 6.59935 7.44308
8.15665 7.62941 6.77596 7.17381 8.35983 8.54251 7.37793 7.33679 8.14616 8.17716 6.50327 8.62144 10.0429 8.08692 7.21804 8.26786 8.67016 6.85752  6.2818 7.78963 9.58676  8.8492 7.35838 7.81897
8.78771 7.70567 6.18716  7.7958  8.5646 8.74029 7.39017 7.77387 8.03967 7.26434 6.71978 7.46853 8.85308 9.42242 7.17822 8.36163 7.81784  7.3698 6.63416 7.34139 9.79955 8.58326  7.0413 7.59271
8.61474 7.28861 6.66207 8.30873 9.76831  8.3191 7.04095 7.20404  8.7866  7.1904 6.03034 7.66814 8.15835 7.76635 7.63159 7.39835 8.39382 7.29505 6.73176 8.21567 9.30858 7.96996 7.08262 7.88086
DCC: diagInvR_f:     0.103082
     1.30208
      4.2806
        6.25
      4.2806
     1.30208
    0.103082
-2.42861e-15
    0.103082
     1.30208
      4.2806
        6.25
      4.2806
     1.30208
    0.103082
-2.42861e-15
    0.103082
     1.30208
      4.2806
        6.25
      4.2806
     1.30208
    0.103082
-2.42861e-15
DCC: HXb_f: 7.90633 8.98587 8.12127 6.88835 7.15572  8.0638 8.45576 8.21614 7.90633 8.98587 8.12127 6.88835 7.15572  8.0638 8.45576 8.21614 7.90633 8.98587 8.12127 6.88835 7.15572  8.0638 8.45576 8.21614
7.44104 6.58235 6.09685 6.39346 8.17148 10.2576 9.12021 4.71892 7.44104 6.58235 6.09685 6.39346 8.17148 10.2576 9.12021 4.71892 7.44104 6.58235 6.09685 6.39346 8.17148 10.2576 9.12021 4.71892
6.86301 5.36881 7.16989 9.56833 9.07418 7.30707 7.59025 8.80018 6.86301 5.36881 7.16989 9.56833 9.07418 7.30707 7.59025 8.80018 6.86301 5.36881 7.16989 9.56833 9.07418 7.30707 7.59025 8.80018
7.91107 6.94983 7.31265 9.88957 11.6734 7.81361 4.14639 5.22217 7.91107 6.94983 7.31265 9.88957 11.6734 7.81361 4.14639 5.22217 7.91107 6.94983 7.31265 9.88957 11.6734 7.81361 4.14639 5.22217
5.98182 6.72001 8.11726 8.43395 7.18681 7.06282 8.55072 8.93261 5.98182 6.72001 8.11726 8.43395 7.18681 7.06282 8.55072 8.93261 5.98182 6.72001 8.11726 8.43395 7.18681 7.06282 8.55072 8.93261
DCC: ComputeWeights in the PERTURBED LETKF COMPLETED
DCC: Using applyWeights in the PERTURBED LETKF
DCC: ApplyWeights in the PERTURBED LETKF COMPLETED
DCC: Using measurementUpdate in the PERTURBED LETKF
DCC: iens: 0
DCC: iens: 1
DCC: iens: 2
DCC: iens: 3
DCC: iens: 4
DCC: Obs found in this local volume. Do normal LETKF update
DCC: Using computeWeights in the PERTURBED LETKF
DCC: Yb_f:   0.685674    2.06449   0.757687   -1.34638   -1.49659 -0.0371728    0.88309    1.03813   0.685674    2.06449   0.757687   -1.34638   -1.49659 -0.0371728    0.88309    1.03813   0.685674    2.06449   0.757687   -1.34638   -1.49659 -0.0371728    0.88309    1.03813
  0.220391  -0.339024   -1.26673   -1.84127  -0.480836    2.15659    1.54754   -2.45908   0.220391  -0.339024   -1.26673   -1.84127  -0.480836    2.15659    1.54754   -2.45908   0.220391  -0.339024   -1.26673   -1.84127  -0.480836    2.15659    1.54754   -2.45908
 -0.357645   -1.55256  -0.193694     1.3336   0.421868  -0.793902  0.0175848    1.62218  -0.357645   -1.55256  -0.193694     1.3336   0.421868  -0.793902  0.0175848    1.62218  -0.357645   -1.55256  -0.193694     1.3336   0.421868  -0.793902  0.0175848    1.62218
  0.690415  0.0284574 -0.0509377    1.65484    3.02107   -0.28736   -3.42628   -1.95583   0.690415  0.0284574 -0.0509377    1.65484    3.02107   -0.28736   -3.42628   -1.95583   0.690415  0.0284574 -0.0509377    1.65484    3.02107   -0.28736   -3.42628   -1.95583
  -1.23884  -0.201366   0.753679   0.199213   -1.46551   -1.03816   0.978058     1.7546   -1.23884  -0.201366   0.753679   0.199213   -1.46551   -1.03816   0.978058     1.7546   -1.23884  -0.201366   0.753679   0.199213   -1.46551   -1.03816   0.978058     1.7546
DCC: YobsPert_f: 8.32387 7.37037 6.20813 7.68386 9.49723 8.08411  7.3855 8.09927 8.65066 6.70332 6.69229 7.78008 9.57359 7.79276 6.92107 7.20681 8.67342 6.80389 7.04155 8.51935 9.44862 8.10937  7.2848 7.92457
8.76298 7.31929 7.18043 7.67151 9.39008 8.42608  7.6937 8.25178 8.41161 6.89868 6.84907  7.8653 9.76273 8.73405 7.21203  7.3912 7.72626 6.83759 6.03312  8.4475 9.04125 7.79377 6.59935 7.44308
8.15665 7.62941 6.77596 7.17381 8.35983 8.54251 7.37793 7.33679 8.14616 8.17716 6.50327 8.62144 10.0429 8.08692 7.21804 8.26786 8.67016 6.85752  6.2818 7.78963 9.58676  8.8492 7.35838 7.81897
8.78771 7.70567 6.18716  7.7958  8.5646 8.74029 7.39017 7.77387 8.03967 7.26434 6.71978 7.46853 8.85308 9.42242 7.17822 8.36163 7.81784  7.3698 6.63416 7.34139 9.79955 8.58326  7.0413 7.59271
8.61474 7.28861 6.66207 8.30873 9.76831  8.3191 7.04095 7.20404  8.7866  7.1904 6.03034 7.66814 8.15835 7.76635 7.63159 7.39835 8.39382 7.29505 6.73176 8.21567 9.30858 7.96996 7.08262 7.88086
DCC: diagInvR_f: -2.42861e-15
    0.103082
     1.30208
      4.2806
        6.25
      4.2806
     1.30208
    0.103082
-2.42861e-15
    0.103082
     1.30208
      4.2806
        6.25
      4.2806
     1.30208
    0.103082
-2.42861e-15
    0.103082
     1.30208
      4.2806
        6.25
      4.2806
     1.30208
    0.103082
DCC: HXb_f: 7.90633 8.98587 8.12127 6.88835 7.15572  8.0638 8.45576 8.21614 7.90633 8.98587 8.12127 6.88835 7.15572  8.0638 8.45576 8.21614 7.90633 8.98587 8.12127 6.88835 7.15572  8.0638 8.45576 8.21614
7.44104 6.58235 6.09685 6.39346 8.17148 10.2576 9.12021 4.71892 7.44104 6.58235 6.09685 6.39346 8.17148 10.2576 9.12021 4.71892 7.44104 6.58235 6.09685 6.39346 8.17148 10.2576 9.12021 4.71892
6.86301 5.36881 7.16989 9.56833 9.07418 7.30707 7.59025 8.80018 6.86301 5.36881 7.16989 9.56833 9.07418 7.30707 7.59025 8.80018 6.86301 5.36881 7.16989 9.56833 9.07418 7.30707 7.59025 8.80018
7.91107 6.94983 7.31265 9.88957 11.6734 7.81361 4.14639 5.22217 7.91107 6.94983 7.31265 9.88957 11.6734 7.81361 4.14639 5.22217 7.91107 6.94983 7.31265 9.88957 11.6734 7.81361 4.14639 5.22217
5.98182 6.72001 8.11726 8.43395 7.18681 7.06282 8.55072 8.93261 5.98182 6.72001 8.11726 8.43395 7.18681 7.06282 8.55072 8.93261 5.98182 6.72001 8.11726 8.43395 7.18681 7.06282 8.55072 8.93261
DCC: ComputeWeights in the PERTURBED LETKF COMPLETED
DCC: Using applyWeights in the PERTURBED LETKF
DCC: ApplyWeights in the PERTURBED LETKF COMPLETED
DCC: Using measurementUpdate in the PERTURBED LETKF
DCC: iens: 0
DCC: iens: 1
DCC: iens: 2
DCC: iens: 3
DCC: iens: 4
DCC: Obs found in this local volume. Do normal LETKF update
DCC: Using computeWeights in the PERTURBED LETKF
DCC: Yb_f:   0.757687   -1.34638   -1.49659 -0.0371728    0.88309    1.03813   0.620496  -0.199577   0.757687   -1.34638   -1.49659 -0.0371728    0.88309    1.03813   0.620496  -0.199577   0.757687   -1.34638   -1.49659 -0.0371728    0.88309    1.03813   0.620496  -0.199577
  -1.26673   -1.84127  -0.480836    2.15659    1.54754   -2.45908   -2.95156  -0.215644   -1.26673   -1.84127  -0.480836    2.15659    1.54754   -2.45908   -2.95156  -0.215644   -1.26673   -1.84127  -0.480836    2.15659    1.54754   -2.45908   -2.95156  -0.215644
 -0.193694     1.3336   0.421868  -0.793902  0.0175848    1.62218    1.62929  -0.380748  -0.193694     1.3336   0.421868  -0.793902  0.0175848    1.62218    1.62929  -0.380748  -0.193694     1.3336   0.421868  -0.793902  0.0175848    1.62218    1.62929  -0.380748
-0.0509377    1.65484    3.02107   -0.28736   -3.42628   -1.95583  0.0330139   0.691349 -0.0509377    1.65484    3.02107   -0.28736   -3.42628   -1.95583  0.0330139   0.691349 -0.0509377    1.65484    3.02107   -0.28736   -3.42628   -1.95583  0.0330139   0.691349
  0.753679   0.199213   -1.46551   -1.03816   0.978058     1.7546   0.668758   0.104619   0.753679   0.199213   -1.46551   -1.03816   0.978058     1.7546   0.668758   0.104619   0.753679   0.199213   -1.46551   -1.03816   0.978058     1.7546   0.668758   0.104619
DCC: YobsPert_f: 6.20813 7.68386 9.49723 8.08411  7.3855 8.09927 8.40533 8.29122 6.69229 7.78008 9.57359 7.79276 6.92107 7.20681 7.85257 7.93497 7.04155 8.51935 9.44862 8.10937  7.2848 7.92457  8.6741 7.94913
7.18043 7.67151 9.39008 8.42608  7.6937 8.25178 8.26202 8.20813 6.84907  7.8653 9.76273 8.73405 7.21203  7.3912 8.46429 8.33925 6.03312  8.4475 9.04125 7.79377 6.59935 7.44308 8.34526 8.37468
6.77596 7.17381 8.35983 8.54251 7.37793 7.33679 7.96182 8.19093 6.50327 8.62144 10.0429 8.08692 7.21804 8.26786  8.2096 8.25407  6.2818 7.78963 9.58676  8.8492 7.35838 7.81897 8.22539 7.43454
6.18716  7.7958  8.5646 8.74029 7.39017 7.77387 8.68009 7.51864 6.71978 7.46853 8.85308 9.42242 7.17822 8.36163 8.97426 8.11466 6.63416 7.34139 9.79955 8.58326  7.0413 7.59271 8.73631 8.32601
6.66207 8.30873 9.76831  8.3191 7.04095 7.20404 7.85744 8.37143 6.03034 7.66814 8.15835 7.76635 7.63159 7.39835 8.04463 8.02511 6.73176 8.21567 9.30858 7.96996 7.08262 7.88086   8.019 8.65353
DCC: diagInvR_f:     0.103082
     1.30208
      4.2806
        6.25
      4.2806
     1.30208
    0.103082
-2.42861e-15
    0.103082
     1.30208
      4.2806
        6.25
      4.2806
     1.30208
    0.103082
-2.42861e-15
    0.103082
     1.30208
      4.2806
        6.25
      4.2806
     1.30208
    0.103082
-2.42861e-15
DCC: HXb_f: 8.12127 6.88835 7.15572  8.0638 8.45576 8.21614 7.34712 6.54087 8.12127 6.88835 7.15572  8.0638 8.45576 8.21614 7.34712 6.54087 8.12127 6.88835 7.15572  8.0638 8.45576 8.21614 7.34712 6.54087
6.09685 6.39346 8.17148 10.2576 9.12021 4.71892 3.77507 6.52481 6.09685 6.39346 8.17148 10.2576 9.12021 4.71892 3.77507 6.52481 6.09685 6.39346 8.17148 10.2576 9.12021 4.71892 3.77507 6.52481
7.16989 9.56833 9.07418 7.30707 7.59025 8.80018 8.35592  6.3597 7.16989 9.56833 9.07418 7.30707 7.59025 8.80018 8.35592  6.3597 7.16989 9.56833 9.07418 7.30707 7.59025 8.80018 8.35592  6.3597
7.31265 9.88957 11.6734 7.81361 4.14639 5.22217 6.75964  7.4318 7.31265 9.88957 11.6734 7.81361 4.14639 5.22217 6.75964  7.4318 7.31265 9.88957 11.6734 7.81361 4.14639 5.22217 6.75964  7.4318
8.11726 8.43395 7.18681 7.06282 8.55072 8.93261 7.39538 6.84507 8.11726 8.43395 7.18681 7.06282 8.55072 8.93261 7.39538 6.84507 8.11726 8.43395 7.18681 7.06282 8.55072 8.93261 7.39538 6.84507
DCC: ComputeWeights in the PERTURBED LETKF COMPLETED
DCC: Using applyWeights in the PERTURBED LETKF
DCC: ApplyWeights in the PERTURBED LETKF COMPLETED
DCC: Using measurementUpdate in the PERTURBED LETKF
DCC: iens: 0
DCC: iens: 1
DCC: iens: 2
DCC: iens: 3
DCC: iens: 4
DCC: Obs found in this local volume. Do normal LETKF update
DCC: Using computeWeights in the PERTURBED LETKF
DCC: Yb_f:   0.757687   -1.34638   -1.49659 -0.0371728    0.88309    1.03813   0.620496  -0.199577   0.757687   -1.34638   -1.49659 -0.0371728    0.88309    1.03813   0.620496  -0.199577   0.757687   -1.34638   -1.49659 -0.0371728    0.88309    1.03813   0.620496  -0.199577
  -1.26673   -1.84127  -0.480836    2.15659    1.54754   -2.45908   -2.95156  -0.215644   -1.26673   -1.84127  -0.480836    2.15659    1.54754   -2.45908   -2.95156  -0.215644   -1.26673   -1.84127  -0.480836    2.15659    1.54754   -2.45908   -2.95156  -0.215644
 -0.193694     1.3336   0.421868  -0.793902  0.0175848    1.62218    1.62929  -0.380748  -0.193694     1.3336   0.421868  -0.793902  0.0175848    1.62218    1.62929  -0.380748  -0.193694     1.3336   0.421868  -0.793902  0.0175848    1.62218    1.62929  -0.380748
-0.0509377    1.65484    3.02107   -0.28736   -3.42628   -1.95583  0.0330139   0.691349 -0.0509377    1.65484    3.02107   -0.28736   -3.42628   -1.95583  0.0330139   0.691349 -0.0509377    1.65484    3.02107   -0.28736   -3.42628   -1.95583  0.0330139   0.691349
  0.753679   0.199213   -1.46551   -1.03816   0.978058     1.7546   0.668758   0.104619   0.753679   0.199213   -1.46551   -1.03816   0.978058     1.7546   0.668758   0.104619   0.753679   0.199213   -1.46551   -1.03816   0.978058     1.7546   0.668758   0.104619
DCC: YobsPert_f: 6.20813 7.68386 9.49723 8.08411  7.3855 8.09927 8.40533 8.29122 6.69229 7.78008 9.57359 7.79276 6.92107 7.20681 7.85257 7.93497 7.04155 8.51935 9.44862 8.10937  7.2848 7.92457  8.6741 7.94913
7.18043 7.67151 9.39008 8.42608  7.6937 8.25178 8.26202 8.20813 6.84907  7.8653 9.76273 8.73405 7.21203  7.3912 8.46429 8.33925 6.03312  8.4475 9.04125 7.79377 6.59935 7.44308 8.34526 8.37468
6.77596 7.17381 8.35983 8.54251 7.37793 7.33679 7.96182 8.19093 6.50327 8.62144 10.0429 8.08692 7.21804 8.26786  8.2096 8.25407  6.2818 7.78963 9.58676  8.8492 7.35838 7.81897 8.22539 7.43454
6.18716  7.7958  8.5646 8.74029 7.39017 7.77387 8.68009 7.51864 6.71978 7.46853 8.85308 9.42242 7.17822 8.36163 8.97426 8.11466 6.63416 7.34139 9.79955 8.58326  7.0413 7.59271 8.73631 8.32601
6.66207 8.30873 9.76831  8.3191 7.04095 7.20404 7.85744 8.37143 6.03034 7.66814 8.15835 7.76635 7.63159 7.39835 8.04463 8.02511 6.73176 8.21567 9.30858 7.96996 7.08262 7.88086   8.019 8.65353
DCC: diagInvR_f: -2.42861e-15
    0.103082
     1.30208
      4.2806
        6.25
      4.2806
     1.30208
    0.103082
-2.42861e-15
    0.103082
     1.30208
      4.2806
        6.25
      4.2806
     1.30208
    0.103082
-2.42861e-15
    0.103082
     1.30208
      4.2806
        6.25
      4.2806
     1.30208
    0.103082
DCC: HXb_f: 8.12127 6.88835 7.15572  8.0638 8.45576 8.21614 7.34712 6.54087 8.12127 6.88835 7.15572  8.0638 8.45576 8.21614 7.34712 6.54087 8.12127 6.88835 7.15572  8.0638 8.45576 8.21614 7.34712 6.54087
6.09685 6.39346 8.17148 10.2576 9.12021 4.71892 3.77507 6.52481 6.09685 6.39346 8.17148 10.2576 9.12021 4.71892 3.77507 6.52481 6.09685 6.39346 8.17148 10.2576 9.12021 4.71892 3.77507 6.52481
7.16989 9.56833 9.07418 7.30707 7.59025 8.80018 8.35592  6.3597 7.16989 9.56833 9.07418 7.30707 7.59025 8.80018 8.35592  6.3597 7.16989 9.56833 9.07418 7.30707 7.59025 8.80018 8.35592  6.3597
7.31265 9.88957 11.6734 7.81361 4.14639 5.22217 6.75964  7.4318 7.31265 9.88957 11.6734 7.81361 4.14639 5.22217 6.75964  7.4318 7.31265 9.88957 11.6734 7.81361 4.14639 5.22217 6.75964  7.4318
8.11726 8.43395 7.18681 7.06282 8.55072 8.93261 7.39538 6.84507 8.11726 8.43395 7.18681 7.06282 8.55072 8.93261 7.39538 6.84507 8.11726 8.43395 7.18681 7.06282 8.55072 8.93261 7.39538 6.84507
DCC: ComputeWeights in the PERTURBED LETKF COMPLETED
DCC: Using applyWeights in the PERTURBED LETKF
DCC: ApplyWeights in the PERTURBED LETKF COMPLETED
DCC: Using measurementUpdate in the PERTURBED LETKF
DCC: iens: 0
DCC: iens: 1
DCC: iens: 2
DCC: iens: 3
DCC: iens: 4
DCC: Obs found in this local volume. Do normal LETKF update
DCC: Using computeWeights in the PERTURBED LETKF
DCC: Yb_f:   -1.34638   -1.49659 -0.0371728    0.88309    1.03813   0.620496  -0.199577  -0.234784    1.18445   -1.34638   -1.49659 -0.0371728    0.88309    1.03813   0.620496  -0.199577  -0.234784    1.18445   -1.34638   -1.49659 -0.0371728    0.88309    1.03813   0.620496  -0.199577  -0.234784    1.18445
  -1.84127  -0.480836    2.15659    1.54754   -2.45908   -2.95156  -0.215644    2.20521    1.82829   -1.84127  -0.480836    2.15659    1.54754   -2.45908   -2.95156  -0.215644    2.20521    1.82829   -1.84127  -0.480836    2.15659    1.54754   -2.45908   -2.95156  -0.215644    2.20521    1.82829
    1.3336   0.421868  -0.793902  0.0175848    1.62218    1.62929  -0.380748   -1.93413   -1.51409     1.3336   0.421868  -0.793902  0.0175848    1.62218    1.62929  -0.380748   -1.93413   -1.51409     1.3336   0.421868  -0.793902  0.0175848    1.62218    1.62929  -0.380748   -1.93413   -1.51409
   1.65484    3.02107   -0.28736   -3.42628   -1.95583  0.0330139   0.691349  -0.269171   -1.36639    1.65484    3.02107   -0.28736   -3.42628   -1.95583  0.0330139   0.691349  -0.269171   -1.36639    1.65484    3.02107   -0.28736   -3.42628   -1.95583  0.0330139   0.691349  -0.269171   -1.36639
  0.199213   -1.46551   -1.03816   0.978058     1.7546   0.668758   0.104619   0.232868  -0.132255   0.199213   -1.46551   -1.03816   0.978058     1.7546   0.668758   0.104619   0.232868  -0.132255   0.199213   -1.46551   -1.03816   0.978058     1.7546   0.668758   0.104619   0.232868  -0.132255
DCC: YobsPert_f: 7.68386 9.49723 8.08411  7.3855 8.09927 8.40533 8.29122 7.86497 7.67031 7.78008 9.57359 7.79276 6.92107 7.20681 7.85257 7.93497 7.73503 8.01714 8.51935 9.44862 8.10937  7.2848 7.92457  8.6741 7.94913 8.04691  8.3639
7.67151 9.39008 8.42608  7.6937 8.25178 8.26202 8.20813 8.52752 8.79921  7.8653 9.76273 8.73405 7.21203  7.3912 8.46429 8.33925 7.58211 8.13963  8.4475 9.04125 7.79377 6.59935 7.44308 8.34526 8.37468 7.85735  8.3735
7.17381 8.35983 8.54251 7.37793 7.33679 7.96182 8.19093 7.54993 7.50705 8.62144 10.0429 8.08692 7.21804 8.26786  8.2096 8.25407 8.00513 8.34623 7.78963 9.58676  8.8492 7.35838 7.81897 8.22539 7.43454 8.11969  8.0225
 7.7958  8.5646 8.74029 7.39017 7.77387 8.68009 7.51864 7.87745 7.64819 7.46853 8.85308 9.42242 7.17822 8.36163 8.97426 8.11466 8.06788 7.46227 7.34139 9.79955 8.58326  7.0413 7.59271 8.73631 8.32601 7.85416 8.12126
8.30873 9.76831  8.3191 7.04095 7.20404 7.85744 8.37143 7.81787 8.18764 7.66814 8.15835 7.76635 7.63159 7.39835 8.04463 8.02511 8.09446 7.79918 8.21567 9.30858 7.96996 7.08262 7.88086   8.019 8.65353 7.40789 6.83393
DCC: diagInvR_f: -2.42861e-15
    0.103082
     1.30208
      4.2806
        6.25
      4.2806
     1.30208
    0.103082
-2.42861e-15
-2.42861e-15
    0.103082
     1.30208
      4.2806
        6.25
      4.2806
     1.30208
    0.103082
-2.42861e-15
-2.42861e-15
    0.103082
     1.30208
      4.2806
        6.25
      4.2806
     1.30208
    0.103082
-2.42861e-15
DCC: HXb_f: 6.88835 7.15572  8.0638 8.45576 8.21614 7.34712 6.54087 7.59937 10.5406 6.88835 7.15572  8.0638 8.45576 8.21614 7.34712 6.54087 7.59937 10.5406 6.88835 7.15572  8.0638 8.45576 8.21614 7.34712 6.54087 7.59937 10.5406
6.39346 8.17148 10.2576 9.12021 4.71892 3.77507 6.52481 10.0394 11.1844 6.39346 8.17148 10.2576 9.12021 4.71892 3.77507 6.52481 10.0394 11.1844 6.39346 8.17148 10.2576 9.12021 4.71892 3.77507 6.52481 10.0394 11.1844
9.56833 9.07418 7.30707 7.59025 8.80018 8.35592  6.3597 5.90002 7.84201 9.56833 9.07418 7.30707 7.59025 8.80018 8.35592  6.3597 5.90002 7.84201 9.56833 9.07418 7.30707 7.59025 8.80018 8.35592  6.3597 5.90002 7.84201
9.88957 11.6734 7.81361 4.14639 5.22217 6.75964  7.4318 7.56498 7.98972 9.88957 11.6734 7.81361 4.14639 5.22217 6.75964  7.4318 7.56498 7.98972 9.88957 11.6734 7.81361 4.14639 5.22217 6.75964  7.4318 7.56498 7.98972
8.43395 7.18681 7.06282 8.55072 8.93261 7.39538 6.84507 8.06702 9.22385 8.43395 7.18681 7.06282 8.55072 8.93261 7.39538 6.84507 8.06702 9.22385 8.43395 7.18681 7.06282 8.55072 8.93261 7.39538 6.84507 8.06702 9.22385
DCC: ComputeWeights in the PERTURBED LETKF COMPLETED
DCC: Using applyWeights in the PERTURBED LETKF
DCC: ApplyWeights in the PERTURBED LETKF COMPLETED
DCC: Using measurementUpdate in the PERTURBED LETKF
DCC: iens: 0
DCC: iens: 1
DCC: iens: 2
DCC: iens: 3
DCC: iens: 4
DCC: Obs found in this local volume. Do normal LETKF update
DCC: Using computeWeights in the PERTURBED LETKF
DCC: Yb_f: -0.0371728    0.88309    1.03813   0.620496  -0.199577  -0.234784    1.18445    1.69533 -0.0371728    0.88309    1.03813   0.620496  -0.199577  -0.234784    1.18445    1.69533 -0.0371728    0.88309    1.03813   0.620496  -0.199577  -0.234784    1.18445    1.69533
   2.15659    1.54754   -2.45908   -2.95156  -0.215644    2.20521    1.82829  -0.768484    2.15659    1.54754   -2.45908   -2.95156  -0.215644    2.20521    1.82829  -0.768484    2.15659    1.54754   -2.45908   -2.95156  -0.215644    2.20521    1.82829  -0.768484
 -0.793902  0.0175848    1.62218    1.62929  -0.380748   -1.93413   -1.51409    1.34194  -0.793902  0.0175848    1.62218    1.62929  -0.380748   -1.93413   -1.51409    1.34194  -0.793902  0.0175848    1.62218    1.62929  -0.380748   -1.93413   -1.51409    1.34194
  -0.28736   -3.42628   -1.95583  0.0330139   0.691349  -0.269171   -1.36639  -0.701191   -0.28736   -3.42628   -1.95583  0.0330139   0.691349  -0.269171   -1.36639  -0.701191   -0.28736   -3.42628   -1.95583  0.0330139   0.691349  -0.269171   -1.36639  -0.701191
  -1.03816   0.978058     1.7546   0.668758   0.104619   0.232868  -0.132255    -1.5676   -1.03816   0.978058     1.7546   0.668758   0.104619   0.232868  -0.132255    -1.5676   -1.03816   0.978058     1.7546   0.668758   0.104619   0.232868  -0.132255    -1.5676
DCC: YobsPert_f: 8.08411  7.3855 8.09927 8.40533 8.29122 7.86497 7.67031 8.17449 7.79276 6.92107 7.20681 7.85257 7.93497 7.73503 8.01714 7.50494 8.10937  7.2848 7.92457  8.6741 7.94913 8.04691  8.3639 8.26273
8.42608  7.6937 8.25178 8.26202 8.20813 8.52752 8.79921 8.10377 8.73405 7.21203  7.3912 8.46429 8.33925 7.58211 8.13963 8.39347 7.79377 6.59935 7.44308 8.34526 8.37468 7.85735  8.3735 8.34707
8.54251 7.37793 7.33679 7.96182 8.19093 7.54993 7.50705 7.90588 8.08692 7.21804 8.26786  8.2096 8.25407 8.00513 8.34623 8.06384  8.8492 7.35838 7.81897 8.22539 7.43454 8.11969  8.0225 7.85028
8.74029 7.39017 7.77387 8.68009 7.51864 7.87745 7.64819 7.75129 9.42242 7.17822 8.36163 8.97426 8.11466 8.06788 7.46227  7.8202 8.58326  7.0413 7.59271 8.73631 8.32601 7.85416 8.12126 8.19964
 8.3191 7.04095 7.20404 7.85744 8.37143 7.81787 8.18764 8.15602 7.76635 7.63159 7.39835 8.04463 8.02511 8.09446 7.79918  8.3567 7.96996 7.08262 7.88086   8.019 8.65353 7.40789 6.83393 7.54569
DCC: diagInvR_f:     0.103082
     1.30208
      4.2806
        6.25
      4.2806
     1.30208
    0.103082
-2.42861e-15
    0.103082
     1.30208
      4.2806
        6.25
      4.2806
     1.30208
    0.103082
-2.42861e-15
    0.103082
     1.30208
      4.2806
        6.25
      4.2806
     1.30208
    0.103082
-2.42861e-15
DCC: HXb_f:  8.0638 8.45576 8.21614 7.34712 6.54087 7.59937 10.5406 11.1974  8.0638 8.45576 8.21614 7.34712 6.54087 7.59937 10.5406 11.1974  8.0638 8.45576 8.21614 7.34712 6.54087 7.59937 10.5406 11.1974
10.2576 9.12021 4.71892 3.77507 6.52481 10.0394 11.1844 8.73359 10.2576 9.12021 4.71892 3.77507 6.52481 10.0394 11.1844 8.73359 10.2576 9.12021 4.71892 3.77507 6.52481 10.0394 11.1844 8.73359
7.30707 7.59025 8.80018 8.35592  6.3597 5.90002 7.84201  10.844 7.30707 7.59025 8.80018 8.35592  6.3597 5.90002 7.84201  10.844 7.30707 7.59025 8.80018 8.35592  6.3597 5.90002 7.84201  10.844
7.81361 4.14639 5.22217 6.75964  7.4318 7.56498 7.98972 8.80088 7.81361 4.14639 5.22217 6.75964  7.4318 7.56498 7.98972 8.80088 7.81361 4.14639 5.22217 6.75964  7.4318 7.56498 7.98972 8.80088
7.06282 8.55072 8.93261 7.39538 6.84507 8.06702 9.22385 7.93448 7.06282 8.55072 8.93261 7.39538 6.84507 8.06702 9.22385 7.93448 7.06282 8.55072 8.93261 7.39538 6.84507 8.06702 9.22385 7.93448
DCC: ComputeWeights in the PERTURBED LETKF COMPLETED
DCC: Using applyWeights in the PERTURBED LETKF
DCC: ApplyWeights in the PERTURBED LETKF COMPLETED
DCC: Using measurementUpdate in the PERTURBED LETKF
DCC: iens: 0
DCC: iens: 1
DCC: iens: 2
DCC: iens: 3
DCC: iens: 4
DCC: Obs found in this local volume. Do normal LETKF update
DCC: Using computeWeights in the PERTURBED LETKF
DCC: Yb_f: -0.0371728    0.88309    1.03813   0.620496  -0.199577  -0.234784    1.18445    1.69533 -0.0371728    0.88309    1.03813   0.620496  -0.199577  -0.234784    1.18445    1.69533 -0.0371728    0.88309    1.03813   0.620496  -0.199577  -0.234784    1.18445    1.69533
   2.15659    1.54754   -2.45908   -2.95156  -0.215644    2.20521    1.82829  -0.768484    2.15659    1.54754   -2.45908   -2.95156  -0.215644    2.20521    1.82829  -0.768484    2.15659    1.54754   -2.45908   -2.95156  -0.215644    2.20521    1.82829  -0.768484
 -0.793902  0.0175848    1.62218    1.62929  -0.380748   -1.93413   -1.51409    1.34194  -0.793902  0.0175848    1.62218    1.62929  -0.380748   -1.93413   -1.51409    1.34194  -0.793902  0.0175848    1.62218    1.62929  -0.380748   -1.93413   -1.51409    1.34194
  -0.28736   -3.42628   -1.95583  0.0330139   0.691349  -0.269171   -1.36639  -0.701191   -0.28736   -3.42628   -1.95583  0.0330139   0.691349  -0.269171   -1.36639  -0.701191   -0.28736   -3.42628   -1.95583  0.0330139   0.691349  -0.269171   -1.36639  -0.701191
  -1.03816   0.978058     1.7546   0.668758   0.104619   0.232868  -0.132255    -1.5676   -1.03816   0.978058     1.7546   0.668758   0.104619   0.232868  -0.132255    -1.5676   -1.03816   0.978058     1.7546   0.668758   0.104619   0.232868  -0.132255    -1.5676
DCC: YobsPert_f: 8.08411  7.3855 8.09927 8.40533 8.29122 7.86497 7.67031 8.17449 7.79276 6.92107 7.20681 7.85257 7.93497 7.73503 8.01714 7.50494 8.10937  7.2848 7.92457  8.6741 7.94913 8.04691  8.3639 8.26273
8.42608  7.6937 8.25178 8.26202 8.20813 8.52752 8.79921 8.10377 8.73405 7.21203  7.3912 8.46429 8.33925 7.58211 8.13963 8.39347 7.79377 6.59935 7.44308 8.34526 8.37468 7.85735  8.3735 8.34707
8.54251 7.37793 7.33679 7.96182 8.19093 7.54993 7.50705 7.90588 8.08692 7.21804 8.26786  8.2096 8.25407 8.00513 8.34623 8.06384  8.8492 7.35838 7.81897 8.22539 7.43454 8.11969  8.0225 7.85028
8.74029 7.39017 7.77387 8.68009 7.51864 7.87745 7.64819 7.75129 9.42242 7.17822 8.36163 8.97426 8.11466 8.06788 7.46227  7.8202 8.58326  7.0413 7.59271 8.73631 8.32601 7.85416 8.12126 8.19964
 8.3191 7.04095 7.20404 7.85744 8.37143 7.81787 8.18764 8.15602 7.76635 7.63159 7.39835 8.04463 8.02511 8.09446 7.79918  8.3567 7.96996 7.08262 7.88086   8.019 8.65353 7.40789 6.83393 7.54569
DCC: diagInvR_f: -2.42861e-15
    0.103082
     1.30208
      4.2806
        6.25
      4.2806
     1.30208
    0.103082
-2.42861e-15
    0.103082
     1.30208
      4.2806
        6.25
      4.2806
     1.30208
    0.103082
-2.42861e-15
    0.103082
     1.30208
      4.2806
        6.25
      4.2806
     1.30208
    0.103082
DCC: HXb_f:  8.0638 8.45576 8.21614 7.34712 6.54087 7.59937 10.5406 11.1974  8.0638 8.45576 8.21614 7.34712 6.54087 7.59937 10.5406 11.1974  8.0638 8.45576 8.21614 7.34712 6.54087 7.59937 10.5406 11.1974
10.2576 9.12021 4.71892 3.77507 6.52481 10.0394 11.1844 8.73359 10.2576 9.12021 4.71892 3.77507 6.52481 10.0394 11.1844 8.73359 10.2576 9.12021 4.71892 3.77507 6.52481 10.0394 11.1844 8.73359
7.30707 7.59025 8.80018 8.35592  6.3597 5.90002 7.84201  10.844 7.30707 7.59025 8.80018 8.35592  6.3597 5.90002 7.84201  10.844 7.30707 7.59025 8.80018 8.35592  6.3597 5.90002 7.84201  10.844
7.81361 4.14639 5.22217 6.75964  7.4318 7.56498 7.98972 8.80088 7.81361 4.14639 5.22217 6.75964  7.4318 7.56498 7.98972 8.80088 7.81361 4.14639 5.22217 6.75964  7.4318 7.56498 7.98972 8.80088
7.06282 8.55072 8.93261 7.39538 6.84507 8.06702 9.22385 7.93448 7.06282 8.55072 8.93261 7.39538 6.84507 8.06702 9.22385 7.93448 7.06282 8.55072 8.93261 7.39538 6.84507 8.06702 9.22385 7.93448
DCC: ComputeWeights in the PERTURBED LETKF COMPLETED
DCC: Using applyWeights in the PERTURBED LETKF
DCC: ApplyWeights in the PERTURBED LETKF COMPLETED
DCC: Using measurementUpdate in the PERTURBED LETKF
DCC: iens: 0
DCC: iens: 1
DCC: iens: 2
DCC: iens: 3
DCC: iens: 4
DCC: Obs found in this local volume. Do normal LETKF update
DCC: Using computeWeights in the PERTURBED LETKF
DCC: Yb_f:   1.03813  0.620496 -0.199577 -0.234784   1.18445   1.69533  -1.12864   1.03813  0.620496 -0.199577 -0.234784   1.18445   1.69533  -1.12864   1.03813  0.620496 -0.199577 -0.234784   1.18445   1.69533  -1.12864
[...]
OOPS_STATS lorenz95::ModelBias             :       12       1        
OOPS_STATS lorenz95::ObsBias               :       12       1        
OOPS_STATS lorenz95::ObsData1D             :       28       4        
OOPS_STATS lorenz95::ObsTable              :        1       1        
OOPS_STATS lorenz95::ObsVec1D              :      215      52        
OOPS_STATS lorenz95::ObservationL95        :       12       1        
OOPS_STATS lorenz95::StateL95              :       38       9        
OOPS_STATS oops::GeoVaLs                   :       12       1        
OOPS_STATS oops::Geometry                  :        1       1        
OOPS_STATS oops::GeometryIterator          :       42       2        
OOPS_STATS oops::GetValues                 :       12       1        
OOPS_STATS oops::Increment                 :       30      13                0.00        0.00
OOPS_STATS oops::LocalInterpolator         :       12       1        
OOPS_STATS oops::Model                     :       12       1        
OOPS_STATS oops::ModelAuxControl           :       12       1        
OOPS_STATS oops::ModelAuxIncrement         :       12       1                0.00        0.00
OOPS_STATS oops::ObsAuxControl             :       12       1        
OOPS_STATS oops::ObsAuxIncrement           :       12       1                0.00        0.00
OOPS_STATS oops::ObsAuxIncrements          :       12       1                0.00        0.00
OOPS_STATS oops::ObsDataVector             :       28       4        
OOPS_STATS oops::ObsDiagnostics            :       12       1        
OOPS_STATS oops::ObsError                  :       12       3        
OOPS_STATS oops::ObsOperator               :       12       1        
OOPS_STATS oops::ObsSpace                  :        1       1        
OOPS_STATS oops::ObsSpaces                 :        1       1        
OOPS_STATS oops::ObsVector                 :      227      52                0.00        0.05
OOPS_STATS oops::SampledLocations          :       36       3        
OOPS_STATS oops::State                     :       38       9                0.00        0.00
OOPS_STATS oops::VariableChange            :       12       1        
OOPS_STATS ----------------------------- Object counts --------------------------------------
OOPS_STATS  
OOPS_STATS --------------------------------------------------------------------------------------------
OOPS_STATS ------------------------------------ Timing Statistics -------------------------------------
OOPS_STATS --------------------------------------------------------------------------------------------
OOPS_STATS Name                                                :   total (ms)   count    time/call (ms)
OOPS_STATS oops::GeoVaLs::GeoVaLs                              :         0.15      12            0.0123
OOPS_STATS oops::GeoVaLs::fill                                 :         0.04      12            0.0030
OOPS_STATS oops::GeoVaLs::~GeoVaLs                             :         0.02      12            0.0018
OOPS_STATS oops::Geometry::Geometry                            :         0.13       1            0.1309
OOPS_STATS oops::Geometry::begin                               :         0.14       1            0.1385
OOPS_STATS oops::Geometry::end                                 :         0.06      41            0.0013
OOPS_STATS oops::Geometry::variableSizes                       :         0.04      36            0.0012
OOPS_STATS oops::Geometry::~Geometry                           :         0.10       1            0.1005
OOPS_STATS oops::GeometryIterator::GeometryIterator            :         0.05      42            0.0011
OOPS_STATS oops::GeometryIterator::operator!=                  :         0.01      41            0.0003
OOPS_STATS oops::GeometryIterator::operator++                  :         0.01      40            0.0003
OOPS_STATS oops::GeometryIterator::~GeometryIterator           :         0.03      42            0.0007
OOPS_STATS oops::GetValues::GetValues                          :         0.77      12            0.0645
OOPS_STATS oops::GetValues::fillGeoVaLs                        :         0.43      12            0.0356
OOPS_STATS oops::GetValues::finalize                           :         0.91      12            0.0759
OOPS_STATS oops::GetValues::process                            :         0.43      12            0.0362
OOPS_STATS oops::Increment::Increment                          :         0.13      30            0.0045
OOPS_STATS oops::Increment::diff                               :         0.09       6            0.0147
OOPS_STATS oops::Increment::getLocal                           :         0.28     320            0.0009
OOPS_STATS oops::Increment::operator*=                         :         0.03       4            0.0072
OOPS_STATS oops::Increment::operator+=                         :         0.05      20            0.0023
OOPS_STATS oops::Increment::operator+=(State, Increment)       :         0.09       5            0.0182
OOPS_STATS oops::Increment::operator-=                         :         0.07      15            0.0045
OOPS_STATS oops::Increment::print                              :         0.10       3            0.0326
OOPS_STATS oops::Increment::schur_product_with                 :         0.07      10            0.0073
OOPS_STATS oops::Increment::setLocal                           :         0.04     200            0.0002
OOPS_STATS oops::Increment::~Increment                         :         0.09      30            0.0029
OOPS_STATS oops::LETKFSolverPert::applyWeights                 :         1.01      40            0.0253
OOPS_STATS oops::LETKFSolverPert::computeHofX                  :        18.37       2            9.1852
OOPS_STATS oops::LETKFSolverPert::computeWeights               :        28.60      40            0.7151
OOPS_STATS oops::LETKFSolverPert::measurementUpdate            :        32.50      40            0.8125
OOPS_STATS oops::LocalEnsembleSolver::computeHofX              :        17.02       2            8.5078
OOPS_STATS oops::LocalEnsembleSolver::computeHofXNonLinear     :        16.71       2            8.3574
OOPS_STATS oops::LocalInterpolator::LocalInterpolator          :         0.09      12            0.0079
OOPS_STATS oops::LocalInterpolator::apply                      :         0.04      12            0.0032
OOPS_STATS oops::LocalInterpolator::~LocalInterpolator         :         0.02      12            0.0014
OOPS_STATS oops::Model::finalize                               :         0.03      12            0.0023
OOPS_STATS oops::Model::initialize                             :         0.27      12            0.0224
OOPS_STATS oops::Model::~Model                                 :         0.01      12            0.0006
OOPS_STATS oops::ModelAuxControl::ModelAuxControl              :         0.05      12            0.0045
OOPS_STATS oops::ModelAuxControl::~ModelAuxControl             :         0.00      12            0.0002
OOPS_STATS oops::ModelAuxIncrement::ModelAuxIncrement          :         0.06      12            0.0046
OOPS_STATS oops::ModelAuxIncrement::~ModelAuxIncrement         :         0.00      12            0.0002
OOPS_STATS oops::ObsAuxControl::ObsAuxControl                  :         0.07      12            0.0060
OOPS_STATS oops::ObsAuxControl::requiredHdiagnostics           :         0.00      12            0.0002
OOPS_STATS oops::ObsAuxControl::requiredVars                   :         0.00      24            0.0001
OOPS_STATS oops::ObsAuxControl::~ObsAuxControl                 :         0.03      12            0.0026
OOPS_STATS oops::ObsAuxIncrement::ObsAuxIncrement              :         0.05      12            0.0039
OOPS_STATS oops::ObsAuxIncrement::serialSize                   :         0.00      12            0.0001
OOPS_STATS oops::ObsAuxIncrement::~ObsAuxIncrement             :         0.00      12            0.0002
OOPS_STATS oops::ObsDataVector::ObsDataVector                  :         0.10      28            0.0034
OOPS_STATS oops::ObsDataVector::mask                           :         0.01      12            0.0005
OOPS_STATS oops::ObsDataVector::operator=                      :         0.03      12            0.0029
OOPS_STATS oops::ObsDataVector::print                          :         0.04      12            0.0036
OOPS_STATS oops::ObsDataVector::save                           :         0.08       4            0.0207
OOPS_STATS oops::ObsDataVector::~ObsDataVector                 :         0.02      28            0.0007
OOPS_STATS oops::ObsDiagnostics::ObsDiagnostics                :         0.00      12            0.0002
OOPS_STATS oops::ObsDiagnostics::~ObsDiagnostics               :         0.00      12            0.0002
OOPS_STATS oops::ObsError::ObsErrors                           :         0.91      12            0.0757
OOPS_STATS oops::ObsError::inverseVariance                     :         0.00       2            0.0011
OOPS_STATS oops::ObsError::obserrors                           :         0.09      12            0.0072
OOPS_STATS oops::ObsError::randomize                           :         0.50      10            0.0502
OOPS_STATS oops::ObsError::save                                :         0.00       2            0.0018
OOPS_STATS oops::ObsError::update                              :         0.10      12            0.0081
OOPS_STATS oops::ObsError::~ObsError                           :         0.07      12            0.0059
OOPS_STATS oops::ObsOperator::Lorenz 95::ObsOperator           :         0.04      12            0.0035
OOPS_STATS oops::ObsOperator::Lorenz 95::computeReducedVars    :         0.00      12            0.0001
OOPS_STATS oops::ObsOperator::Lorenz 95::locations             :         0.33      12            0.0274
OOPS_STATS oops::ObsOperator::Lorenz 95::requiredVars          :         0.00      12            0.0001
OOPS_STATS oops::ObsOperator::Lorenz 95::simulateObs           :         0.05      12            0.0040
OOPS_STATS oops::ObsOperator::Lorenz 95::~ObsOperator          :         0.03      12            0.0028
OOPS_STATS oops::ObsSpace::ObsSpace                            :        41.25       1           41.2483
OOPS_STATS oops::ObsSpace::obsvariables                        :         0.00      26            0.0000
OOPS_STATS oops::ObsSpace::save                                :         8.48       1            8.4831
OOPS_STATS oops::ObsSpace::~ObsSpace                           :         0.11       1            0.1093
OOPS_STATS oops::ObsVector::ObsVector                          :         0.29     215            0.0014
OOPS_STATS oops::ObsVector::axpy                               :         0.04      10            0.0042
OOPS_STATS oops::ObsVector::dot_product                        :         0.03       2            0.0153
OOPS_STATS oops::ObsVector::invert                             :         0.02      24            0.0009
OOPS_STATS oops::ObsVector::mask(ObsVector)                    :         0.09     274            0.0003
OOPS_STATS oops::ObsVector::ones                               :         0.13      80            0.0016
OOPS_STATS oops::ObsVector::operator*=                         :         0.05      46            0.0012
OOPS_STATS oops::ObsVector::operator+=                         :         0.04      50            0.0009
OOPS_STATS oops::ObsVector::operator-=                         :         0.03      14            0.0021
OOPS_STATS oops::ObsVector::operator=                          :         0.17      96            0.0018
OOPS_STATS oops::ObsVector::packEigen                          :         0.39     720            0.0005
OOPS_STATS oops::ObsVector::packEigenSize                      :         0.26     840            0.0003
OOPS_STATS oops::ObsVector::random                             :         0.40      10            0.0403
OOPS_STATS oops::ObsVector::save                               :         0.13      28            0.0047
OOPS_STATS oops::ObsVector::zero                               :         0.02      14            0.0013
OOPS_STATS oops::ObsVector::~ObsVector                         :         0.03     215            0.0001
OOPS_STATS oops::Parameters::deserialize                       :         3.56      47            0.0758
OOPS_STATS oops::Parameters::serialize                         :         0.60      40            0.0149
OOPS_STATS oops::Parameters::validate                          :        23.11       9            2.5674
OOPS_STATS oops::SampledLocations::SampledLocations            :         0.01      24            0.0003
OOPS_STATS oops::SampledLocations::latitudes                   :         0.00      12            0.0001
OOPS_STATS oops::SampledLocations::longitudes                  :         0.00      12            0.0001
OOPS_STATS oops::SampledLocations::times                       :         0.00      12            0.0001
OOPS_STATS oops::SampledLocations::~SampledLocations           :         0.03      36            0.0009
OOPS_STATS oops::State::State                                  :         3.34      38            0.0880
OOPS_STATS oops::State::accumul                                :         0.05      10            0.0053
OOPS_STATS oops::State::operator=                              :         0.16      17            0.0095
OOPS_STATS oops::State::print                                  :         0.33      31            0.0106
OOPS_STATS oops::State::variables                              :         0.00       1            0.0003
OOPS_STATS oops::State::write                                  :         3.18       7            0.4542
OOPS_STATS oops::State::zero                                   :         0.04       2            0.0223
OOPS_STATS oops::State::~State                                 :         0.08      38            0.0021
OOPS_STATS oops::VariableChange::VariableChange                :         0.00      12            0.0002
OOPS_STATS oops::VariableChange::changeVar                     :         0.00      12            0.0002
OOPS_STATS oops::VariableChange::~VariableChange               :         0.01      12            0.0004
OOPS_STATS util::Timers::Total                                 :       169.46       1          169.4645
OOPS_STATS util::Timers::measured                              :       135.85       1          135.8466
OOPS_STATS ------------------------------------ Timing Statistics -------------------------------------

OOPS_STATS ------------------------------------------------------------------------------------------------------------------
OOPS_STATS ---------------------------------- Parallel Timing Statistics (   1 MPI tasks) -----------------------------------
OOPS_STATS ------------------------------------------------------------------------------------------------------------------
OOPS_STATS Name                                                :     min (ms)    max (ms)    avg (ms)     % total   imbal (%)
OOPS_STATS oops::GetValues::GetValues                          :         0.77        0.77        0.77        0.46        0.00
OOPS_STATS oops::GetValues::fillGeoVaLs                        :         0.43        0.43        0.43        0.25        0.00
OOPS_STATS oops::GetValues::finalize                           :         0.91        0.91        0.91        0.54        0.00
OOPS_STATS oops::GetValues::process                            :         0.43        0.43        0.43        0.26        0.00
OOPS_STATS oops::Increment::getLocal                           :         0.28        0.28        0.28        0.16        0.00
OOPS_STATS oops::LETKFSolverPert::applyWeights                 :         1.01        1.01        1.01        0.60        0.00
OOPS_STATS oops::LETKFSolverPert::computeHofX                  :        18.37       18.37       18.37       10.84        0.00
OOPS_STATS oops::LETKFSolverPert::computeWeights               :        28.60       28.60       28.60       16.88        0.00
OOPS_STATS oops::LETKFSolverPert::measurementUpdate            :        32.50       32.50       32.50       19.18        0.00
OOPS_STATS oops::LocalEnsembleSolver::computeHofX              :        17.02       17.02       17.02       10.04        0.00
OOPS_STATS oops::LocalEnsembleSolver::computeHofXNonLinear     :        16.71       16.71       16.71        9.86        0.00
OOPS_STATS oops::Model::initialize                             :         0.27        0.27        0.27        0.16        0.00
OOPS_STATS oops::ObsError::ObsErrors                           :         0.91        0.91        0.91        0.54        0.00
OOPS_STATS oops::ObsError::randomize                           :         0.50        0.50        0.50        0.30        0.00
OOPS_STATS oops::ObsOperator::Lorenz 95::locations             :         0.33        0.33        0.33        0.19        0.00
OOPS_STATS oops::ObsSpace::ObsSpace                            :        41.25       41.25       41.25       24.34        0.00
OOPS_STATS oops::ObsSpace::save                                :         8.48        8.48        8.48        5.01        0.00
OOPS_STATS oops::ObsVector::ObsVector                          :         0.29        0.29        0.29        0.17        0.00
OOPS_STATS oops::ObsVector::operator=                          :         0.17        0.17        0.17        0.10        0.00
OOPS_STATS oops::ObsVector::packEigen                          :         0.39        0.39        0.39        0.23        0.00
OOPS_STATS oops::ObsVector::packEigenSize                      :         0.26        0.26        0.26        0.15        0.00
OOPS_STATS oops::ObsVector::random                             :         0.40        0.40        0.40        0.24        0.00
OOPS_STATS oops::Parameters::deserialize                       :         3.56        3.56        3.56        2.10        0.00
OOPS_STATS oops::Parameters::serialize                         :         0.60        0.60        0.60        0.35        0.00
OOPS_STATS oops::Parameters::validate                          :        23.11       23.11       23.11       13.63        0.00
OOPS_STATS oops::State::State                                  :         3.34        3.34        3.34        1.97        0.00
OOPS_STATS oops::State::print                                  :         0.33        0.33        0.33        0.19        0.00
OOPS_STATS oops::State::write                                  :         3.18        3.18        3.18        1.88        0.00
OOPS_STATS util::Timers::Total                                 :       169.46      169.46      169.46      100.00        0.00
OOPS_STATS util::Timers::measured                              :       135.85      135.85      135.85       80.16        0.00
OOPS_STATS ---------------------------------- Parallel Timing Statistics (   1 MPI tasks) -----------------------------------

OOPS_STATS Run end                                  - Runtime:      0.20 sec,  Memory: total:    37.57 Mb, per task: min =    37.57 Mb, max =    37.57 Mb
Run: Finishing oops::LocalEnsembleDA<Lorenz 95, Lorenz 95 Obs> with status = 0
terminate called after throwing an instance of 'oops::TestReferenceFloatMismatchError'
  what():  Test reference Float mismatch @ Line:52
Test Val : 2.4136205479070503e+00
Ref  Val : 2.4136180712130129e+00
Delta    : 2.4766940374121305e-06
Relative tolerance: 2.4136193095600316e-06
Absolute tolerance: 0.0000000000000000e+00
Test Line: ' Min=-1.5531563274149347e+00, Max=2.4136205479070503e+00, Average=2.2262873295881355e-01'
Ref Line : ' Min=-1.5531573321040391e+00, Max=2.4136180712130129e+00, Average=2.2262846438279107e-01'
<end of output>
Test time =   0.28 sec
----------------------------------------------------------
Test Failed.
"test_l95_letkf_pert" end time: Dec 12 21:07 UTC
"test_l95_letkf_pert" time elapsed: 00:00:00
----------------------------------------------------------

End testing: Dec 12 21:07 UTC

oops =   0.28 sec*proc

openmp =   0.28 sec*proc

script =   0.28 sec*proc

